Using pre-set license
Built from '2022.3/staging' branch; Version is '2022.3.7f1 (b16b3b16c7a0) revision 11627323'; Using compiler version '192829333'; Build Type 'Release'
OS: 'Windows 10  (10.0.19045) 64bit Core' Language: 'en' Physical Memory: 16197 MB
BatchMode: 1, IsHumanControllingUs: 0, StartBugReporterOnCrash: 0, Is64bit: 1, IsPro: 1

COMMAND LINE ARGUMENTS:
C:\Program Files\Unity 2022.3.7f1\Editor\Unity.exe
-adb2
-batchMode
-noUpm
-name
AssetImportWorker1
-projectPath
C:/Users/Tristan/Desktop/CropQuest
-logFile
Logs/AssetImportWorker1.log
-srvPort
51645
Successfully changed project path to: C:/Users/Tristan/Desktop/CropQuest
C:/Users/Tristan/Desktop/CropQuest
[UnityMemory] Configuration Parameters - Can be set up in boot.config
    "memorysetup-bucket-allocator-granularity=16"
    "memorysetup-bucket-allocator-bucket-count=8"
    "memorysetup-bucket-allocator-block-size=33554432"
    "memorysetup-bucket-allocator-block-count=8"
    "memorysetup-main-allocator-block-size=16777216"
    "memorysetup-thread-allocator-block-size=16777216"
    "memorysetup-gfx-main-allocator-block-size=16777216"
    "memorysetup-gfx-thread-allocator-block-size=16777216"
    "memorysetup-cache-allocator-block-size=4194304"
    "memorysetup-typetree-allocator-block-size=2097152"
    "memorysetup-profiler-bucket-allocator-granularity=16"
    "memorysetup-profiler-bucket-allocator-bucket-count=8"
    "memorysetup-profiler-bucket-allocator-block-size=33554432"
    "memorysetup-profiler-bucket-allocator-block-count=8"
    "memorysetup-profiler-allocator-block-size=16777216"
    "memorysetup-profiler-editor-allocator-block-size=1048576"
    "memorysetup-temp-allocator-size-main=16777216"
    "memorysetup-job-temp-allocator-block-size=2097152"
    "memorysetup-job-temp-allocator-block-size-background=1048576"
    "memorysetup-job-temp-allocator-reduction-small-platforms=262144"
    "memorysetup-allocator-temp-initial-block-size-main=262144"
    "memorysetup-allocator-temp-initial-block-size-worker=262144"
    "memorysetup-temp-allocator-size-background-worker=32768"
    "memorysetup-temp-allocator-size-job-worker=262144"
    "memorysetup-temp-allocator-size-preload-manager=33554432"
    "memorysetup-temp-allocator-size-nav-mesh-worker=65536"
    "memorysetup-temp-allocator-size-audio-worker=65536"
    "memorysetup-temp-allocator-size-cloud-worker=32768"
    "memorysetup-temp-allocator-size-gi-baking-worker=262144"
    "memorysetup-temp-allocator-size-gfx=262144"
Player connection [19588] Host "[IP] 192.168.1.73 [Port] 0 [Flags] 2 [Guid] 283817372 [EditorId] 283817372 [Version] 1048832 [Id] WindowsEditor(7,DESKTOP-DQJ1GM7) [Debug] 1 [PackageName] WindowsEditor [ProjectName] Editor" joined multi-casting on [225.0.0.222:54997]...

Player connection [19588] Host "[IP] 192.168.1.73 [Port] 0 [Flags] 2 [Guid] 283817372 [EditorId] 283817372 [Version] 1048832 [Id] WindowsEditor(7,DESKTOP-DQJ1GM7) [Debug] 1 [PackageName] WindowsEditor [ProjectName] Editor" joined alternative multi-casting on [225.0.0.222:34997]...

Refreshing native plugins compatible for Editor in 11.28 ms, found 4 plugins.
Preloading 0 native plugins for Editor in 0.00 ms.
Initialize engine version: 2022.3.7f1 (b16b3b16c7a0)
[Subsystems] Discovering subsystems at path C:/Program Files/Unity 2022.3.7f1/Editor/Data/Resources/UnitySubsystems
[Subsystems] Discovering subsystems at path C:/Users/Tristan/Desktop/CropQuest/Assets
GfxDevice: creating device client; threaded=0; jobified=0
Direct3D:
    Version:  Direct3D 11.0 [level 11.1]
    Renderer: AMD Radeon RX 6600 (ID=0x73ff)
    Vendor:   ATI
    VRAM:     8147 MB
    Driver:   31.0.14057.5006
Initialize mono
Mono path[0] = 'C:/Program Files/Unity 2022.3.7f1/Editor/Data/Managed'
Mono path[1] = 'C:/Program Files/Unity 2022.3.7f1/Editor/Data/MonoBleedingEdge/lib/mono/unityjit-win32'
Mono config path = 'C:/Program Files/Unity 2022.3.7f1/Editor/Data/MonoBleedingEdge/etc'
Using monoOptions --debugger-agent=transport=dt_socket,embedding=1,server=y,suspend=n,address=127.0.0.1:56460
Begin MonoManager ReloadAssembly
Registering precompiled unity dll's ...
Register platform support module: C:/Program Files/Unity 2022.3.7f1/Editor/Data/PlaybackEngines/WindowsStandaloneSupport/UnityEditor.WindowsStandalone.Extensions.dll
Registered in 0.005890 seconds.
- Loaded All Assemblies, in  0.374 seconds
Native extension for WindowsStandalone target not found
Mono: successfully reloaded assembly
- Finished resetting the current domain, in  0.249 seconds
Domain Reload Profiling: 621ms
	BeginReloadAssembly (103ms)
		ExecutionOrderSort (0ms)
		DisableScriptedObjects (0ms)
		BackupInstance (0ms)
		ReleaseScriptingObjects (0ms)
		CreateAndSetChildDomain (1ms)
	RebuildCommonClasses (36ms)
	RebuildNativeTypeToScriptingClass (12ms)
	initialDomainReloadingComplete (78ms)
	LoadAllAssembliesAndSetupDomain (141ms)
		LoadAssemblies (102ms)
		RebuildTransferFunctionScriptingTraits (0ms)
		AnalyzeDomain (138ms)
			TypeCache.Refresh (136ms)
				TypeCache.ScanAssembly (121ms)
			ScanForSourceGeneratedMonoScriptInfo (0ms)
			ResolveRequiredComponents (1ms)
	FinalizeReload (250ms)
		ReleaseScriptCaches (0ms)
		RebuildScriptCaches (0ms)
		SetupLoadedEditorAssemblies (195ms)
			LogAssemblyErrors (0ms)
			InitializePlatformSupportModulesInManaged (10ms)
			SetLoadedEditorAssemblies (9ms)
			RefreshPlugins (0ms)
			BeforeProcessingInitializeOnLoad (3ms)
			ProcessInitializeOnLoadAttributes (126ms)
			ProcessInitializeOnLoadMethodAttributes (47ms)
			AfterProcessingInitializeOnLoad (0ms)
			EditorAssembliesLoaded (0ms)
		ExecutionOrderSort2 (0ms)
		AwakeInstancesAfterBackupRestoration (0ms)
========================================================================
Worker process is ready to serve import requests
Begin MonoManager ReloadAssembly
Symbol file LoadedFromMemory doesn't match image C:\Users\Tristan\Desktop\CropQuest\Library\PackageCache\com.unity.visualscripting@1.8.0\Editor\VisualScripting.Core\Dependencies\YamlDotNet\Unity.VisualScripting.YamlDotNet.dll
Symbol file LoadedFromMemory doesn't match image C:\Users\Tristan\Desktop\CropQuest\Library\PackageCache\com.unity.visualscripting@1.8.0\Editor\VisualScripting.Core\Dependencies\DotNetZip\Unity.VisualScripting.IonicZip.dll
- Loaded All Assemblies, in  0.486 seconds
Refreshing native plugins compatible for Editor in 4.16 ms, found 4 plugins.
Native extension for WindowsStandalone target not found
Mono: successfully reloaded assembly
Package Manager log level set to [2]
[Package Manager] Server::EnsureServerProcessIsRunning -- launch failed, reason: Unity was launched with the -noUpm command-line argument
[Package Manager] UpmClient::Send -- Unable to send message (not connected to UPM process).
[Package Manager] Cannot connect to Unity Package Manager local server
[Package Manager] Server::EnsureServerProcessIsRunning -- launch failed, reason: Unity was launched with the -noUpm command-line argument
[Package Manager] UpmClient::Send -- Unable to send message (not connected to UPM process).
[Package Manager] Cannot connect to Unity Package Manager local server
- Finished resetting the current domain, in  0.485 seconds
Domain Reload Profiling: 969ms
	BeginReloadAssembly (116ms)
		ExecutionOrderSort (0ms)
		DisableScriptedObjects (4ms)
		BackupInstance (0ms)
		ReleaseScriptingObjects (0ms)
		CreateAndSetChildDomain (15ms)
	RebuildCommonClasses (24ms)
	RebuildNativeTypeToScriptingClass (8ms)
	initialDomainReloadingComplete (36ms)
	LoadAllAssembliesAndSetupDomain (300ms)
		LoadAssemblies (240ms)
		RebuildTransferFunctionScriptingTraits (0ms)
		AnalyzeDomain (131ms)
			TypeCache.Refresh (106ms)
				TypeCache.ScanAssembly (93ms)
			ScanForSourceGeneratedMonoScriptInfo (21ms)
			ResolveRequiredComponents (3ms)
	FinalizeReload (485ms)
		ReleaseScriptCaches (0ms)
		RebuildScriptCaches (0ms)
		SetupLoadedEditorAssemblies (357ms)
			LogAssemblyErrors (0ms)
			InitializePlatformSupportModulesInManaged (5ms)
			SetLoadedEditorAssemblies (3ms)
			RefreshPlugins (0ms)
			BeforeProcessingInitializeOnLoad (60ms)
			ProcessInitializeOnLoadAttributes (259ms)
			ProcessInitializeOnLoadMethodAttributes (26ms)
			AfterProcessingInitializeOnLoad (5ms)
			EditorAssembliesLoaded (0ms)
		ExecutionOrderSort2 (0ms)
		AwakeInstancesAfterBackupRestoration (8ms)
Launched and connected shader compiler UnityShaderCompiler.exe after 0.03 seconds
Refreshing native plugins compatible for Editor in 4.40 ms, found 4 plugins.
Preloading 0 native plugins for Editor in 0.00 ms.
Unloading 4273 Unused Serialized files (Serialized files now loaded: 0)
Unloading 78 unused Assets / (68.3 KB). Loaded Objects now: 4722.
Memory consumption went from 145.5 MB to 145.4 MB.
Total: 2.917300 ms (FindLiveObjects: 0.230600 ms CreateObjectMapping: 0.141500 ms MarkObjects: 2.417300 ms  DeleteObjects: 0.126900 ms)

AssetImportParameters requested are different than current active one (requested -> active):
  custom:container-demuxer-ogg: 62fdf1f143b41e24485cea50d1cbac27 -> 
  custom:video-decoder-ogg-theora: a1e56fd34408186e4bbccfd4996cb3dc -> 
  custom:framework-win-MediaFoundation: 216162199b28c13a410421893ffa2e32 -> 
  custom:container-demuxer-webm: 4f35f7cbe854078d1ac9338744f61a02 -> 
  custom:container-muxer-webm: aa71ff27fc2769a1b78a27578f13a17b -> 
  custom:video-decoder-webm-vp8: 9c59270c3fd7afecdb556c50c9e8de78 -> 
  custom:AudioImporter_EditorPlatform: d09bf68614088b80899f8185d706f6e7 -> 
  custom:video-encoder-webm-vp8: eb34c28f22e8b96e1ab97ce403110664 -> 
  custom:audio-decoder-ogg-vorbis: bf7c407c2cedff20999df2af8eb42d56 -> 
  custom:audio-encoder-webm-vorbis: bf7c407c2cedff20999df2af8eb42d56 -> 
========================================================================
Received Prepare
Refreshing native plugins compatible for Editor in 4.44 ms, found 4 plugins.
Preloading 0 native plugins for Editor in 0.00 ms.
Unloading 1 Unused Serialized files (Serialized files now loaded: 0)
Unloading 1 unused Assets / (3.0 KB). Loaded Objects now: 4722.
Memory consumption went from 74.3 MB to 74.3 MB.
Total: 2.488100 ms (FindLiveObjects: 0.214200 ms CreateObjectMapping: 0.114200 ms MarkObjects: 2.141100 ms  DeleteObjects: 0.017900 ms)

Prepare: number of updated asset objects reloaded= 0
AssetImportParameters requested are different than current active one (requested -> active):
  custom:container-demuxer-ogg: 62fdf1f143b41e24485cea50d1cbac27 -> 
  custom:video-decoder-ogg-theora: a1e56fd34408186e4bbccfd4996cb3dc -> 
  custom:framework-win-MediaFoundation: 216162199b28c13a410421893ffa2e32 -> 
  custom:CustomObjectIndexerAttribute: 756ad292c208cfabdd7b50bc23989ffe -> 
  custom:container-demuxer-webm: 4f35f7cbe854078d1ac9338744f61a02 -> 
  custom:container-muxer-webm: aa71ff27fc2769a1b78a27578f13a17b -> 
  custom:video-decoder-webm-vp8: 9c59270c3fd7afecdb556c50c9e8de78 -> 
  custom:SearchIndexIgnoredProperties: e643bd26f0fe6173181afceb89e7c659 -> 
  custom:AudioImporter_EditorPlatform: d09bf68614088b80899f8185d706f6e7 -> 
  custom:video-encoder-webm-vp8: eb34c28f22e8b96e1ab97ce403110664 -> 
  custom:audio-decoder-ogg-vorbis: bf7c407c2cedff20999df2af8eb42d56 -> 
  custom:audio-encoder-webm-vorbis: bf7c407c2cedff20999df2af8eb42d56 -> 
========================================================================
Received Prepare
Begin MonoManager ReloadAssembly
Symbol file LoadedFromMemory doesn't match image C:\Users\Tristan\Desktop\CropQuest\Library\PackageCache\com.unity.visualscripting@1.8.0\Editor\VisualScripting.Core\Dependencies\YamlDotNet\Unity.VisualScripting.YamlDotNet.dll
Symbol file LoadedFromMemory doesn't match image C:\Users\Tristan\Desktop\CropQuest\Library\PackageCache\com.unity.visualscripting@1.8.0\Editor\VisualScripting.Core\Dependencies\DotNetZip\Unity.VisualScripting.IonicZip.dll
- Loaded All Assemblies, in  0.346 seconds
Refreshing native plugins compatible for Editor in 4.64 ms, found 4 plugins.
Native extension for WindowsStandalone target not found
Mono: successfully reloaded assembly
[Package Manager] Server::EnsureServerProcessIsRunning -- launch failed, reason: Unity was launched with the -noUpm command-line argument
[Package Manager] UpmClient::Send -- Unable to send message (not connected to UPM process).
[Package Manager] Cannot connect to Unity Package Manager local server
- Finished resetting the current domain, in  0.630 seconds
Domain Reload Profiling: 973ms
	BeginReloadAssembly (126ms)
		ExecutionOrderSort (0ms)
		DisableScriptedObjects (9ms)
		BackupInstance (0ms)
		ReleaseScriptingObjects (0ms)
		CreateAndSetChildDomain (28ms)
	RebuildCommonClasses (22ms)
	RebuildNativeTypeToScriptingClass (8ms)
	initialDomainReloadingComplete (22ms)
	LoadAllAssembliesAndSetupDomain (165ms)
		LoadAssemblies (216ms)
		RebuildTransferFunctionScriptingTraits (0ms)
		AnalyzeDomain (9ms)
			TypeCache.Refresh (5ms)
				TypeCache.ScanAssembly (0ms)
			ScanForSourceGeneratedMonoScriptInfo (0ms)
			ResolveRequiredComponents (3ms)
	FinalizeReload (630ms)
		ReleaseScriptCaches (0ms)
		RebuildScriptCaches (0ms)
		SetupLoadedEditorAssemblies (286ms)
			LogAssemblyErrors (0ms)
			InitializePlatformSupportModulesInManaged (4ms)
			SetLoadedEditorAssemblies (4ms)
			RefreshPlugins (0ms)
			BeforeProcessingInitializeOnLoad (56ms)
			ProcessInitializeOnLoadAttributes (185ms)
			ProcessInitializeOnLoadMethodAttributes (31ms)
			AfterProcessingInitializeOnLoad (4ms)
			EditorAssembliesLoaded (0ms)
		ExecutionOrderSort2 (0ms)
		AwakeInstancesAfterBackupRestoration (10ms)
Refreshing native plugins compatible for Editor in 6.35 ms, found 4 plugins.
Preloading 0 native plugins for Editor in 0.00 ms.
Unloading 4249 Unused Serialized files (Serialized files now loaded: 0)
Unloading 50 unused Assets / (42.4 KB). Loaded Objects now: 4727.
Memory consumption went from 139.6 MB to 139.5 MB.
Total: 2.875900 ms (FindLiveObjects: 0.208400 ms CreateObjectMapping: 0.108900 ms MarkObjects: 2.492500 ms  DeleteObjects: 0.065500 ms)

Prepare: number of updated asset objects reloaded= 0
AssetImportParameters requested are different than current active one (requested -> active):
  custom:container-demuxer-ogg: 62fdf1f143b41e24485cea50d1cbac27 -> 
  custom:video-decoder-ogg-theora: a1e56fd34408186e4bbccfd4996cb3dc -> 
  custom:framework-win-MediaFoundation: 216162199b28c13a410421893ffa2e32 -> 
  custom:CustomObjectIndexerAttribute: 756ad292c208cfabdd7b50bc23989ffe -> 
  custom:container-demuxer-webm: 4f35f7cbe854078d1ac9338744f61a02 -> 
  custom:container-muxer-webm: aa71ff27fc2769a1b78a27578f13a17b -> 
  custom:video-decoder-webm-vp8: 9c59270c3fd7afecdb556c50c9e8de78 -> 
  custom:SearchIndexIgnoredProperties: e643bd26f0fe6173181afceb89e7c659 -> 
  custom:AudioImporter_EditorPlatform: d09bf68614088b80899f8185d706f6e7 -> 
  custom:video-encoder-webm-vp8: eb34c28f22e8b96e1ab97ce403110664 -> 
  custom:audio-decoder-ogg-vorbis: bf7c407c2cedff20999df2af8eb42d56 -> 
  custom:audio-encoder-webm-vorbis: bf7c407c2cedff20999df2af8eb42d56 -> 
========================================================================
Received Prepare
Begin MonoManager ReloadAssembly
Symbol file LoadedFromMemory doesn't match image C:\Users\Tristan\Desktop\CropQuest\Library\PackageCache\com.unity.visualscripting@1.8.0\Editor\VisualScripting.Core\Dependencies\YamlDotNet\Unity.VisualScripting.YamlDotNet.dll
Symbol file LoadedFromMemory doesn't match image C:\Users\Tristan\Desktop\CropQuest\Library\PackageCache\com.unity.visualscripting@1.8.0\Editor\VisualScripting.Core\Dependencies\DotNetZip\Unity.VisualScripting.IonicZip.dll
- Loaded All Assemblies, in  0.359 seconds
Refreshing native plugins compatible for Editor in 4.58 ms, found 4 plugins.
Native extension for WindowsStandalone target not found
Mono: successfully reloaded assembly
[Package Manager] Server::EnsureServerProcessIsRunning -- launch failed, reason: Unity was launched with the -noUpm command-line argument
[Package Manager] UpmClient::Send -- Unable to send message (not connected to UPM process).
[Package Manager] Cannot connect to Unity Package Manager local server
- Finished resetting the current domain, in  0.740 seconds
Domain Reload Profiling: 1096ms
	BeginReloadAssembly (127ms)
		ExecutionOrderSort (0ms)
		DisableScriptedObjects (10ms)
		BackupInstance (0ms)
		ReleaseScriptingObjects (0ms)
		CreateAndSetChildDomain (28ms)
	RebuildCommonClasses (22ms)
	RebuildNativeTypeToScriptingClass (8ms)
	initialDomainReloadingComplete (21ms)
	LoadAllAssembliesAndSetupDomain (177ms)
		LoadAssemblies (230ms)
		RebuildTransferFunctionScriptingTraits (0ms)
		AnalyzeDomain (10ms)
			TypeCache.Refresh (5ms)
				TypeCache.ScanAssembly (0ms)
			ScanForSourceGeneratedMonoScriptInfo (0ms)
			ResolveRequiredComponents (4ms)
	FinalizeReload (741ms)
		ReleaseScriptCaches (0ms)
		RebuildScriptCaches (0ms)
		SetupLoadedEditorAssemblies (344ms)
			LogAssemblyErrors (0ms)
			InitializePlatformSupportModulesInManaged (4ms)
			SetLoadedEditorAssemblies (3ms)
			RefreshPlugins (0ms)
			BeforeProcessingInitializeOnLoad (58ms)
			ProcessInitializeOnLoadAttributes (242ms)
			ProcessInitializeOnLoadMethodAttributes (31ms)
			AfterProcessingInitializeOnLoad (5ms)
			EditorAssembliesLoaded (0ms)
		ExecutionOrderSort2 (0ms)
		AwakeInstancesAfterBackupRestoration (14ms)
Refreshing native plugins compatible for Editor in 5.31 ms, found 4 plugins.
Preloading 0 native plugins for Editor in 0.00 ms.
Unloading 4249 Unused Serialized files (Serialized files now loaded: 0)
Unloading 50 unused Assets / (42.5 KB). Loaded Objects now: 4731.
Memory consumption went from 139.6 MB to 139.5 MB.
Total: 2.932800 ms (FindLiveObjects: 0.210000 ms CreateObjectMapping: 0.114600 ms MarkObjects: 2.545200 ms  DeleteObjects: 0.062300 ms)

Prepare: number of updated asset objects reloaded= 0
AssetImportParameters requested are different than current active one (requested -> active):
  custom:container-demuxer-ogg: 62fdf1f143b41e24485cea50d1cbac27 -> 
  custom:video-decoder-ogg-theora: a1e56fd34408186e4bbccfd4996cb3dc -> 
  custom:framework-win-MediaFoundation: 216162199b28c13a410421893ffa2e32 -> 
  custom:CustomObjectIndexerAttribute: 756ad292c208cfabdd7b50bc23989ffe -> 
  custom:container-demuxer-webm: 4f35f7cbe854078d1ac9338744f61a02 -> 
  custom:container-muxer-webm: aa71ff27fc2769a1b78a27578f13a17b -> 
  custom:video-decoder-webm-vp8: 9c59270c3fd7afecdb556c50c9e8de78 -> 
  custom:SearchIndexIgnoredProperties: e643bd26f0fe6173181afceb89e7c659 -> 
  custom:AudioImporter_EditorPlatform: d09bf68614088b80899f8185d706f6e7 -> 
  custom:video-encoder-webm-vp8: eb34c28f22e8b96e1ab97ce403110664 -> 
  custom:audio-decoder-ogg-vorbis: bf7c407c2cedff20999df2af8eb42d56 -> 
  custom:audio-encoder-webm-vorbis: bf7c407c2cedff20999df2af8eb42d56 -> 
========================================================================
Received Prepare
Begin MonoManager ReloadAssembly
Symbol file LoadedFromMemory doesn't match image C:\Users\Tristan\Desktop\CropQuest\Library\PackageCache\com.unity.visualscripting@1.8.0\Editor\VisualScripting.Core\Dependencies\YamlDotNet\Unity.VisualScripting.YamlDotNet.dll
Symbol file LoadedFromMemory doesn't match image C:\Users\Tristan\Desktop\CropQuest\Library\PackageCache\com.unity.visualscripting@1.8.0\Editor\VisualScripting.Core\Dependencies\DotNetZip\Unity.VisualScripting.IonicZip.dll
- Loaded All Assemblies, in  0.354 seconds
Refreshing native plugins compatible for Editor in 4.63 ms, found 4 plugins.
Native extension for WindowsStandalone target not found
Mono: successfully reloaded assembly
[Package Manager] Server::EnsureServerProcessIsRunning -- launch failed, reason: Unity was launched with the -noUpm command-line argument
[Package Manager] UpmClient::Send -- Unable to send message (not connected to UPM process).
[Package Manager] Cannot connect to Unity Package Manager local server
- Finished resetting the current domain, in  0.742 seconds
Domain Reload Profiling: 1094ms
	BeginReloadAssembly (125ms)
		ExecutionOrderSort (0ms)
		DisableScriptedObjects (9ms)
		BackupInstance (0ms)
		ReleaseScriptingObjects (0ms)
		CreateAndSetChildDomain (29ms)
	RebuildCommonClasses (23ms)
	RebuildNativeTypeToScriptingClass (8ms)
	initialDomainReloadingComplete (22ms)
	LoadAllAssembliesAndSetupDomain (173ms)
		LoadAssemblies (225ms)
		RebuildTransferFunctionScriptingTraits (0ms)
		AnalyzeDomain (10ms)
			TypeCache.Refresh (5ms)
				TypeCache.ScanAssembly (0ms)
			ScanForSourceGeneratedMonoScriptInfo (0ms)
			ResolveRequiredComponents (3ms)
	FinalizeReload (743ms)
		ReleaseScriptCaches (0ms)
		RebuildScriptCaches (0ms)
		SetupLoadedEditorAssemblies (350ms)
			LogAssemblyErrors (0ms)
			InitializePlatformSupportModulesInManaged (5ms)
			SetLoadedEditorAssemblies (3ms)
			RefreshPlugins (0ms)
			BeforeProcessingInitializeOnLoad (57ms)
			ProcessInitializeOnLoadAttributes (246ms)
			ProcessInitializeOnLoadMethodAttributes (33ms)
			AfterProcessingInitializeOnLoad (5ms)
			EditorAssembliesLoaded (0ms)
		ExecutionOrderSort2 (0ms)
		AwakeInstancesAfterBackupRestoration (14ms)
Refreshing native plugins compatible for Editor in 6.40 ms, found 4 plugins.
Preloading 0 native plugins for Editor in 0.00 ms.
Unloading 4249 Unused Serialized files (Serialized files now loaded: 0)
Unloading 50 unused Assets / (42.4 KB). Loaded Objects now: 4735.
Memory consumption went from 139.6 MB to 139.5 MB.
Total: 3.076500 ms (FindLiveObjects: 0.264400 ms CreateObjectMapping: 0.138100 ms MarkObjects: 2.597300 ms  DeleteObjects: 0.075900 ms)

Prepare: number of updated asset objects reloaded= 0
AssetImportParameters requested are different than current active one (requested -> active):
  custom:container-demuxer-ogg: 62fdf1f143b41e24485cea50d1cbac27 -> 
  custom:video-decoder-ogg-theora: a1e56fd34408186e4bbccfd4996cb3dc -> 
  custom:framework-win-MediaFoundation: 216162199b28c13a410421893ffa2e32 -> 
  custom:CustomObjectIndexerAttribute: 756ad292c208cfabdd7b50bc23989ffe -> 
  custom:container-demuxer-webm: 4f35f7cbe854078d1ac9338744f61a02 -> 
  custom:container-muxer-webm: aa71ff27fc2769a1b78a27578f13a17b -> 
  custom:video-decoder-webm-vp8: 9c59270c3fd7afecdb556c50c9e8de78 -> 
  custom:SearchIndexIgnoredProperties: e643bd26f0fe6173181afceb89e7c659 -> 
  custom:AudioImporter_EditorPlatform: d09bf68614088b80899f8185d706f6e7 -> 
  custom:video-encoder-webm-vp8: eb34c28f22e8b96e1ab97ce403110664 -> 
  custom:audio-decoder-ogg-vorbis: bf7c407c2cedff20999df2af8eb42d56 -> 
  custom:audio-encoder-webm-vorbis: bf7c407c2cedff20999df2af8eb42d56 -> 
========================================================================
Received Prepare
Begin MonoManager ReloadAssembly
Symbol file LoadedFromMemory doesn't match image C:\Users\Tristan\Desktop\CropQuest\Library\PackageCache\com.unity.visualscripting@1.8.0\Editor\VisualScripting.Core\Dependencies\YamlDotNet\Unity.VisualScripting.YamlDotNet.dll
Symbol file LoadedFromMemory doesn't match image C:\Users\Tristan\Desktop\CropQuest\Library\PackageCache\com.unity.visualscripting@1.8.0\Editor\VisualScripting.Core\Dependencies\DotNetZip\Unity.VisualScripting.IonicZip.dll
- Loaded All Assemblies, in  0.358 seconds
Refreshing native plugins compatible for Editor in 4.68 ms, found 4 plugins.
Native extension for WindowsStandalone target not found
Mono: successfully reloaded assembly
[Package Manager] Server::EnsureServerProcessIsRunning -- launch failed, reason: Unity was launched with the -noUpm command-line argument
[Package Manager] UpmClient::Send -- Unable to send message (not connected to UPM process).
[Package Manager] Cannot connect to Unity Package Manager local server
- Finished resetting the current domain, in  0.704 seconds
Domain Reload Profiling: 1060ms
	BeginReloadAssembly (124ms)
		ExecutionOrderSort (0ms)
		DisableScriptedObjects (9ms)
		BackupInstance (0ms)
		ReleaseScriptingObjects (0ms)
		CreateAndSetChildDomain (28ms)
	RebuildCommonClasses (26ms)
	RebuildNativeTypeToScriptingClass (8ms)
	initialDomainReloadingComplete (21ms)
	LoadAllAssembliesAndSetupDomain (175ms)
		LoadAssemblies (226ms)
		RebuildTransferFunctionScriptingTraits (0ms)
		AnalyzeDomain (11ms)
			TypeCache.Refresh (6ms)
				TypeCache.ScanAssembly (0ms)
			ScanForSourceGeneratedMonoScriptInfo (0ms)
			ResolveRequiredComponents (4ms)
	FinalizeReload (705ms)
		ReleaseScriptCaches (0ms)
		RebuildScriptCaches (0ms)
		SetupLoadedEditorAssemblies (293ms)
			LogAssemblyErrors (0ms)
			InitializePlatformSupportModulesInManaged (4ms)
			SetLoadedEditorAssemblies (3ms)
			RefreshPlugins (0ms)
			BeforeProcessingInitializeOnLoad (58ms)
			ProcessInitializeOnLoadAttributes (193ms)
			ProcessInitializeOnLoadMethodAttributes (29ms)
			AfterProcessingInitializeOnLoad (5ms)
			EditorAssembliesLoaded (0ms)
		ExecutionOrderSort2 (0ms)
		AwakeInstancesAfterBackupRestoration (13ms)
Refreshing native plugins compatible for Editor in 4.89 ms, found 4 plugins.
Preloading 0 native plugins for Editor in 0.00 ms.
Unloading 4249 Unused Serialized files (Serialized files now loaded: 0)
Unloading 50 unused Assets / (42.4 KB). Loaded Objects now: 4739.
Memory consumption went from 139.6 MB to 139.5 MB.
Total: 3.369400 ms (FindLiveObjects: 0.227800 ms CreateObjectMapping: 0.180800 ms MarkObjects: 2.892700 ms  DeleteObjects: 0.067200 ms)

Prepare: number of updated asset objects reloaded= 0
AssetImportParameters requested are different than current active one (requested -> active):
  custom:container-demuxer-ogg: 62fdf1f143b41e24485cea50d1cbac27 -> 
  custom:video-decoder-ogg-theora: a1e56fd34408186e4bbccfd4996cb3dc -> 
  custom:framework-win-MediaFoundation: 216162199b28c13a410421893ffa2e32 -> 
  custom:CustomObjectIndexerAttribute: 756ad292c208cfabdd7b50bc23989ffe -> 
  custom:container-demuxer-webm: 4f35f7cbe854078d1ac9338744f61a02 -> 
  custom:container-muxer-webm: aa71ff27fc2769a1b78a27578f13a17b -> 
  custom:video-decoder-webm-vp8: 9c59270c3fd7afecdb556c50c9e8de78 -> 
  custom:SearchIndexIgnoredProperties: e643bd26f0fe6173181afceb89e7c659 -> 
  custom:AudioImporter_EditorPlatform: d09bf68614088b80899f8185d706f6e7 -> 
  custom:video-encoder-webm-vp8: eb34c28f22e8b96e1ab97ce403110664 -> 
  custom:audio-decoder-ogg-vorbis: bf7c407c2cedff20999df2af8eb42d56 -> 
  custom:audio-encoder-webm-vorbis: bf7c407c2cedff20999df2af8eb42d56 -> 
========================================================================
Received Prepare
Begin MonoManager ReloadAssembly
Symbol file LoadedFromMemory doesn't match image C:\Users\Tristan\Desktop\CropQuest\Library\PackageCache\com.unity.visualscripting@1.8.0\Editor\VisualScripting.Core\Dependencies\YamlDotNet\Unity.VisualScripting.YamlDotNet.dll
Symbol file LoadedFromMemory doesn't match image C:\Users\Tristan\Desktop\CropQuest\Library\PackageCache\com.unity.visualscripting@1.8.0\Editor\VisualScripting.Core\Dependencies\DotNetZip\Unity.VisualScripting.IonicZip.dll
- Loaded All Assemblies, in  0.352 seconds
Refreshing native plugins compatible for Editor in 4.39 ms, found 4 plugins.
Native extension for WindowsStandalone target not found
Mono: successfully reloaded assembly
[Package Manager] Server::EnsureServerProcessIsRunning -- launch failed, reason: Unity was launched with the -noUpm command-line argument
[Package Manager] UpmClient::Send -- Unable to send message (not connected to UPM process).
[Package Manager] Cannot connect to Unity Package Manager local server
- Finished resetting the current domain, in  0.663 seconds
Domain Reload Profiling: 1013ms
	BeginReloadAssembly (124ms)
		ExecutionOrderSort (0ms)
		DisableScriptedObjects (9ms)
		BackupInstance (0ms)
		ReleaseScriptingObjects (0ms)
		CreateAndSetChildDomain (28ms)
	RebuildCommonClasses (23ms)
	RebuildNativeTypeToScriptingClass (8ms)
	initialDomainReloadingComplete (22ms)
	LoadAllAssembliesAndSetupDomain (173ms)
		LoadAssemblies (225ms)
		RebuildTransferFunctionScriptingTraits (0ms)
		AnalyzeDomain (10ms)
			TypeCache.Refresh (5ms)
				TypeCache.ScanAssembly (0ms)
			ScanForSourceGeneratedMonoScriptInfo (0ms)
			ResolveRequiredComponents (4ms)
	FinalizeReload (664ms)
		ReleaseScriptCaches (0ms)
		RebuildScriptCaches (0ms)
		SetupLoadedEditorAssemblies (279ms)
			LogAssemblyErrors (0ms)
			InitializePlatformSupportModulesInManaged (4ms)
			SetLoadedEditorAssemblies (4ms)
			RefreshPlugins (0ms)
			BeforeProcessingInitializeOnLoad (62ms)
			ProcessInitializeOnLoadAttributes (183ms)
			ProcessInitializeOnLoadMethodAttributes (22ms)
			AfterProcessingInitializeOnLoad (4ms)
			EditorAssembliesLoaded (0ms)
		ExecutionOrderSort2 (0ms)
		AwakeInstancesAfterBackupRestoration (10ms)
Refreshing native plugins compatible for Editor in 3.96 ms, found 4 plugins.
Preloading 0 native plugins for Editor in 0.00 ms.
Unloading 4249 Unused Serialized files (Serialized files now loaded: 0)
Unloading 50 unused Assets / (42.4 KB). Loaded Objects now: 4743.
Memory consumption went from 139.6 MB to 139.5 MB.
Total: 2.610000 ms (FindLiveObjects: 0.199500 ms CreateObjectMapping: 0.135600 ms MarkObjects: 2.214900 ms  DeleteObjects: 0.059000 ms)

Prepare: number of updated asset objects reloaded= 0
AssetImportParameters requested are different than current active one (requested -> active):
  custom:container-demuxer-ogg: 62fdf1f143b41e24485cea50d1cbac27 -> 
  custom:video-decoder-ogg-theora: a1e56fd34408186e4bbccfd4996cb3dc -> 
  custom:framework-win-MediaFoundation: 216162199b28c13a410421893ffa2e32 -> 
  custom:CustomObjectIndexerAttribute: 756ad292c208cfabdd7b50bc23989ffe -> 
  custom:container-demuxer-webm: 4f35f7cbe854078d1ac9338744f61a02 -> 
  custom:container-muxer-webm: aa71ff27fc2769a1b78a27578f13a17b -> 
  custom:video-decoder-webm-vp8: 9c59270c3fd7afecdb556c50c9e8de78 -> 
  custom:SearchIndexIgnoredProperties: e643bd26f0fe6173181afceb89e7c659 -> 
  custom:AudioImporter_EditorPlatform: d09bf68614088b80899f8185d706f6e7 -> 
  custom:video-encoder-webm-vp8: eb34c28f22e8b96e1ab97ce403110664 -> 
  custom:audio-decoder-ogg-vorbis: bf7c407c2cedff20999df2af8eb42d56 -> 
  custom:audio-encoder-webm-vorbis: bf7c407c2cedff20999df2af8eb42d56 -> 
========================================================================
Received Import Request.
  Time since last request: 56126.669305 seconds.
  path: Assets/Tilemaps/Farm Objects.prefab
  artifactKey: Guid(5f16719d59a07934e82fe0a9bda96115) Importer(815301076,1909f56bfc062723c751e8b465ee728b)
Start importing Assets/Tilemaps/Farm Objects.prefab using Guid(5f16719d59a07934e82fe0a9bda96115) Importer(815301076,1909f56bfc062723c751e8b465ee728b)  -> (artifact id: 'f8707e60364d0dd9c7f339f93751aabd') in 0.118617 seconds
Number of updated asset objects reloaded before import = 0
Number of asset objects unloaded after import = 36
========================================================================
Received Import Request.
  Time since last request: 0.000023 seconds.
  path: Assets/Tilemaps/spring farm tilemap_48.asset
  artifactKey: Guid(36b0933c291b2294fa942e180df17ca5) Importer(815301076,1909f56bfc062723c751e8b465ee728b)
Start importing Assets/Tilemaps/spring farm tilemap_48.asset using Guid(36b0933c291b2294fa942e180df17ca5) Importer(815301076,1909f56bfc062723c751e8b465ee728b)  -> (artifact id: '038209461305bfccb762df92178ebe02') in 0.028221 seconds
Number of updated asset objects reloaded before import = 0
Number of asset objects unloaded after import = 3
========================================================================
Received Import Request.
  Time since last request: 0.000016 seconds.
  path: Assets/Tilemaps/spring farm tilemap_31.asset
  artifactKey: Guid(02718e7c677caf346a463937c83106a0) Importer(815301076,1909f56bfc062723c751e8b465ee728b)
Start importing Assets/Tilemaps/spring farm tilemap_31.asset using Guid(02718e7c677caf346a463937c83106a0) Importer(815301076,1909f56bfc062723c751e8b465ee728b)  -> (artifact id: '0be5fe084d0fae215f63bb99a50f578d') in 0.009652 seconds
Number of updated asset objects reloaded before import = 0
Number of asset objects unloaded after import = 3
========================================================================
Received Import Request.
  Time since last request: 0.000018 seconds.
  path: Assets/Tilemaps/spring farm tilemap_32.asset
  artifactKey: Guid(f4249484e2427e044a778e0a971f230c) Importer(815301076,1909f56bfc062723c751e8b465ee728b)
Start importing Assets/Tilemaps/spring farm tilemap_32.asset using Guid(f4249484e2427e044a778e0a971f230c) Importer(815301076,1909f56bfc062723c751e8b465ee728b)  -> (artifact id: '96dc534b4cc66d1b3f9849b75b3ec2ea') in 0.010336 seconds
Number of updated asset objects reloaded before import = 0
Number of asset objects unloaded after import = 3
========================================================================
Received Import Request.
  Time since last request: 0.000021 seconds.
  path: Assets/Tilemaps/spring farm tilemap_19.asset
  artifactKey: Guid(809ea060fceb5c440816aca5abb8feea) Importer(815301076,1909f56bfc062723c751e8b465ee728b)
Start importing Assets/Tilemaps/spring farm tilemap_19.asset using Guid(809ea060fceb5c440816aca5abb8feea) Importer(815301076,1909f56bfc062723c751e8b465ee728b)  -> (artifact id: '87ab288b4dd1102dddaac627917915f6') in 0.008847 seconds
Number of updated asset objects reloaded before import = 0
Number of asset objects unloaded after import = 3
========================================================================
Received Import Request.
  Time since last request: 0.000021 seconds.
  path: Assets/Tilemaps/spring farm tilemap_37.asset
  artifactKey: Guid(9510e21f535f93c45bedebc288325eb7) Importer(815301076,1909f56bfc062723c751e8b465ee728b)
Start importing Assets/Tilemaps/spring farm tilemap_37.asset using Guid(9510e21f535f93c45bedebc288325eb7) Importer(815301076,1909f56bfc062723c751e8b465ee728b)  -> (artifact id: 'a7eef5781a80b62c030bdc8cda5af5af') in 0.009180 seconds
Number of updated asset objects reloaded before import = 0
Number of asset objects unloaded after import = 3
========================================================================
Received Import Request.
  Time since last request: 0.000022 seconds.
  path: Assets/Tilemaps/spring farm tilemap_6.asset
  artifactKey: Guid(e63a2f2d7a3fced4a8f74cb3e99f0ffd) Importer(815301076,1909f56bfc062723c751e8b465ee728b)
Start importing Assets/Tilemaps/spring farm tilemap_6.asset using Guid(e63a2f2d7a3fced4a8f74cb3e99f0ffd) Importer(815301076,1909f56bfc062723c751e8b465ee728b)  -> (artifact id: '0e9ffff44dd07f4ba522b9e836defe4c') in 0.008633 seconds
Number of updated asset objects reloaded before import = 0
Number of asset objects unloaded after import = 3
========================================================================
Received Import Request.
  Time since last request: 0.000015 seconds.
  path: Assets/Tilemaps/spring farm tilemap_28.asset
  artifactKey: Guid(bdb2cf5d63e6aa74987198180de97303) Importer(815301076,1909f56bfc062723c751e8b465ee728b)
Start importing Assets/Tilemaps/spring farm tilemap_28.asset using Guid(bdb2cf5d63e6aa74987198180de97303) Importer(815301076,1909f56bfc062723c751e8b465ee728b)  -> (artifact id: 'd620de9f99da16c46408e3d1fc9cfcb3') in 0.009072 seconds
Number of updated asset objects reloaded before import = 0
Number of asset objects unloaded after import = 3
========================================================================
Received Import Request.
  Time since last request: 0.000019 seconds.
  path: Assets/Tilemaps/spring farm tilemap_25.asset
  artifactKey: Guid(9b5590cc58a5bc64dbb25c84f0b2deb3) Importer(815301076,1909f56bfc062723c751e8b465ee728b)
Start importing Assets/Tilemaps/spring farm tilemap_25.asset using Guid(9b5590cc58a5bc64dbb25c84f0b2deb3) Importer(815301076,1909f56bfc062723c751e8b465ee728b)  -> (artifact id: 'e62b86a396b6feb567323e3910ba2c25') in 0.009210 seconds
Number of updated asset objects reloaded before import = 0
Number of asset objects unloaded after import = 3
========================================================================
Received Import Request.
  Time since last request: 0.000015 seconds.
  path: Assets/Tilemaps/spring farm tilemap_44.asset
  artifactKey: Guid(ea241350d69dd8a4793671a87401bf03) Importer(815301076,1909f56bfc062723c751e8b465ee728b)
Start importing Assets/Tilemaps/spring farm tilemap_44.asset using Guid(ea241350d69dd8a4793671a87401bf03) Importer(815301076,1909f56bfc062723c751e8b465ee728b)  -> (artifact id: '0b2e6c8af581519d633b3de3de8aa6ee') in 0.008913 seconds
Number of updated asset objects reloaded before import = 0
Number of asset objects unloaded after import = 3
========================================================================
Received Import Request.
  Time since last request: 0.000015 seconds.
  path: Assets/Tilemaps/spring farm tilemap_8.asset
  artifactKey: Guid(47f0d1b8d1a1f9c47a838e9d50e9f86d) Importer(815301076,1909f56bfc062723c751e8b465ee728b)
Start importing Assets/Tilemaps/spring farm tilemap_8.asset using Guid(47f0d1b8d1a1f9c47a838e9d50e9f86d) Importer(815301076,1909f56bfc062723c751e8b465ee728b)  -> (artifact id: 'f82b0da43d58248ddc06cbfe3eb941fa') in 0.008564 seconds
Number of updated asset objects reloaded before import = 0
Number of asset objects unloaded after import = 3
========================================================================
Received Import Request.
  Time since last request: 0.000018 seconds.
  path: Assets/Tilemaps/spring farm tilemap_52.asset
  artifactKey: Guid(f061a2f550599394ca549c7565e0a3d2) Importer(815301076,1909f56bfc062723c751e8b465ee728b)
Start importing Assets/Tilemaps/spring farm tilemap_52.asset using Guid(f061a2f550599394ca549c7565e0a3d2) Importer(815301076,1909f56bfc062723c751e8b465ee728b)  -> (artifact id: '4ac391a742814ba4c5d51042a2e50a74') in 0.009433 seconds
Number of updated asset objects reloaded before import = 0
Number of asset objects unloaded after import = 3
========================================================================
Received Import Request.
  Time since last request: 0.000019 seconds.
  path: Assets/Tilemaps/spring farm tilemap_1.asset
  artifactKey: Guid(6836a8cd52680164383909cab823e15d) Importer(815301076,1909f56bfc062723c751e8b465ee728b)
Start importing Assets/Tilemaps/spring farm tilemap_1.asset using Guid(6836a8cd52680164383909cab823e15d) Importer(815301076,1909f56bfc062723c751e8b465ee728b)  -> (artifact id: 'a448aefcbcba23d85adce6266fb421e5') in 0.009086 seconds
Number of updated asset objects reloaded before import = 0
Number of asset objects unloaded after import = 3
========================================================================
Received Import Request.
  Time since last request: 0.000016 seconds.
  path: Assets/Tilemaps/spring farm tilemap_53.asset
  artifactKey: Guid(f7c12c405eb1697498c54ea314aef8a0) Importer(815301076,1909f56bfc062723c751e8b465ee728b)
Start importing Assets/Tilemaps/spring farm tilemap_53.asset using Guid(f7c12c405eb1697498c54ea314aef8a0) Importer(815301076,1909f56bfc062723c751e8b465ee728b)  -> (artifact id: '151404bffef8b12c6ce802b59669338b') in 0.009997 seconds
Number of updated asset objects reloaded before import = 0
Number of asset objects unloaded after import = 3
========================================================================
Received Import Request.
  Time since last request: 0.000015 seconds.
  path: Assets/Tilemaps/spring farm tilemap_45.asset
  artifactKey: Guid(0364d1525aafbc7459f34df89eeff556) Importer(815301076,1909f56bfc062723c751e8b465ee728b)
Start importing Assets/Tilemaps/spring farm tilemap_45.asset using Guid(0364d1525aafbc7459f34df89eeff556) Importer(815301076,1909f56bfc062723c751e8b465ee728b)  -> (artifact id: '6c5bbcddaed2b1ade4337bd6d0a017ef') in 0.008672 seconds
Number of updated asset objects reloaded before import = 0
Number of asset objects unloaded after import = 3
========================================================================
Received Import Request.
  Time since last request: 0.000027 seconds.
  path: Assets/Tilemaps/spring farm tilemap_50.asset
  artifactKey: Guid(411eccdd12c381948aa83e926c9c19cc) Importer(815301076,1909f56bfc062723c751e8b465ee728b)
Start importing Assets/Tilemaps/spring farm tilemap_50.asset using Guid(411eccdd12c381948aa83e926c9c19cc) Importer(815301076,1909f56bfc062723c751e8b465ee728b)  -> (artifact id: '5b24feb9d3171383c9a2938950ed7e27') in 0.009329 seconds
Number of updated asset objects reloaded before import = 0
Number of asset objects unloaded after import = 3
========================================================================
Received Import Request.
  Time since last request: 0.000014 seconds.
  path: Assets/Tilemaps/spring farm tilemap_30.asset
  artifactKey: Guid(5feed00de9a7e554da7087f43f54b63e) Importer(815301076,1909f56bfc062723c751e8b465ee728b)
Start importing Assets/Tilemaps/spring farm tilemap_30.asset using Guid(5feed00de9a7e554da7087f43f54b63e) Importer(815301076,1909f56bfc062723c751e8b465ee728b)  -> (artifact id: 'c911d2bae7342eec5d1b5870d8f96422') in 0.009623 seconds
Number of updated asset objects reloaded before import = 0
Number of asset objects unloaded after import = 3
========================================================================
Received Import Request.
  Time since last request: 0.000021 seconds.
  path: Assets/Tilemaps/spring farm tilemap_2.asset
  artifactKey: Guid(2e495e4e44186b3428a7fc9531e241e7) Importer(815301076,1909f56bfc062723c751e8b465ee728b)
Start importing Assets/Tilemaps/spring farm tilemap_2.asset using Guid(2e495e4e44186b3428a7fc9531e241e7) Importer(815301076,1909f56bfc062723c751e8b465ee728b)  -> (artifact id: '5568351a9467985dee4c5beb2c953739') in 0.009502 seconds
Number of updated asset objects reloaded before import = 0
Number of asset objects unloaded after import = 3
========================================================================
Received Import Request.
  Time since last request: 0.000016 seconds.
  path: Assets/Tilemaps/spring farm tilemap_3.asset
  artifactKey: Guid(7c59cc26c1d04c14ab2c072eaad4f771) Importer(815301076,1909f56bfc062723c751e8b465ee728b)
Start importing Assets/Tilemaps/spring farm tilemap_3.asset using Guid(7c59cc26c1d04c14ab2c072eaad4f771) Importer(815301076,1909f56bfc062723c751e8b465ee728b)  -> (artifact id: '66e5e69b346e00a2cb6f47d325dcce5b') in 0.009697 seconds
Number of updated asset objects reloaded before import = 0
Number of asset objects unloaded after import = 3
========================================================================
Received Import Request.
  Time since last request: 0.000013 seconds.
  path: Assets/Tilemaps/spring farm tilemap_55.asset
  artifactKey: Guid(aa1c2edafb9b0a241b7a4270e091fc0d) Importer(815301076,1909f56bfc062723c751e8b465ee728b)
Start importing Assets/Tilemaps/spring farm tilemap_55.asset using Guid(aa1c2edafb9b0a241b7a4270e091fc0d) Importer(815301076,1909f56bfc062723c751e8b465ee728b)  -> (artifact id: '38e698d7dada25465ec6bcb14fb22c1f') in 0.009699 seconds
Number of updated asset objects reloaded before import = 0
Number of asset objects unloaded after import = 3
========================================================================
Received Import Request.
  Time since last request: 0.000022 seconds.
  path: Assets/Tilemaps/spring farm tilemap_24.asset
  artifactKey: Guid(3b768bd503baf16479c4ba160fcee1d1) Importer(815301076,1909f56bfc062723c751e8b465ee728b)
Start importing Assets/Tilemaps/spring farm tilemap_24.asset using Guid(3b768bd503baf16479c4ba160fcee1d1) Importer(815301076,1909f56bfc062723c751e8b465ee728b)  -> (artifact id: '6db348e844a4454d73cd5a124ea29f4a') in 0.008925 seconds
Number of updated asset objects reloaded before import = 0
Number of asset objects unloaded after import = 3
========================================================================
Received Import Request.
  Time since last request: 0.000014 seconds.
  path: Assets/Tilemaps/spring farm tilemap_57.asset
  artifactKey: Guid(42cc9cea703a2ee47addead4d29d8f66) Importer(815301076,1909f56bfc062723c751e8b465ee728b)
Start importing Assets/Tilemaps/spring farm tilemap_57.asset using Guid(42cc9cea703a2ee47addead4d29d8f66) Importer(815301076,1909f56bfc062723c751e8b465ee728b)  -> (artifact id: 'cd904adb006fd6581b86fe3565f0bc70') in 0.009106 seconds
Number of updated asset objects reloaded before import = 0
Number of asset objects unloaded after import = 3
========================================================================
Received Import Request.
  Time since last request: 0.000013 seconds.
  path: Assets/Tilemaps/spring farm tilemap_13.asset
  artifactKey: Guid(81c4dcabc8655fa4c9e57cfca174755e) Importer(815301076,1909f56bfc062723c751e8b465ee728b)
Start importing Assets/Tilemaps/spring farm tilemap_13.asset using Guid(81c4dcabc8655fa4c9e57cfca174755e) Importer(815301076,1909f56bfc062723c751e8b465ee728b)  -> (artifact id: 'b93f0c04c48bfa90e5eaa81319d02190') in 0.010100 seconds
Number of updated asset objects reloaded before import = 0
Number of asset objects unloaded after import = 3
========================================================================
Received Import Request.
  Time since last request: 0.000018 seconds.
  path: Assets/Tilemaps/spring farm tilemap_9.asset
  artifactKey: Guid(d7efe5cb9f27bb64fb3d990a3fa13b9f) Importer(815301076,1909f56bfc062723c751e8b465ee728b)
Start importing Assets/Tilemaps/spring farm tilemap_9.asset using Guid(d7efe5cb9f27bb64fb3d990a3fa13b9f) Importer(815301076,1909f56bfc062723c751e8b465ee728b)  -> (artifact id: '90595868959abbb99026e0dd7ddf5771') in 0.010207 seconds
Number of updated asset objects reloaded before import = 0
Number of asset objects unloaded after import = 3
========================================================================
Received Import Request.
  Time since last request: 0.000015 seconds.
  path: Assets/Tilemaps/spring farm tilemap_14.asset
  artifactKey: Guid(b361e423df849dc4d81dc9b25edd233c) Importer(815301076,1909f56bfc062723c751e8b465ee728b)
Start importing Assets/Tilemaps/spring farm tilemap_14.asset using Guid(b361e423df849dc4d81dc9b25edd233c) Importer(815301076,1909f56bfc062723c751e8b465ee728b)  -> (artifact id: '396008e05579f2916b2107c7e97d1e3f') in 0.008863 seconds
Number of updated asset objects reloaded before import = 0
Number of asset objects unloaded after import = 3
========================================================================
Received Import Request.
  Time since last request: 0.000017 seconds.
  path: Assets/Tilemaps/spring farm tilemap_39.asset
  artifactKey: Guid(3f499630fa94fe445bfd3ff8fbf203c9) Importer(815301076,1909f56bfc062723c751e8b465ee728b)
Start importing Assets/Tilemaps/spring farm tilemap_39.asset using Guid(3f499630fa94fe445bfd3ff8fbf203c9) Importer(815301076,1909f56bfc062723c751e8b465ee728b)  -> (artifact id: '690669fceff4546d1e4ef62240adabfa') in 0.009040 seconds
Number of updated asset objects reloaded before import = 0
Number of asset objects unloaded after import = 3
========================================================================
Received Import Request.
  Time since last request: 0.000018 seconds.
  path: Assets/Tilemaps/spring farm tilemap_40.asset
  artifactKey: Guid(51758dcb13c94924fa70c6e86f613cff) Importer(815301076,1909f56bfc062723c751e8b465ee728b)
Start importing Assets/Tilemaps/spring farm tilemap_40.asset using Guid(51758dcb13c94924fa70c6e86f613cff) Importer(815301076,1909f56bfc062723c751e8b465ee728b)  -> (artifact id: '7fddd8443e76a3e848ec0204511f7b96') in 0.009599 seconds
Number of updated asset objects reloaded before import = 0
Number of asset objects unloaded after import = 3
========================================================================
Received Import Request.
  Time since last request: 0.000017 seconds.
  path: Assets/Tilemaps/spring farm tilemap_38.asset
  artifactKey: Guid(e208abb0f6dd59f42bfe46daa28c636c) Importer(815301076,1909f56bfc062723c751e8b465ee728b)
Start importing Assets/Tilemaps/spring farm tilemap_38.asset using Guid(e208abb0f6dd59f42bfe46daa28c636c) Importer(815301076,1909f56bfc062723c751e8b465ee728b)  -> (artifact id: 'b21ac82c35c9fe1adad791185d49e4e7') in 0.008718 seconds
Number of updated asset objects reloaded before import = 0
Number of asset objects unloaded after import = 3
========================================================================
Received Import Request.
  Time since last request: 0.000024 seconds.
  path: Assets/Tilemaps/spring farm tilemap_10.asset
  artifactKey: Guid(e9ed31d08ef2208429f63b9a135f3bb6) Importer(815301076,1909f56bfc062723c751e8b465ee728b)
Start importing Assets/Tilemaps/spring farm tilemap_10.asset using Guid(e9ed31d08ef2208429f63b9a135f3bb6) Importer(815301076,1909f56bfc062723c751e8b465ee728b)  -> (artifact id: '3d73904f0d383f111f5c984c179ee835') in 0.009526 seconds
Number of updated asset objects reloaded before import = 0
Number of asset objects unloaded after import = 3
========================================================================
Received Import Request.
  Time since last request: 0.000021 seconds.
  path: Assets/Tilemaps/spring farm tilemap_23.asset
  artifactKey: Guid(38d7ac4a560d2794d82f8c3ae78117b0) Importer(815301076,1909f56bfc062723c751e8b465ee728b)
Start importing Assets/Tilemaps/spring farm tilemap_23.asset using Guid(38d7ac4a560d2794d82f8c3ae78117b0) Importer(815301076,1909f56bfc062723c751e8b465ee728b)  -> (artifact id: '9f9bb4ae3975ef1cb3017d3d4a6ea4a4') in 0.009455 seconds
Number of updated asset objects reloaded before import = 0
Number of asset objects unloaded after import = 3
========================================================================
Received Import Request.
  Time since last request: 0.000016 seconds.
  path: Assets/Tilemaps/spring farm tilemap_29.asset
  artifactKey: Guid(f46245d63ba32a5428c58158d6fdd983) Importer(815301076,1909f56bfc062723c751e8b465ee728b)
Start importing Assets/Tilemaps/spring farm tilemap_29.asset using Guid(f46245d63ba32a5428c58158d6fdd983) Importer(815301076,1909f56bfc062723c751e8b465ee728b)  -> (artifact id: '234c0891acaf384c93f3adca178b26b6') in 0.009309 seconds
Number of updated asset objects reloaded before import = 0
Number of asset objects unloaded after import = 3
========================================================================
Received Import Request.
  Time since last request: 0.000015 seconds.
  path: Assets/Tilemaps/spring farm tilemap_0.asset
  artifactKey: Guid(fe6baccd66c888d47b0d5c9cb6e9ee6a) Importer(815301076,1909f56bfc062723c751e8b465ee728b)
Start importing Assets/Tilemaps/spring farm tilemap_0.asset using Guid(fe6baccd66c888d47b0d5c9cb6e9ee6a) Importer(815301076,1909f56bfc062723c751e8b465ee728b)  -> (artifact id: 'a8d9e8bbe4b2c96156837ebbdd779426') in 0.008839 seconds
Number of updated asset objects reloaded before import = 0
Number of asset objects unloaded after import = 3
========================================================================
Received Import Request.
  Time since last request: 23.220891 seconds.
  path: Assets/Tilemaps/spring farm tilemap_61.asset
  artifactKey: Guid(575af34d45e23314ab81020fbf842f86) Importer(815301076,1909f56bfc062723c751e8b465ee728b)
Start importing Assets/Tilemaps/spring farm tilemap_61.asset using Guid(575af34d45e23314ab81020fbf842f86) Importer(815301076,1909f56bfc062723c751e8b465ee728b)  -> (artifact id: '468b4f79c61719ff4f1a908f06b3bcce') in 0.008871 seconds
Number of updated asset objects reloaded before import = 0
Number of asset objects unloaded after import = 3
========================================================================
Received Import Request.
  Time since last request: 0.000017 seconds.
  path: Assets/Tilemaps/spring farm tilemap_65.asset
  artifactKey: Guid(2abc70ae7da43564394d5758e199959e) Importer(815301076,1909f56bfc062723c751e8b465ee728b)
Start importing Assets/Tilemaps/spring farm tilemap_65.asset using Guid(2abc70ae7da43564394d5758e199959e) Importer(815301076,1909f56bfc062723c751e8b465ee728b)  -> (artifact id: '1b61a7356007a29af2d809f1e509158f') in 0.008935 seconds
Number of updated asset objects reloaded before import = 0
Number of asset objects unloaded after import = 3
========================================================================
Received Import Request.
  Time since last request: 0.000017 seconds.
  path: Assets/Tilemaps/spring farm tilemap_67.asset
  artifactKey: Guid(40c9fc7cc71ce514ea7189414b5457a5) Importer(815301076,1909f56bfc062723c751e8b465ee728b)
Start importing Assets/Tilemaps/spring farm tilemap_67.asset using Guid(40c9fc7cc71ce514ea7189414b5457a5) Importer(815301076,1909f56bfc062723c751e8b465ee728b)  -> (artifact id: '2162c96fb4512bd104108ca11087acab') in 0.009103 seconds
Number of updated asset objects reloaded before import = 0
Number of asset objects unloaded after import = 3
========================================================================
Received Import Request.
  Time since last request: 0.000016 seconds.
  path: Assets/Tilemaps/spring farm tilemap_68.asset
  artifactKey: Guid(c9b2d1f535aefb644aeea4c2113b4d21) Importer(815301076,1909f56bfc062723c751e8b465ee728b)
Start importing Assets/Tilemaps/spring farm tilemap_68.asset using Guid(c9b2d1f535aefb644aeea4c2113b4d21) Importer(815301076,1909f56bfc062723c751e8b465ee728b)  -> (artifact id: 'bcc63389266751a48c51370ccea2cb8f') in 0.009296 seconds
Number of updated asset objects reloaded before import = 0
Number of asset objects unloaded after import = 3
========================================================================
Received Import Request.
  Time since last request: 0.000028 seconds.
  path: Assets/Tilemaps/spring farm tilemap_74.asset
  artifactKey: Guid(5ca82dfa4d5c1b04c9cb8e610452fd39) Importer(815301076,1909f56bfc062723c751e8b465ee728b)
Start importing Assets/Tilemaps/spring farm tilemap_74.asset using Guid(5ca82dfa4d5c1b04c9cb8e610452fd39) Importer(815301076,1909f56bfc062723c751e8b465ee728b)  -> (artifact id: '7478b2d7b43be6e04dbead24382b8011') in 0.009283 seconds
Number of updated asset objects reloaded before import = 0
Number of asset objects unloaded after import = 3
========================================================================
Received Import Request.
  Time since last request: 0.000018 seconds.
  path: Assets/Tilemaps/spring farm tilemap_77.asset
  artifactKey: Guid(18137539fe1dab54bbc3f21a18b70488) Importer(815301076,1909f56bfc062723c751e8b465ee728b)
Start importing Assets/Tilemaps/spring farm tilemap_77.asset using Guid(18137539fe1dab54bbc3f21a18b70488) Importer(815301076,1909f56bfc062723c751e8b465ee728b)  -> (artifact id: 'dac38967b7751d0fa40f87a7eb1187bf') in 0.008719 seconds
Number of updated asset objects reloaded before import = 0
Number of asset objects unloaded after import = 3
========================================================================
Received Import Request.
  Time since last request: 0.000013 seconds.
  path: Assets/Tilemaps/spring farm tilemap_83.asset
  artifactKey: Guid(482e9912f42d518419cdb5769a7c26bb) Importer(815301076,1909f56bfc062723c751e8b465ee728b)
Start importing Assets/Tilemaps/spring farm tilemap_83.asset using Guid(482e9912f42d518419cdb5769a7c26bb) Importer(815301076,1909f56bfc062723c751e8b465ee728b)  -> (artifact id: 'efe97346ff93e2fcdd4e8d3a6c9b2c0d') in 0.008456 seconds
Number of updated asset objects reloaded before import = 0
Number of asset objects unloaded after import = 3
========================================================================
Received Import Request.
  Time since last request: 0.000024 seconds.
  path: Assets/Tilemaps/spring farm tilemap_72.asset
  artifactKey: Guid(49da301f733c6fe4dbc84377fe8523aa) Importer(815301076,1909f56bfc062723c751e8b465ee728b)
Start importing Assets/Tilemaps/spring farm tilemap_72.asset using Guid(49da301f733c6fe4dbc84377fe8523aa) Importer(815301076,1909f56bfc062723c751e8b465ee728b)  -> (artifact id: 'c3309575e969dc2dd73fadceae101501') in 0.009185 seconds
Number of updated asset objects reloaded before import = 0
Number of asset objects unloaded after import = 3
========================================================================
Received Import Request.
  Time since last request: 0.000015 seconds.
  path: Assets/Tilemaps/spring farm tilemap_75.asset
  artifactKey: Guid(70df1dd027ea3e740aa4036e7ab9498c) Importer(815301076,1909f56bfc062723c751e8b465ee728b)
Start importing Assets/Tilemaps/spring farm tilemap_75.asset using Guid(70df1dd027ea3e740aa4036e7ab9498c) Importer(815301076,1909f56bfc062723c751e8b465ee728b)  -> (artifact id: 'd0e4bb791a73e47fbfaa83edb0eda677') in 0.008887 seconds
Number of updated asset objects reloaded before import = 0
Number of asset objects unloaded after import = 3
========================================================================
Received Import Request.
  Time since last request: 0.000017 seconds.
  path: Assets/Tilemaps/spring farm tilemap_82.asset
  artifactKey: Guid(4f6d49c5e0cb0d740a0c61e5792d8633) Importer(815301076,1909f56bfc062723c751e8b465ee728b)
Start importing Assets/Tilemaps/spring farm tilemap_82.asset using Guid(4f6d49c5e0cb0d740a0c61e5792d8633) Importer(815301076,1909f56bfc062723c751e8b465ee728b)  -> (artifact id: '7e39d53097deb3d05c0b914e394b6641') in 0.009095 seconds
Number of updated asset objects reloaded before import = 0
Number of asset objects unloaded after import = 3
========================================================================
Received Import Request.
  Time since last request: 0.000014 seconds.
  path: Assets/Tilemaps/spring farm tilemap_97.asset
  artifactKey: Guid(74335990ef228314cb9784b89691b833) Importer(815301076,1909f56bfc062723c751e8b465ee728b)
Start importing Assets/Tilemaps/spring farm tilemap_97.asset using Guid(74335990ef228314cb9784b89691b833) Importer(815301076,1909f56bfc062723c751e8b465ee728b)  -> (artifact id: '14890b06eb936f9352458af51c4fd071') in 0.009251 seconds
Number of updated asset objects reloaded before import = 0
Number of asset objects unloaded after import = 3
========================================================================
Received Import Request.
  Time since last request: 0.000014 seconds.
  path: Assets/Tilemaps/spring farm tilemap_93.asset
  artifactKey: Guid(f92bed12a30e2834f98091a6aebf5591) Importer(815301076,1909f56bfc062723c751e8b465ee728b)
Start importing Assets/Tilemaps/spring farm tilemap_93.asset using Guid(f92bed12a30e2834f98091a6aebf5591) Importer(815301076,1909f56bfc062723c751e8b465ee728b)  -> (artifact id: '3cdee5d8561ff1dcc37d6adb45346067') in 0.009032 seconds
Number of updated asset objects reloaded before import = 0
Number of asset objects unloaded after import = 3
========================================================================
Received Import Request.
  Time since last request: 0.000023 seconds.
  path: Assets/Tilemaps/spring farm tilemap_89.asset
  artifactKey: Guid(2c82b273d75eb22408d5db87160880e1) Importer(815301076,1909f56bfc062723c751e8b465ee728b)
Start importing Assets/Tilemaps/spring farm tilemap_89.asset using Guid(2c82b273d75eb22408d5db87160880e1) Importer(815301076,1909f56bfc062723c751e8b465ee728b)  -> (artifact id: '3377dd0ff67f588ba77b5863bcc26a64') in 0.008976 seconds
Number of updated asset objects reloaded before import = 0
Number of asset objects unloaded after import = 3
========================================================================
Received Import Request.
  Time since last request: 0.000023 seconds.
  path: Assets/Tilemaps/spring farm tilemap_78.asset
  artifactKey: Guid(62df54c4b10754b40894514440efce5c) Importer(815301076,1909f56bfc062723c751e8b465ee728b)
Start importing Assets/Tilemaps/spring farm tilemap_78.asset using Guid(62df54c4b10754b40894514440efce5c) Importer(815301076,1909f56bfc062723c751e8b465ee728b)  -> (artifact id: '17c20b1a8032ec83db3845a4cfbf0704') in 0.009283 seconds
Number of updated asset objects reloaded before import = 0
Number of asset objects unloaded after import = 3
========================================================================
Received Import Request.
  Time since last request: 0.000015 seconds.
  path: Assets/Tilemaps/spring farm tilemap_96.asset
  artifactKey: Guid(c479cb8b347f9494e8a2f6b98972d819) Importer(815301076,1909f56bfc062723c751e8b465ee728b)
Start importing Assets/Tilemaps/spring farm tilemap_96.asset using Guid(c479cb8b347f9494e8a2f6b98972d819) Importer(815301076,1909f56bfc062723c751e8b465ee728b)  -> (artifact id: 'dc611a56e9d7c8f01a586156720c8ebc') in 0.009068 seconds
Number of updated asset objects reloaded before import = 0
Number of asset objects unloaded after import = 3
========================================================================
Received Import Request.
  Time since last request: 0.000017 seconds.
  path: Assets/Tilemaps/spring farm tilemap_91.asset
  artifactKey: Guid(bb5ace02ae48080439ceba07c2932387) Importer(815301076,1909f56bfc062723c751e8b465ee728b)
Start importing Assets/Tilemaps/spring farm tilemap_91.asset using Guid(bb5ace02ae48080439ceba07c2932387) Importer(815301076,1909f56bfc062723c751e8b465ee728b)  -> (artifact id: '45d6c10a4b39e90d4937881fc87ca378') in 0.009788 seconds
Number of updated asset objects reloaded before import = 0
Number of asset objects unloaded after import = 3
========================================================================
Received Import Request.
  Time since last request: 0.000016 seconds.
  path: Assets/Tilemaps/spring farm tilemap_100.asset
  artifactKey: Guid(93cb82f26e3e3c446b42d5f35f18a747) Importer(815301076,1909f56bfc062723c751e8b465ee728b)
Start importing Assets/Tilemaps/spring farm tilemap_100.asset using Guid(93cb82f26e3e3c446b42d5f35f18a747) Importer(815301076,1909f56bfc062723c751e8b465ee728b)  -> (artifact id: '1d6f3c3f5138e7c87ed06166f67b86e9') in 0.010227 seconds
Number of updated asset objects reloaded before import = 0
Number of asset objects unloaded after import = 3
========================================================================
Received Import Request.
  Time since last request: 0.512716 seconds.
  path: Assets/Tilemaps/spring farm tilemap_106.asset
  artifactKey: Guid(b7b4329dc4f67ad40a7ea7cf7b905672) Importer(815301076,1909f56bfc062723c751e8b465ee728b)
Start importing Assets/Tilemaps/spring farm tilemap_106.asset using Guid(b7b4329dc4f67ad40a7ea7cf7b905672) Importer(815301076,1909f56bfc062723c751e8b465ee728b)  -> (artifact id: 'f345808ba8902f50b40c8ac0dbd32cc4') in 0.008386 seconds
Number of updated asset objects reloaded before import = 0
Number of asset objects unloaded after import = 3
========================================================================
Received Import Request.
  Time since last request: 0.000015 seconds.
  path: Assets/Tilemaps/spring farm tilemap_109.asset
  artifactKey: Guid(06f9fff03e78c1f4a8598ad166d86dcb) Importer(815301076,1909f56bfc062723c751e8b465ee728b)
Start importing Assets/Tilemaps/spring farm tilemap_109.asset using Guid(06f9fff03e78c1f4a8598ad166d86dcb) Importer(815301076,1909f56bfc062723c751e8b465ee728b)  -> (artifact id: '0ddf373f4eb5d3dd7666f0c760be7706') in 0.009253 seconds
Number of updated asset objects reloaded before import = 0
Number of asset objects unloaded after import = 3
========================================================================
Received Import Request.
  Time since last request: 0.000014 seconds.
  path: Assets/Tilemaps/spring farm tilemap_111.asset
  artifactKey: Guid(1b709972599ea394ebf219945bb32b31) Importer(815301076,1909f56bfc062723c751e8b465ee728b)
Start importing Assets/Tilemaps/spring farm tilemap_111.asset using Guid(1b709972599ea394ebf219945bb32b31) Importer(815301076,1909f56bfc062723c751e8b465ee728b)  -> (artifact id: '2b3aefe058b5b09bcc99bb39d97b3052') in 0.008858 seconds
Number of updated asset objects reloaded before import = 0
Number of asset objects unloaded after import = 3
========================================================================
Received Import Request.
  Time since last request: 0.000015 seconds.
  path: Assets/Tilemaps/spring farm tilemap_116.asset
  artifactKey: Guid(6f2e76c5dad755742bcb6f02d1ced979) Importer(815301076,1909f56bfc062723c751e8b465ee728b)
Start importing Assets/Tilemaps/spring farm tilemap_116.asset using Guid(6f2e76c5dad755742bcb6f02d1ced979) Importer(815301076,1909f56bfc062723c751e8b465ee728b)  -> (artifact id: '7d9ddc0c9c5223b30f5538443edf5930') in 0.009409 seconds
Number of updated asset objects reloaded before import = 0
Number of asset objects unloaded after import = 3
========================================================================
Received Import Request.
  Time since last request: 0.000015 seconds.
  path: Assets/Tilemaps/spring farm tilemap_118.asset
  artifactKey: Guid(0cb11c9edb5706944b1b272389732280) Importer(815301076,1909f56bfc062723c751e8b465ee728b)
Start importing Assets/Tilemaps/spring farm tilemap_118.asset using Guid(0cb11c9edb5706944b1b272389732280) Importer(815301076,1909f56bfc062723c751e8b465ee728b)  -> (artifact id: '366aef17b578ae124b40029fad66d1a2') in 0.009381 seconds
Number of updated asset objects reloaded before import = 0
Number of asset objects unloaded after import = 3
========================================================================
Received Import Request.
  Time since last request: 0.001396 seconds.
  path: Assets/Tilemaps/spring farm tilemap_121.asset
  artifactKey: Guid(0b5b239a38de3fc49aab19756fac0ced) Importer(815301076,1909f56bfc062723c751e8b465ee728b)
Start importing Assets/Tilemaps/spring farm tilemap_121.asset using Guid(0b5b239a38de3fc49aab19756fac0ced) Importer(815301076,1909f56bfc062723c751e8b465ee728b)  -> (artifact id: '9dc576a22a7a3afda1e8aada3e1aeaaa') in 0.008112 seconds
Number of updated asset objects reloaded before import = 0
Number of asset objects unloaded after import = 3
========================================================================
Received Import Request.
  Time since last request: 0.000017 seconds.
  path: Assets/Tilemaps/spring farm tilemap_132.asset
  artifactKey: Guid(9fe0eec8e340d8345970b9fd2a92328c) Importer(815301076,1909f56bfc062723c751e8b465ee728b)
Start importing Assets/Tilemaps/spring farm tilemap_132.asset using Guid(9fe0eec8e340d8345970b9fd2a92328c) Importer(815301076,1909f56bfc062723c751e8b465ee728b)  -> (artifact id: 'b16a1e08c1270cd725c7ad92618f6548') in 0.009216 seconds
Number of updated asset objects reloaded before import = 0
Number of asset objects unloaded after import = 3
========================================================================
Received Import Request.
  Time since last request: 0.000015 seconds.
  path: Assets/Tilemaps/spring farm tilemap_127.asset
  artifactKey: Guid(4ab5741cffe05df4da9138f7ef25aa10) Importer(815301076,1909f56bfc062723c751e8b465ee728b)
Start importing Assets/Tilemaps/spring farm tilemap_127.asset using Guid(4ab5741cffe05df4da9138f7ef25aa10) Importer(815301076,1909f56bfc062723c751e8b465ee728b)  -> (artifact id: 'd53953e3806c5be3602dcba492ee10ae') in 0.008859 seconds
Number of updated asset objects reloaded before import = 0
Number of asset objects unloaded after import = 3
========================================================================
Received Import Request.
  Time since last request: 0.000015 seconds.
  path: Assets/Tilemaps/spring farm tilemap_130.asset
  artifactKey: Guid(85b6472792edde743a772992eebe8dae) Importer(815301076,1909f56bfc062723c751e8b465ee728b)
Start importing Assets/Tilemaps/spring farm tilemap_130.asset using Guid(85b6472792edde743a772992eebe8dae) Importer(815301076,1909f56bfc062723c751e8b465ee728b)  -> (artifact id: '870b6b5e2b3d2f2992d3d91af2a0e019') in 0.009224 seconds
Number of updated asset objects reloaded before import = 0
Number of asset objects unloaded after import = 3
========================================================================
Received Import Request.
  Time since last request: 0.000015 seconds.
  path: Assets/Tilemaps/spring farm tilemap_128.asset
  artifactKey: Guid(ecab486692f466747b27860c547abffa) Importer(815301076,1909f56bfc062723c751e8b465ee728b)
Start importing Assets/Tilemaps/spring farm tilemap_128.asset using Guid(ecab486692f466747b27860c547abffa) Importer(815301076,1909f56bfc062723c751e8b465ee728b)  -> (artifact id: 'a0641963c91da8a7e2ddfb359af9a3ee') in 0.008833 seconds
Number of updated asset objects reloaded before import = 0
Number of asset objects unloaded after import = 3
========================================================================
Received Import Request.
  Time since last request: 0.000018 seconds.
  path: Assets/Tilemaps/spring farm tilemap_134.asset
  artifactKey: Guid(71ca3f664fd855145846a70e41cb45ce) Importer(815301076,1909f56bfc062723c751e8b465ee728b)
Start importing Assets/Tilemaps/spring farm tilemap_134.asset using Guid(71ca3f664fd855145846a70e41cb45ce) Importer(815301076,1909f56bfc062723c751e8b465ee728b)  -> (artifact id: '75506c1c347333323d3ede7c7b63e228') in 0.009533 seconds
Number of updated asset objects reloaded before import = 0
Number of asset objects unloaded after import = 3
========================================================================
Received Import Request.
  Time since last request: 0.000017 seconds.
  path: Assets/Tilemaps/spring farm tilemap_137.asset
  artifactKey: Guid(a5a94b82ff4206f4895fb1e63d3aaad2) Importer(815301076,1909f56bfc062723c751e8b465ee728b)
Start importing Assets/Tilemaps/spring farm tilemap_137.asset using Guid(a5a94b82ff4206f4895fb1e63d3aaad2) Importer(815301076,1909f56bfc062723c751e8b465ee728b)  -> (artifact id: '54b8f7aa07a3b726c707f1fc47fb8abf') in 0.008969 seconds
Number of updated asset objects reloaded before import = 0
Number of asset objects unloaded after import = 3
========================================================================
Received Import Request.
  Time since last request: 0.000019 seconds.
  path: Assets/Tilemaps/spring farm tilemap_144.asset
  artifactKey: Guid(3fb9da55a220cb644bb23ee124f529e2) Importer(815301076,1909f56bfc062723c751e8b465ee728b)
Start importing Assets/Tilemaps/spring farm tilemap_144.asset using Guid(3fb9da55a220cb644bb23ee124f529e2) Importer(815301076,1909f56bfc062723c751e8b465ee728b)  -> (artifact id: 'dc6805db3c88c103e90aa5f8b7110a91') in 0.009884 seconds
Number of updated asset objects reloaded before import = 0
Number of asset objects unloaded after import = 3
========================================================================
Received Import Request.
  Time since last request: 0.000017 seconds.
  path: Assets/Tilemaps/spring farm tilemap_145.asset
  artifactKey: Guid(f79f73021c367bf499090c7cf0992930) Importer(815301076,1909f56bfc062723c751e8b465ee728b)
Start importing Assets/Tilemaps/spring farm tilemap_145.asset using Guid(f79f73021c367bf499090c7cf0992930) Importer(815301076,1909f56bfc062723c751e8b465ee728b)  -> (artifact id: 'df3c5301b769326ba75abddbff51934f') in 0.009938 seconds
Number of updated asset objects reloaded before import = 0
Number of asset objects unloaded after import = 3
========================================================================
Received Import Request.
  Time since last request: 0.000015 seconds.
  path: Assets/Tilemaps/spring farm tilemap_142.asset
  artifactKey: Guid(944ab23f493143649a4979d3265ac0f5) Importer(815301076,1909f56bfc062723c751e8b465ee728b)
Start importing Assets/Tilemaps/spring farm tilemap_142.asset using Guid(944ab23f493143649a4979d3265ac0f5) Importer(815301076,1909f56bfc062723c751e8b465ee728b)  -> (artifact id: 'ba4bf2a2bb86147f6d8233bcd2b3a93a') in 0.008690 seconds
Number of updated asset objects reloaded before import = 0
Number of asset objects unloaded after import = 3
========================================================================
Received Import Request.
  Time since last request: 0.205124 seconds.
  path: Assets/Tilemaps/spring farm tilemap_151.asset
  artifactKey: Guid(4b3d2d5a7ac262a4ca52da70546ef80d) Importer(815301076,1909f56bfc062723c751e8b465ee728b)
Start importing Assets/Tilemaps/spring farm tilemap_151.asset using Guid(4b3d2d5a7ac262a4ca52da70546ef80d) Importer(815301076,1909f56bfc062723c751e8b465ee728b)  -> (artifact id: '4e32e37cf8ec528b7d0a94e85fe4a11f') in 0.008069 seconds
Number of updated asset objects reloaded before import = 0
Number of asset objects unloaded after import = 3
========================================================================
Received Import Request.
  Time since last request: 0.000019 seconds.
  path: Assets/Tilemaps/spring farm tilemap_152.asset
  artifactKey: Guid(1c604e09051686f449274dd102bfef24) Importer(815301076,1909f56bfc062723c751e8b465ee728b)
Start importing Assets/Tilemaps/spring farm tilemap_152.asset using Guid(1c604e09051686f449274dd102bfef24) Importer(815301076,1909f56bfc062723c751e8b465ee728b)  -> (artifact id: '0c0459f95acf2592ebd00350d012badf') in 0.010104 seconds
Number of updated asset objects reloaded before import = 0
Number of asset objects unloaded after import = 3
Editor requested this worker to shutdown with reason: Scaling down because of idle timeout
TcpMessagingSession - receive error
AssetImportWorkerClient::OnTransportError - code=2 error=End of file
AssetImportWorker is now disconnected from the server
Process exiting
Exiting without the bug reporter. Application will terminate with return code 0