Using pre-set license
Built from '2022.3/staging' branch; Version is '2022.3.7f1 (b16b3b16c7a0) revision 11627323'; Using compiler version '192829333'; Build Type 'Release'
OS: 'Windows 10  (10.0.19045) 64bit Core' Language: 'en' Physical Memory: 16197 MB
BatchMode: 1, IsHumanControllingUs: 0, StartBugReporterOnCrash: 0, Is64bit: 1, IsPro: 1

COMMAND LINE ARGUMENTS:
C:\Program Files\Unity 2022.3.7f1\Editor\Unity.exe
-adb2
-batchMode
-noUpm
-name
AssetImportWorker3
-projectPath
C:/Users/Tristan/Desktop/CropQuest
-logFile
Logs/AssetImportWorker3.log
-srvPort
51645
Successfully changed project path to: C:/Users/Tristan/Desktop/CropQuest
C:/Users/Tristan/Desktop/CropQuest
[UnityMemory] Configuration Parameters - Can be set up in boot.config
    "memorysetup-bucket-allocator-granularity=16"
    "memorysetup-bucket-allocator-bucket-count=8"
    "memorysetup-bucket-allocator-block-size=33554432"
    "memorysetup-bucket-allocator-block-count=8"
    "memorysetup-main-allocator-block-size=16777216"
    "memorysetup-thread-allocator-block-size=16777216"
    "memorysetup-gfx-main-allocator-block-size=16777216"
    "memorysetup-gfx-thread-allocator-block-size=16777216"
    "memorysetup-cache-allocator-block-size=4194304"
    "memorysetup-typetree-allocator-block-size=2097152"
    "memorysetup-profiler-bucket-allocator-granularity=16"
    "memorysetup-profiler-bucket-allocator-bucket-count=8"
    "memorysetup-profiler-bucket-allocator-block-size=33554432"
    "memorysetup-profiler-bucket-allocator-block-count=8"
    "memorysetup-profiler-allocator-block-size=16777216"
    "memorysetup-profiler-editor-allocator-block-size=1048576"
    "memorysetup-temp-allocator-size-main=16777216"
    "memorysetup-job-temp-allocator-block-size=2097152"
    "memorysetup-job-temp-allocator-block-size-background=1048576"
    "memorysetup-job-temp-allocator-reduction-small-platforms=262144"
    "memorysetup-allocator-temp-initial-block-size-main=262144"
    "memorysetup-allocator-temp-initial-block-size-worker=262144"
    "memorysetup-temp-allocator-size-background-worker=32768"
    "memorysetup-temp-allocator-size-job-worker=262144"
    "memorysetup-temp-allocator-size-preload-manager=33554432"
    "memorysetup-temp-allocator-size-nav-mesh-worker=65536"
    "memorysetup-temp-allocator-size-audio-worker=65536"
    "memorysetup-temp-allocator-size-cloud-worker=32768"
    "memorysetup-temp-allocator-size-gi-baking-worker=262144"
    "memorysetup-temp-allocator-size-gfx=262144"
Player connection [19284] Host "[IP] 192.168.1.73 [Port] 0 [Flags] 2 [Guid] 3107500649 [EditorId] 3107500649 [Version] 1048832 [Id] WindowsEditor(7,DESKTOP-DQJ1GM7) [Debug] 1 [PackageName] WindowsEditor [ProjectName] Editor" joined multi-casting on [225.0.0.222:54997]...

Player connection [19284] Host "[IP] 192.168.1.73 [Port] 0 [Flags] 2 [Guid] 3107500649 [EditorId] 3107500649 [Version] 1048832 [Id] WindowsEditor(7,DESKTOP-DQJ1GM7) [Debug] 1 [PackageName] WindowsEditor [ProjectName] Editor" joined alternative multi-casting on [225.0.0.222:34997]...

Refreshing native plugins compatible for Editor in 10.79 ms, found 4 plugins.
Preloading 0 native plugins for Editor in 0.00 ms.
Initialize engine version: 2022.3.7f1 (b16b3b16c7a0)
[Subsystems] Discovering subsystems at path C:/Program Files/Unity 2022.3.7f1/Editor/Data/Resources/UnitySubsystems
[Subsystems] Discovering subsystems at path C:/Users/Tristan/Desktop/CropQuest/Assets
GfxDevice: creating device client; threaded=0; jobified=0
Direct3D:
    Version:  Direct3D 11.0 [level 11.1]
    Renderer: AMD Radeon RX 6600 (ID=0x73ff)
    Vendor:   ATI
    VRAM:     8147 MB
    Driver:   31.0.14057.5006
Initialize mono
Mono path[0] = 'C:/Program Files/Unity 2022.3.7f1/Editor/Data/Managed'
Mono path[1] = 'C:/Program Files/Unity 2022.3.7f1/Editor/Data/MonoBleedingEdge/lib/mono/unityjit-win32'
Mono config path = 'C:/Program Files/Unity 2022.3.7f1/Editor/Data/MonoBleedingEdge/etc'
Using monoOptions --debugger-agent=transport=dt_socket,embedding=1,server=y,suspend=n,address=127.0.0.1:56788
Begin MonoManager ReloadAssembly
Registering precompiled unity dll's ...
Register platform support module: C:/Program Files/Unity 2022.3.7f1/Editor/Data/PlaybackEngines/WindowsStandaloneSupport/UnityEditor.WindowsStandalone.Extensions.dll
Registered in 0.003604 seconds.
- Loaded All Assemblies, in  0.236 seconds
Native extension for WindowsStandalone target not found
Mono: successfully reloaded assembly
- Finished resetting the current domain, in  0.176 seconds
Domain Reload Profiling: 411ms
	BeginReloadAssembly (78ms)
		ExecutionOrderSort (0ms)
		DisableScriptedObjects (0ms)
		BackupInstance (0ms)
		ReleaseScriptingObjects (0ms)
		CreateAndSetChildDomain (1ms)
	RebuildCommonClasses (23ms)
	RebuildNativeTypeToScriptingClass (7ms)
	initialDomainReloadingComplete (38ms)
	LoadAllAssembliesAndSetupDomain (88ms)
		LoadAssemblies (76ms)
		RebuildTransferFunctionScriptingTraits (0ms)
		AnalyzeDomain (87ms)
			TypeCache.Refresh (86ms)
				TypeCache.ScanAssembly (77ms)
			ScanForSourceGeneratedMonoScriptInfo (0ms)
			ResolveRequiredComponents (0ms)
	FinalizeReload (176ms)
		ReleaseScriptCaches (0ms)
		RebuildScriptCaches (0ms)
		SetupLoadedEditorAssemblies (136ms)
			LogAssemblyErrors (0ms)
			InitializePlatformSupportModulesInManaged (6ms)
			SetLoadedEditorAssemblies (5ms)
			RefreshPlugins (0ms)
			BeforeProcessingInitializeOnLoad (1ms)
			ProcessInitializeOnLoadAttributes (90ms)
			ProcessInitializeOnLoadMethodAttributes (33ms)
			AfterProcessingInitializeOnLoad (0ms)
			EditorAssembliesLoaded (0ms)
		ExecutionOrderSort2 (0ms)
		AwakeInstancesAfterBackupRestoration (0ms)
========================================================================
Worker process is ready to serve import requests
Begin MonoManager ReloadAssembly
Symbol file LoadedFromMemory doesn't match image C:\Users\Tristan\Desktop\CropQuest\Library\PackageCache\com.unity.visualscripting@1.8.0\Editor\VisualScripting.Core\Dependencies\YamlDotNet\Unity.VisualScripting.YamlDotNet.dll
Symbol file LoadedFromMemory doesn't match image C:\Users\Tristan\Desktop\CropQuest\Library\PackageCache\com.unity.visualscripting@1.8.0\Editor\VisualScripting.Core\Dependencies\DotNetZip\Unity.VisualScripting.IonicZip.dll
- Loaded All Assemblies, in  0.453 seconds
Refreshing native plugins compatible for Editor in 4.46 ms, found 4 plugins.
Native extension for WindowsStandalone target not found
Mono: successfully reloaded assembly
Package Manager log level set to [2]
[Package Manager] Server::EnsureServerProcessIsRunning -- launch failed, reason: Unity was launched with the -noUpm command-line argument
[Package Manager] UpmClient::Send -- Unable to send message (not connected to UPM process).
[Package Manager] Cannot connect to Unity Package Manager local server
[Package Manager] Server::EnsureServerProcessIsRunning -- launch failed, reason: Unity was launched with the -noUpm command-line argument
[Package Manager] UpmClient::Send -- Unable to send message (not connected to UPM process).
[Package Manager] Cannot connect to Unity Package Manager local server
- Finished resetting the current domain, in  0.400 seconds
Domain Reload Profiling: 850ms
	BeginReloadAssembly (103ms)
		ExecutionOrderSort (0ms)
		DisableScriptedObjects (4ms)
		BackupInstance (0ms)
		ReleaseScriptingObjects (0ms)
		CreateAndSetChildDomain (15ms)
	RebuildCommonClasses (23ms)
	RebuildNativeTypeToScriptingClass (7ms)
	initialDomainReloadingComplete (30ms)
	LoadAllAssembliesAndSetupDomain (287ms)
		LoadAssemblies (222ms)
		RebuildTransferFunctionScriptingTraits (0ms)
		AnalyzeDomain (124ms)
			TypeCache.Refresh (104ms)
				TypeCache.ScanAssembly (92ms)
			ScanForSourceGeneratedMonoScriptInfo (17ms)
			ResolveRequiredComponents (3ms)
	FinalizeReload (400ms)
		ReleaseScriptCaches (0ms)
		RebuildScriptCaches (0ms)
		SetupLoadedEditorAssemblies (289ms)
			LogAssemblyErrors (0ms)
			InitializePlatformSupportModulesInManaged (4ms)
			SetLoadedEditorAssemblies (3ms)
			RefreshPlugins (0ms)
			BeforeProcessingInitializeOnLoad (55ms)
			ProcessInitializeOnLoadAttributes (197ms)
			ProcessInitializeOnLoadMethodAttributes (26ms)
			AfterProcessingInitializeOnLoad (4ms)
			EditorAssembliesLoaded (0ms)
		ExecutionOrderSort2 (0ms)
		AwakeInstancesAfterBackupRestoration (4ms)
Launched and connected shader compiler UnityShaderCompiler.exe after 0.03 seconds
Refreshing native plugins compatible for Editor in 3.90 ms, found 4 plugins.
Preloading 0 native plugins for Editor in 0.00 ms.
Unloading 4273 Unused Serialized files (Serialized files now loaded: 0)
Unloading 78 unused Assets / (68.3 KB). Loaded Objects now: 4722.
Memory consumption went from 145.5 MB to 145.4 MB.
Total: 2.764400 ms (FindLiveObjects: 0.215300 ms CreateObjectMapping: 0.093900 ms MarkObjects: 2.341500 ms  DeleteObjects: 0.113000 ms)

AssetImportParameters requested are different than current active one (requested -> active):
  custom:container-demuxer-ogg: 62fdf1f143b41e24485cea50d1cbac27 -> 
  custom:video-decoder-ogg-theora: a1e56fd34408186e4bbccfd4996cb3dc -> 
  custom:framework-win-MediaFoundation: 216162199b28c13a410421893ffa2e32 -> 
  custom:CustomObjectIndexerAttribute: 756ad292c208cfabdd7b50bc23989ffe -> 
  custom:container-demuxer-webm: 4f35f7cbe854078d1ac9338744f61a02 -> 
  custom:container-muxer-webm: aa71ff27fc2769a1b78a27578f13a17b -> 
  custom:video-decoder-webm-vp8: 9c59270c3fd7afecdb556c50c9e8de78 -> 
  custom:SearchIndexIgnoredProperties: e643bd26f0fe6173181afceb89e7c659 -> 
  custom:AudioImporter_EditorPlatform: d09bf68614088b80899f8185d706f6e7 -> 
  custom:video-encoder-webm-vp8: eb34c28f22e8b96e1ab97ce403110664 -> 
  custom:audio-decoder-ogg-vorbis: bf7c407c2cedff20999df2af8eb42d56 -> 
  custom:audio-encoder-webm-vorbis: bf7c407c2cedff20999df2af8eb42d56 -> 
========================================================================
Received Import Request.
  Time since last request: 56251.280507 seconds.
  path: Assets/Tiny Wonder Farm Free/tilemaps/farm bridges free_60.asset
  artifactKey: Guid(6f4b431914a3d2643a9b9bce412848d8) Importer(815301076,1909f56bfc062723c751e8b465ee728b)
Start importing Assets/Tiny Wonder Farm Free/tilemaps/farm bridges free_60.asset using Guid(6f4b431914a3d2643a9b9bce412848d8) Importer(815301076,1909f56bfc062723c751e8b465ee728b)  -> (artifact id: 'd80a4cf49e5c082fc8e5595ab7b8ad81') in 0.062432 seconds
Number of updated asset objects reloaded before import = 0
Number of asset objects unloaded after import = 3
========================================================================
Received Import Request.
  Time since last request: 0.000020 seconds.
  path: Assets/Tiny Wonder Farm Free/tilemaps/farm bridges free_86.asset
  artifactKey: Guid(6da125c288e44d6419232332648ed8bb) Importer(815301076,1909f56bfc062723c751e8b465ee728b)
Start importing Assets/Tiny Wonder Farm Free/tilemaps/farm bridges free_86.asset using Guid(6da125c288e44d6419232332648ed8bb) Importer(815301076,1909f56bfc062723c751e8b465ee728b)  -> (artifact id: '6c05fe1ce5ab2db24239aa88c39b3476') in 0.007771 seconds
Number of updated asset objects reloaded before import = 0
Number of asset objects unloaded after import = 3
========================================================================
Received Import Request.
  Time since last request: 0.000013 seconds.
  path: Assets/Tiny Wonder Farm Free/tilemaps/farm bridges free_83.asset
  artifactKey: Guid(33a23a09f3dbc184f8b609371e1811d0) Importer(815301076,1909f56bfc062723c751e8b465ee728b)
Start importing Assets/Tiny Wonder Farm Free/tilemaps/farm bridges free_83.asset using Guid(33a23a09f3dbc184f8b609371e1811d0) Importer(815301076,1909f56bfc062723c751e8b465ee728b)  -> (artifact id: '3152357cc6dd7642dd20c770af5c3ed7') in 0.008693 seconds
Number of updated asset objects reloaded before import = 0
Number of asset objects unloaded after import = 3
========================================================================
Received Import Request.
  Time since last request: 0.000018 seconds.
  path: Assets/Tiny Wonder Farm Free/tilemaps/farm bridges free_81.asset
  artifactKey: Guid(552b57be39213f547a216af07497b3b5) Importer(815301076,1909f56bfc062723c751e8b465ee728b)
Start importing Assets/Tiny Wonder Farm Free/tilemaps/farm bridges free_81.asset using Guid(552b57be39213f547a216af07497b3b5) Importer(815301076,1909f56bfc062723c751e8b465ee728b)  -> (artifact id: 'c48ec9834d20e5f6983c4267c380e247') in 0.008860 seconds
Number of updated asset objects reloaded before import = 0
Number of asset objects unloaded after import = 3
========================================================================
Received Import Request.
  Time since last request: 0.000020 seconds.
  path: Assets/Tiny Wonder Farm Free/tilemaps/farm bridges free_87.asset
  artifactKey: Guid(1fc445c72f6edae4eb9732ff3438eb7e) Importer(815301076,1909f56bfc062723c751e8b465ee728b)
Start importing Assets/Tiny Wonder Farm Free/tilemaps/farm bridges free_87.asset using Guid(1fc445c72f6edae4eb9732ff3438eb7e) Importer(815301076,1909f56bfc062723c751e8b465ee728b)  -> (artifact id: '636362309ce209c6737f9ad003dde1e4') in 0.004631 seconds
Number of updated asset objects reloaded before import = 0
Number of asset objects unloaded after import = 3
========================================================================
Received Import Request.
  Time since last request: 0.020003 seconds.
  path: Assets/Tiny Wonder Farm Free/tilemaps/farm bridges free_90.asset
  artifactKey: Guid(7ef71f48d39ef18439fe9a9be27f16fa) Importer(815301076,1909f56bfc062723c751e8b465ee728b)
Start importing Assets/Tiny Wonder Farm Free/tilemaps/farm bridges free_90.asset using Guid(7ef71f48d39ef18439fe9a9be27f16fa) Importer(815301076,1909f56bfc062723c751e8b465ee728b)  -> (artifact id: '9e9dc8911c9e1446b03abed8d09b64fb') in 0.004134 seconds
Number of updated asset objects reloaded before import = 0
Number of asset objects unloaded after import = 3
========================================================================
Received Import Request.
  Time since last request: 0.000012 seconds.
  path: Assets/Tiny Wonder Farm Free/tilemaps/farm bridges free_92.asset
  artifactKey: Guid(69036fa2e99db6d42aae4d2b66ad12a9) Importer(815301076,1909f56bfc062723c751e8b465ee728b)
Start importing Assets/Tiny Wonder Farm Free/tilemaps/farm bridges free_92.asset using Guid(69036fa2e99db6d42aae4d2b66ad12a9) Importer(815301076,1909f56bfc062723c751e8b465ee728b)  -> (artifact id: '1c7588bfcdc6465ebb45b23638b8a8f7') in 0.008640 seconds
Number of updated asset objects reloaded before import = 0
Number of asset objects unloaded after import = 3
========================================================================
Received Import Request.
  Time since last request: 26.287520 seconds.
  path: Assets/Tiny Wonder Farm Free/objects&items/farm objects free_0 2.asset
  artifactKey: Guid(0db836c9aeb1d5f4fb43777fffe6b257) Importer(815301076,1909f56bfc062723c751e8b465ee728b)
Start importing Assets/Tiny Wonder Farm Free/objects&items/farm objects free_0 2.asset using Guid(0db836c9aeb1d5f4fb43777fffe6b257) Importer(815301076,1909f56bfc062723c751e8b465ee728b)  -> (artifact id: 'cd721b2d4feae22da408de38bbc278a1') in 0.008363 seconds
Number of updated asset objects reloaded before import = 0
Number of asset objects unloaded after import = 3
========================================================================
Received Import Request.
  Time since last request: 0.000015 seconds.
  path: Assets/Tiny Wonder Farm Free/objects&items/farm objects free_2 2.asset
  artifactKey: Guid(b2760043556c6ae4fbadb10ecb3111e0) Importer(815301076,1909f56bfc062723c751e8b465ee728b)
Start importing Assets/Tiny Wonder Farm Free/objects&items/farm objects free_2 2.asset using Guid(b2760043556c6ae4fbadb10ecb3111e0) Importer(815301076,1909f56bfc062723c751e8b465ee728b)  -> (artifact id: '4d17d2a2ebb212e915038b86a3a0f59d') in 0.009528 seconds
Number of updated asset objects reloaded before import = 0
Number of asset objects unloaded after import = 3
========================================================================
Received Import Request.
  Time since last request: 0.000025 seconds.
  path: Assets/Tiny Wonder Farm Free/objects&items/plants free_5.asset
  artifactKey: Guid(f600d8b125b714c4f9fa2756c1fabbfd) Importer(815301076,1909f56bfc062723c751e8b465ee728b)
Start importing Assets/Tiny Wonder Farm Free/objects&items/plants free_5.asset using Guid(f600d8b125b714c4f9fa2756c1fabbfd) Importer(815301076,1909f56bfc062723c751e8b465ee728b)  -> (artifact id: 'f61a88b3d65b2ed01d7a87b76039a504') in 0.009764 seconds
Number of updated asset objects reloaded before import = 0
Number of asset objects unloaded after import = 3
========================================================================
Received Import Request.
  Time since last request: 0.000020 seconds.
  path: Assets/Tiny Wonder Farm Free/objects&items/farm objects free_6 2.asset
  artifactKey: Guid(d54148510831cc247b5209d5713a9f82) Importer(815301076,1909f56bfc062723c751e8b465ee728b)
Start importing Assets/Tiny Wonder Farm Free/objects&items/farm objects free_6 2.asset using Guid(d54148510831cc247b5209d5713a9f82) Importer(815301076,1909f56bfc062723c751e8b465ee728b)  -> (artifact id: '73e6a501159618b1dc45ace024229d98') in 0.009789 seconds
Number of updated asset objects reloaded before import = 0
Number of asset objects unloaded after import = 3
========================================================================
Received Import Request.
  Time since last request: 0.000018 seconds.
  path: Assets/Tiny Wonder Farm Free/objects&items/plants free_16.asset
  artifactKey: Guid(031c88a4494aa9a499a837d8abf6afa8) Importer(815301076,1909f56bfc062723c751e8b465ee728b)
Start importing Assets/Tiny Wonder Farm Free/objects&items/plants free_16.asset using Guid(031c88a4494aa9a499a837d8abf6afa8) Importer(815301076,1909f56bfc062723c751e8b465ee728b)  -> (artifact id: '347af7bb6aad5d20fbff3ce32f5df8fc') in 0.011999 seconds
Number of updated asset objects reloaded before import = 0
Number of asset objects unloaded after import = 3
========================================================================
Received Import Request.
  Time since last request: 0.000030 seconds.
  path: Assets/Tiny Wonder Farm Free/objects&items/farm objects free_4 1.asset
  artifactKey: Guid(316e5d968ccf4954e91bcb51ffb540a9) Importer(815301076,1909f56bfc062723c751e8b465ee728b)
Start importing Assets/Tiny Wonder Farm Free/objects&items/farm objects free_4 1.asset using Guid(316e5d968ccf4954e91bcb51ffb540a9) Importer(815301076,1909f56bfc062723c751e8b465ee728b)  -> (artifact id: '0da156358060c8e46a86b2a4fb3288d9') in 0.009565 seconds
Number of updated asset objects reloaded before import = 0
Number of asset objects unloaded after import = 3
========================================================================
Received Import Request.
  Time since last request: 0.000022 seconds.
  path: Assets/Tiny Wonder Farm Free/objects&items/farm objects free_2 1.asset
  artifactKey: Guid(0e9a5af64c89a4340b24be74fa88476c) Importer(815301076,1909f56bfc062723c751e8b465ee728b)
Start importing Assets/Tiny Wonder Farm Free/objects&items/farm objects free_2 1.asset using Guid(0e9a5af64c89a4340b24be74fa88476c) Importer(815301076,1909f56bfc062723c751e8b465ee728b)  -> (artifact id: '1b86e2d48343161f658f07d01abc4fb4') in 0.004568 seconds
Number of updated asset objects reloaded before import = 0
Number of asset objects unloaded after import = 3
========================================================================
Received Import Request.
  Time since last request: 0.000012 seconds.
  path: Assets/Tiny Wonder Farm Free/objects&items/plants free_13.asset
  artifactKey: Guid(16471fcd8479d3246b8a7fbc272db528) Importer(815301076,1909f56bfc062723c751e8b465ee728b)
Start importing Assets/Tiny Wonder Farm Free/objects&items/plants free_13.asset using Guid(16471fcd8479d3246b8a7fbc272db528) Importer(815301076,1909f56bfc062723c751e8b465ee728b)  -> (artifact id: '95a3b0c69f1da250f818bbcc7aaf6654') in 0.009318 seconds
Number of updated asset objects reloaded before import = 0
Number of asset objects unloaded after import = 3
========================================================================
Received Import Request.
  Time since last request: 0.000015 seconds.
  path: Assets/Tiny Wonder Farm Free/objects&items/plants free_15.asset
  artifactKey: Guid(d918d6cd5e26dc94fa5574eb529d4e86) Importer(815301076,1909f56bfc062723c751e8b465ee728b)
Start importing Assets/Tiny Wonder Farm Free/objects&items/plants free_15.asset using Guid(d918d6cd5e26dc94fa5574eb529d4e86) Importer(815301076,1909f56bfc062723c751e8b465ee728b)  -> (artifact id: '67d393c071d7e5374efc8200b305467a') in 0.008714 seconds
Number of updated asset objects reloaded before import = 0
Number of asset objects unloaded after import = 3
========================================================================
Received Import Request.
  Time since last request: 0.000014 seconds.
  path: Assets/Tiny Wonder Farm Free/objects&items/plants free.asset
  artifactKey: Guid(07d67a4e5dccd8b468536ca9812f4944) Importer(815301076,1909f56bfc062723c751e8b465ee728b)
Start importing Assets/Tiny Wonder Farm Free/objects&items/plants free.asset using Guid(07d67a4e5dccd8b468536ca9812f4944) Importer(815301076,1909f56bfc062723c751e8b465ee728b)  -> (artifact id: 'e838ffad924a4ab55077be437d22b030') in 0.001850 seconds
Number of updated asset objects reloaded before import = 0
Number of asset objects unloaded after import = 1
========================================================================
Received Import Request.
  Time since last request: 0.000013 seconds.
  path: Assets/Tiny Wonder Farm Free/objects&items/plants free_7.asset
  artifactKey: Guid(9cc3ed633bc55c34daf7845c23eb7a85) Importer(815301076,1909f56bfc062723c751e8b465ee728b)
Start importing Assets/Tiny Wonder Farm Free/objects&items/plants free_7.asset using Guid(9cc3ed633bc55c34daf7845c23eb7a85) Importer(815301076,1909f56bfc062723c751e8b465ee728b)  -> (artifact id: '675d8ce5f30cc1b712169de911394bb1') in 0.009429 seconds
Number of updated asset objects reloaded before import = 0
Number of asset objects unloaded after import = 3
========================================================================
Received Import Request.
  Time since last request: 0.000017 seconds.
  path: Assets/Tiny Wonder Farm Free/objects&items/farm objects free_5.asset
  artifactKey: Guid(4d808b07b0a706c41b29b60b7c5d1827) Importer(815301076,1909f56bfc062723c751e8b465ee728b)
Start importing Assets/Tiny Wonder Farm Free/objects&items/farm objects free_5.asset using Guid(4d808b07b0a706c41b29b60b7c5d1827) Importer(815301076,1909f56bfc062723c751e8b465ee728b)  -> (artifact id: '35eae682d661108c53ec7c6aa9a4c998') in 0.004065 seconds
Number of updated asset objects reloaded before import = 0
Number of asset objects unloaded after import = 3
========================================================================
Received Import Request.
  Time since last request: 0.000024 seconds.
  path: Assets/Tiny Wonder Farm Free/objects&items/plants free_8.asset
  artifactKey: Guid(3b05ebda141c70e42bb7a19b92424b21) Importer(815301076,1909f56bfc062723c751e8b465ee728b)
Start importing Assets/Tiny Wonder Farm Free/objects&items/plants free_8.asset using Guid(3b05ebda141c70e42bb7a19b92424b21) Importer(815301076,1909f56bfc062723c751e8b465ee728b)  -> (artifact id: '937850061f639ab05d3dffab6306848c') in 0.008699 seconds
Number of updated asset objects reloaded before import = 0
Number of asset objects unloaded after import = 3
========================================================================
Received Import Request.
  Time since last request: 0.000017 seconds.
  path: Assets/Tiny Wonder Farm Free/objects&items/plants free_22.asset
  artifactKey: Guid(79f4f9d334f76fb4ead07fdae0557424) Importer(815301076,1909f56bfc062723c751e8b465ee728b)
Start importing Assets/Tiny Wonder Farm Free/objects&items/plants free_22.asset using Guid(79f4f9d334f76fb4ead07fdae0557424) Importer(815301076,1909f56bfc062723c751e8b465ee728b)  -> (artifact id: 'bfca2e4d5a1003d41266d606c4a3a51c') in 0.008800 seconds
Number of updated asset objects reloaded before import = 0
Number of asset objects unloaded after import = 3
========================================================================
Received Import Request.
  Time since last request: 0.000017 seconds.
  path: Assets/Tiny Wonder Farm Free/objects&items/plants free_14.asset
  artifactKey: Guid(092922fd21f4e414295a0856e1626d2e) Importer(815301076,1909f56bfc062723c751e8b465ee728b)
Start importing Assets/Tiny Wonder Farm Free/objects&items/plants free_14.asset using Guid(092922fd21f4e414295a0856e1626d2e) Importer(815301076,1909f56bfc062723c751e8b465ee728b)  -> (artifact id: 'e2b9ad73b8f6ce961bb724b726f916be') in 0.008160 seconds
Number of updated asset objects reloaded before import = 0
Number of asset objects unloaded after import = 3
========================================================================
Received Import Request.
  Time since last request: 0.000015 seconds.
  path: Assets/Tiny Wonder Farm Free/objects&items/items free.png
  artifactKey: Guid(9b2d79e6fb8dcb94caa32258e67c8481) Importer(815301076,1909f56bfc062723c751e8b465ee728b)
Start importing Assets/Tiny Wonder Farm Free/objects&items/items free.png using Guid(9b2d79e6fb8dcb94caa32258e67c8481) Importer(815301076,1909f56bfc062723c751e8b465ee728b)  -> (artifact id: '5be259301dc83e401031ecb501d2ebd7') in 0.045724 seconds
Number of updated asset objects reloaded before import = 0
Number of asset objects unloaded after import = 3
========================================================================
Received Import Request.
  Time since last request: 0.000017 seconds.
  path: Assets/Tiny Wonder Farm Free/objects&items/plants free_19.asset
  artifactKey: Guid(4fb32d0e2f3d4bf4aabab64b9ed9e042) Importer(815301076,1909f56bfc062723c751e8b465ee728b)
Start importing Assets/Tiny Wonder Farm Free/objects&items/plants free_19.asset using Guid(4fb32d0e2f3d4bf4aabab64b9ed9e042) Importer(815301076,1909f56bfc062723c751e8b465ee728b)  -> (artifact id: '315616ab263fe0e6a3ba0c57b51baeed') in 0.009033 seconds
Number of updated asset objects reloaded before import = 0
Number of asset objects unloaded after import = 3
========================================================================
Received Import Request.
  Time since last request: 0.000015 seconds.
  path: Assets/Tiny Wonder Farm Free/objects&items/plants free_23.asset
  artifactKey: Guid(e3255b3ef09259b4285e43a53cec17f8) Importer(815301076,1909f56bfc062723c751e8b465ee728b)
Start importing Assets/Tiny Wonder Farm Free/objects&items/plants free_23.asset using Guid(e3255b3ef09259b4285e43a53cec17f8) Importer(815301076,1909f56bfc062723c751e8b465ee728b)  -> (artifact id: '5dd0c0cb76522e337162b4d164beb686') in 0.008979 seconds
Number of updated asset objects reloaded before import = 0
Number of asset objects unloaded after import = 3
========================================================================
Received Import Request.
  Time since last request: 0.000016 seconds.
  path: Assets/Tiny Wonder Farm Free/objects&items/farm objects free_1 2.asset
  artifactKey: Guid(26b34e0029373734abfaef317f069c58) Importer(815301076,1909f56bfc062723c751e8b465ee728b)
Start importing Assets/Tiny Wonder Farm Free/objects&items/farm objects free_1 2.asset using Guid(26b34e0029373734abfaef317f069c58) Importer(815301076,1909f56bfc062723c751e8b465ee728b)  -> (artifact id: 'e92569df112e696489ef85e2747aefe0') in 0.004699 seconds
Number of updated asset objects reloaded before import = 0
Number of asset objects unloaded after import = 3
========================================================================
Received Import Request.
  Time since last request: 326.297461 seconds.
  path: Assets/Tiny Wonder Farm Free/objects&items/farm objects free_0.asset
  artifactKey: Guid(a521f053951ee1145bebcceae86abfc8) Importer(815301076,1909f56bfc062723c751e8b465ee728b)
Start importing Assets/Tiny Wonder Farm Free/objects&items/farm objects free_0.asset using Guid(a521f053951ee1145bebcceae86abfc8) Importer(815301076,1909f56bfc062723c751e8b465ee728b)  -> (artifact id: 'be0005c0e69e84cf1f9b264d458ae43f') in 0.013167 seconds
Number of updated asset objects reloaded before import = 0
Number of asset objects unloaded after import = 3
========================================================================
Received Import Request.
  Time since last request: 0.000027 seconds.
  path: Assets/Tiny Wonder Farm Free/objects&items/farm objects free_8.asset
  artifactKey: Guid(f6a157ac295c42a4b9c4cf520f0d9996) Importer(815301076,1909f56bfc062723c751e8b465ee728b)
Start importing Assets/Tiny Wonder Farm Free/objects&items/farm objects free_8.asset using Guid(f6a157ac295c42a4b9c4cf520f0d9996) Importer(815301076,1909f56bfc062723c751e8b465ee728b)  -> (artifact id: '2e5fb8b4763717fd4102f469a56be82e') in 0.004067 seconds
Number of updated asset objects reloaded before import = 0
Number of asset objects unloaded after import = 3
========================================================================
Received Import Request.
  Time since last request: 0.000014 seconds.
  path: Assets/Tiny Wonder Farm Free/objects&items/farm objects free_2 2.asset
  artifactKey: Guid(b2760043556c6ae4fbadb10ecb3111e0) Importer(815301076,1909f56bfc062723c751e8b465ee728b)
Start importing Assets/Tiny Wonder Farm Free/objects&items/farm objects free_2 2.asset using Guid(b2760043556c6ae4fbadb10ecb3111e0) Importer(815301076,1909f56bfc062723c751e8b465ee728b)  -> (artifact id: 'cbdf560390c7ac9326d284df760f65f6') in 0.004109 seconds
Number of updated asset objects reloaded before import = 0
Number of asset objects unloaded after import = 3
========================================================================
Received Import Request.
  Time since last request: 0.000016 seconds.
  path: Assets/Tiny Wonder Farm Free/objects&items/farm objects free_3 1.asset
  artifactKey: Guid(d9ebb52c8ed408146aa3c990d65b7e58) Importer(815301076,1909f56bfc062723c751e8b465ee728b)
Start importing Assets/Tiny Wonder Farm Free/objects&items/farm objects free_3 1.asset using Guid(d9ebb52c8ed408146aa3c990d65b7e58) Importer(815301076,1909f56bfc062723c751e8b465ee728b)  -> (artifact id: '891054e1e4c4d8087b9c6890f32ee282') in 0.005863 seconds
Number of updated asset objects reloaded before import = 0
Number of asset objects unloaded after import = 3
========================================================================
Received Import Request.
  Time since last request: 0.000015 seconds.
  path: Assets/Tiny Wonder Farm Free/objects&items/farm objects free_3 2.asset
  artifactKey: Guid(3b223c29cdbf256448ddc2c5172026b9) Importer(815301076,1909f56bfc062723c751e8b465ee728b)
Start importing Assets/Tiny Wonder Farm Free/objects&items/farm objects free_3 2.asset using Guid(3b223c29cdbf256448ddc2c5172026b9) Importer(815301076,1909f56bfc062723c751e8b465ee728b)  -> (artifact id: '7440500ee7c5f1f0526976f67b81b4cc') in 0.005655 seconds
Number of updated asset objects reloaded before import = 0
Number of asset objects unloaded after import = 3
========================================================================
Received Import Request.
  Time since last request: 0.000016 seconds.
  path: Assets/Tiny Wonder Farm Free/objects&items/farm objects free_6 2.asset
  artifactKey: Guid(d54148510831cc247b5209d5713a9f82) Importer(815301076,1909f56bfc062723c751e8b465ee728b)
Start importing Assets/Tiny Wonder Farm Free/objects&items/farm objects free_6 2.asset using Guid(d54148510831cc247b5209d5713a9f82) Importer(815301076,1909f56bfc062723c751e8b465ee728b)  -> (artifact id: '25cc895dd8857682593946458fd0c66e') in 0.004606 seconds
Number of updated asset objects reloaded before import = 0
Number of asset objects unloaded after import = 3
========================================================================
Received Import Request.
  Time since last request: 0.000016 seconds.
  path: Assets/Tiny Wonder Farm Free/objects&items/farm objects free_6.asset
  artifactKey: Guid(ec8ee7dc6d4cd2849a14089650a17347) Importer(815301076,1909f56bfc062723c751e8b465ee728b)
Start importing Assets/Tiny Wonder Farm Free/objects&items/farm objects free_6.asset using Guid(ec8ee7dc6d4cd2849a14089650a17347) Importer(815301076,1909f56bfc062723c751e8b465ee728b)  -> (artifact id: '3ed5b8c8c33898cf6b69545a8b40161d') in 0.005108 seconds
Number of updated asset objects reloaded before import = 0
Number of asset objects unloaded after import = 3
========================================================================
Received Import Request.
  Time since last request: 0.000017 seconds.
  path: Assets/Tiny Wonder Farm Free/objects&items/farm objects free_2.asset
  artifactKey: Guid(50ca43320122a2744ab07ee7b93125d6) Importer(815301076,1909f56bfc062723c751e8b465ee728b)
Start importing Assets/Tiny Wonder Farm Free/objects&items/farm objects free_2.asset using Guid(50ca43320122a2744ab07ee7b93125d6) Importer(815301076,1909f56bfc062723c751e8b465ee728b)  -> (artifact id: 'e378dfce4e39ea5a503a9535d99c88ec') in 0.004120 seconds
Number of updated asset objects reloaded before import = 0
Number of asset objects unloaded after import = 3
========================================================================
Received Import Request.
  Time since last request: 0.000026 seconds.
  path: Assets/Tiny Wonder Farm Free/objects&items/farm objects free_5 1.asset
  artifactKey: Guid(0ecbd85e2d3a7b04fbb434ddbae2cf7a) Importer(815301076,1909f56bfc062723c751e8b465ee728b)
Start importing Assets/Tiny Wonder Farm Free/objects&items/farm objects free_5 1.asset using Guid(0ecbd85e2d3a7b04fbb434ddbae2cf7a) Importer(815301076,1909f56bfc062723c751e8b465ee728b)  -> (artifact id: '6b63fc2a92136bd11986ff81df5cf9b0') in 0.011277 seconds
Number of updated asset objects reloaded before import = 0
Number of asset objects unloaded after import = 3
========================================================================
Received Import Request.
  Time since last request: 0.000014 seconds.
  path: Assets/Tiny Wonder Farm Free/objects&items/farm objects free_9.asset
  artifactKey: Guid(7b40853a1c3f6234085e7b52c71c3276) Importer(815301076,1909f56bfc062723c751e8b465ee728b)
Start importing Assets/Tiny Wonder Farm Free/objects&items/farm objects free_9.asset using Guid(7b40853a1c3f6234085e7b52c71c3276) Importer(815301076,1909f56bfc062723c751e8b465ee728b)  -> (artifact id: '4c19f69e17071985fd990c2ac8ecdde8') in 0.004044 seconds
Number of updated asset objects reloaded before import = 0
Number of asset objects unloaded after import = 3
========================================================================
Received Import Request.
  Time since last request: 0.000015 seconds.
  path: Assets/Tiny Wonder Farm Free/objects&items/farm objects free_0 2.asset
  artifactKey: Guid(0db836c9aeb1d5f4fb43777fffe6b257) Importer(815301076,1909f56bfc062723c751e8b465ee728b)
Start importing Assets/Tiny Wonder Farm Free/objects&items/farm objects free_0 2.asset using Guid(0db836c9aeb1d5f4fb43777fffe6b257) Importer(815301076,1909f56bfc062723c751e8b465ee728b)  -> (artifact id: 'b77a80f5c2929ac2f432428f00927199') in 0.004701 seconds
Number of updated asset objects reloaded before import = 0
Number of asset objects unloaded after import = 3
========================================================================
Received Import Request.
  Time since last request: 0.000016 seconds.
  path: Assets/Tiny Wonder Farm Free/objects&items/farm objects free_4 2.asset
  artifactKey: Guid(68a22f62f6b424c4680790eb2b4083c2) Importer(815301076,1909f56bfc062723c751e8b465ee728b)
Start importing Assets/Tiny Wonder Farm Free/objects&items/farm objects free_4 2.asset using Guid(68a22f62f6b424c4680790eb2b4083c2) Importer(815301076,1909f56bfc062723c751e8b465ee728b)  -> (artifact id: 'a14fa81266e181bd1c15c5da07e1613a') in 0.004786 seconds
Number of updated asset objects reloaded before import = 0
Number of asset objects unloaded after import = 3
========================================================================
Received Import Request.
  Time since last request: 0.000015 seconds.
  path: Assets/Tiny Wonder Farm Free/objects&items/farm objects free_6 1.asset
  artifactKey: Guid(0ad6e23dfb077d74088d16d32db68839) Importer(815301076,1909f56bfc062723c751e8b465ee728b)
Start importing Assets/Tiny Wonder Farm Free/objects&items/farm objects free_6 1.asset using Guid(0ad6e23dfb077d74088d16d32db68839) Importer(815301076,1909f56bfc062723c751e8b465ee728b)  -> (artifact id: '16a8d0c62da1f46663dd6c6247e049dc') in 0.004385 seconds
Number of updated asset objects reloaded before import = 0
Number of asset objects unloaded after import = 3
========================================================================
Received Import Request.
  Time since last request: 0.000016 seconds.
  path: Assets/Tiny Wonder Farm Free/objects&items/farm objects free_5 2.asset
  artifactKey: Guid(b73f64d7727ce414ca0ebdb2209572cf) Importer(815301076,1909f56bfc062723c751e8b465ee728b)
Start importing Assets/Tiny Wonder Farm Free/objects&items/farm objects free_5 2.asset using Guid(b73f64d7727ce414ca0ebdb2209572cf) Importer(815301076,1909f56bfc062723c751e8b465ee728b)  -> (artifact id: '0249c8ec99e3f66867c8508b46842d1c') in 0.004482 seconds
Number of updated asset objects reloaded before import = 0
Number of asset objects unloaded after import = 3
========================================================================
Received Import Request.
  Time since last request: 0.000017 seconds.
  path: Assets/Tiny Wonder Farm Free/objects&items/farm objects free_1 2.asset
  artifactKey: Guid(26b34e0029373734abfaef317f069c58) Importer(815301076,1909f56bfc062723c751e8b465ee728b)
Start importing Assets/Tiny Wonder Farm Free/objects&items/farm objects free_1 2.asset using Guid(26b34e0029373734abfaef317f069c58) Importer(815301076,1909f56bfc062723c751e8b465ee728b)  -> (artifact id: '4ee440954021d87dc1eb56259b7de66c') in 0.004281 seconds
Number of updated asset objects reloaded before import = 0
Number of asset objects unloaded after import = 3
