Using pre-set license
Built from '2022.3/staging' branch; Version is '2022.3.7f1 (b16b3b16c7a0) revision 11627323'; Using compiler version '192829333'; Build Type 'Release'
OS: 'Windows 10  (10.0.19045) 64bit Core' Language: 'en' Physical Memory: 16237 MB
BatchMode: 1, IsHumanControllingUs: 0, StartBugReporterOnCrash: 0, Is64bit: 1, IsPro: 1

COMMAND LINE ARGUMENTS:
C:\Program Files\Unity\Hub\Editor\2022.3.7f1\Editor\Unity.exe
-adb2
-batchMode
-noUpm
-name
AssetImportWorker1
-projectPath
C:/Users/Lahndrick Hendricks/Desktop/CropQuest
-logFile
Logs/AssetImportWorker1.log
-srvPort
56937
Successfully changed project path to: C:/Users/Lahndrick Hendricks/Desktop/CropQuest
C:/Users/Lahndrick Hendricks/Desktop/CropQuest
[UnityMemory] Configuration Parameters - Can be set up in boot.config
    "memorysetup-bucket-allocator-granularity=16"
    "memorysetup-bucket-allocator-bucket-count=8"
    "memorysetup-bucket-allocator-block-size=33554432"
    "memorysetup-bucket-allocator-block-count=8"
    "memorysetup-main-allocator-block-size=16777216"
    "memorysetup-thread-allocator-block-size=16777216"
    "memorysetup-gfx-main-allocator-block-size=16777216"
    "memorysetup-gfx-thread-allocator-block-size=16777216"
    "memorysetup-cache-allocator-block-size=4194304"
    "memorysetup-typetree-allocator-block-size=2097152"
    "memorysetup-profiler-bucket-allocator-granularity=16"
    "memorysetup-profiler-bucket-allocator-bucket-count=8"
    "memorysetup-profiler-bucket-allocator-block-size=33554432"
    "memorysetup-profiler-bucket-allocator-block-count=8"
    "memorysetup-profiler-allocator-block-size=16777216"
    "memorysetup-profiler-editor-allocator-block-size=1048576"
    "memorysetup-temp-allocator-size-main=16777216"
    "memorysetup-job-temp-allocator-block-size=2097152"
    "memorysetup-job-temp-allocator-block-size-background=1048576"
    "memorysetup-job-temp-allocator-reduction-small-platforms=262144"
    "memorysetup-allocator-temp-initial-block-size-main=262144"
    "memorysetup-allocator-temp-initial-block-size-worker=262144"
    "memorysetup-temp-allocator-size-background-worker=32768"
    "memorysetup-temp-allocator-size-job-worker=262144"
    "memorysetup-temp-allocator-size-preload-manager=33554432"
    "memorysetup-temp-allocator-size-nav-mesh-worker=65536"
    "memorysetup-temp-allocator-size-audio-worker=65536"
    "memorysetup-temp-allocator-size-cloud-worker=32768"
    "memorysetup-temp-allocator-size-gi-baking-worker=262144"
    "memorysetup-temp-allocator-size-gfx=262144"
Player connection [4368] Host "[IP] 192.168.1.248 [Port] 0 [Flags] 2 [Guid] 256999217 [EditorId] 256999217 [Version] 1048832 [Id] WindowsEditor(7,DESKTOP-FUID31L) [Debug] 1 [PackageName] WindowsEditor [ProjectName] Editor" joined multi-casting on [225.0.0.222:54997]...

Player connection [4368] Host "[IP] 192.168.1.248 [Port] 0 [Flags] 2 [Guid] 256999217 [EditorId] 256999217 [Version] 1048832 [Id] WindowsEditor(7,DESKTOP-FUID31L) [Debug] 1 [PackageName] WindowsEditor [ProjectName] Editor" joined alternative multi-casting on [225.0.0.222:34997]...

Refreshing native plugins compatible for Editor in 18.49 ms, found 4 plugins.
Preloading 0 native plugins for Editor in 0.00 ms.
Initialize engine version: 2022.3.7f1 (b16b3b16c7a0)
[Subsystems] Discovering subsystems at path C:/Program Files/Unity/Hub/Editor/2022.3.7f1/Editor/Data/Resources/UnitySubsystems
[Subsystems] Discovering subsystems at path C:/Users/Lahndrick Hendricks/Desktop/CropQuest/Assets
GfxDevice: creating device client; threaded=0; jobified=0
Direct3D:
    Version:  Direct3D 11.0 [level 11.1]
    Renderer: NVIDIA GeForce GTX 1660 SUPER (ID=0x21c4)
    Vendor:   NVIDIA
    VRAM:     5980 MB
    Driver:   31.0.15.3640
Initialize mono
Mono path[0] = 'C:/Program Files/Unity/Hub/Editor/2022.3.7f1/Editor/Data/Managed'
Mono path[1] = 'C:/Program Files/Unity/Hub/Editor/2022.3.7f1/Editor/Data/MonoBleedingEdge/lib/mono/unityjit-win32'
Mono config path = 'C:/Program Files/Unity/Hub/Editor/2022.3.7f1/Editor/Data/MonoBleedingEdge/etc'
Using monoOptions --debugger-agent=transport=dt_socket,embedding=1,server=y,suspend=n,address=127.0.0.1:56872
Begin MonoManager ReloadAssembly
Registering precompiled unity dll's ...
Register platform support module: C:/Program Files/Unity/Hub/Editor/2022.3.7f1/Editor/Data/PlaybackEngines/AndroidPlayer/UnityEditor.Android.Extensions.dll
Register platform support module: C:/Program Files/Unity/Hub/Editor/2022.3.7f1/Editor/Data/PlaybackEngines/WindowsStandaloneSupport/UnityEditor.WindowsStandalone.Extensions.dll
Registered in 0.014898 seconds.
- Loaded All Assemblies, in  0.441 seconds
Native extension for WindowsStandalone target not found
Native extension for Android target not found
Android Extension - Scanning For ADB Devices 280 ms
Mono: successfully reloaded assembly
- Finished resetting the current domain, in  0.654 seconds
Domain Reload Profiling: 1093ms
	BeginReloadAssembly (135ms)
		ExecutionOrderSort (0ms)
		DisableScriptedObjects (0ms)
		BackupInstance (0ms)
		ReleaseScriptingObjects (0ms)
		CreateAndSetChildDomain (1ms)
	RebuildCommonClasses (39ms)
	RebuildNativeTypeToScriptingClass (12ms)
	initialDomainReloadingComplete (73ms)
	LoadAllAssembliesAndSetupDomain (179ms)
		LoadAssemblies (133ms)
		RebuildTransferFunctionScriptingTraits (0ms)
		AnalyzeDomain (176ms)
			TypeCache.Refresh (174ms)
				TypeCache.ScanAssembly (158ms)
			ScanForSourceGeneratedMonoScriptInfo (0ms)
			ResolveRequiredComponents (0ms)
	FinalizeReload (654ms)
		ReleaseScriptCaches (0ms)
		RebuildScriptCaches (0ms)
		SetupLoadedEditorAssemblies (589ms)
			LogAssemblyErrors (0ms)
			InitializePlatformSupportModulesInManaged (420ms)
			SetLoadedEditorAssemblies (4ms)
			RefreshPlugins (0ms)
			BeforeProcessingInitializeOnLoad (3ms)
			ProcessInitializeOnLoadAttributes (110ms)
			ProcessInitializeOnLoadMethodAttributes (52ms)
			AfterProcessingInitializeOnLoad (0ms)
			EditorAssembliesLoaded (0ms)
		ExecutionOrderSort2 (0ms)
		AwakeInstancesAfterBackupRestoration (0ms)
========================================================================
Worker process is ready to serve import requests
Begin MonoManager ReloadAssembly
Symbol file LoadedFromMemory doesn't match image C:\Users\Lahndrick Hendricks\Desktop\CropQuest\Library\PackageCache\com.unity.visualscripting@1.8.0\Editor\VisualScripting.Core\Dependencies\YamlDotNet\Unity.VisualScripting.YamlDotNet.dll
Symbol file LoadedFromMemory doesn't match image C:\Users\Lahndrick Hendricks\Desktop\CropQuest\Library\PackageCache\com.unity.visualscripting@1.8.0\Editor\VisualScripting.Core\Dependencies\DotNetZip\Unity.VisualScripting.IonicZip.dll
- Loaded All Assemblies, in  0.837 seconds
Refreshing native plugins compatible for Editor in 10.00 ms, found 4 plugins.
Native extension for WindowsStandalone target not found
Native extension for Android target not found
Mono: successfully reloaded assembly
Package Manager log level set to [2]
[Package Manager] Server::EnsureServerProcessIsRunning -- launch failed, reason: Unity was launched with the -noUpm command-line argument
[Package Manager] UpmClient::Send -- Unable to send message (not connected to UPM process).
[Package Manager] Cannot connect to Unity Package Manager local server
[Package Manager] Server::EnsureServerProcessIsRunning -- launch failed, reason: Unity was launched with the -noUpm command-line argument
[Package Manager] UpmClient::Send -- Unable to send message (not connected to UPM process).
[Package Manager] Cannot connect to Unity Package Manager local server
- Finished resetting the current domain, in  0.690 seconds
Domain Reload Profiling: 1522ms
	BeginReloadAssembly (202ms)
		ExecutionOrderSort (0ms)
		DisableScriptedObjects (8ms)
		BackupInstance (0ms)
		ReleaseScriptingObjects (0ms)
		CreateAndSetChildDomain (30ms)
	RebuildCommonClasses (42ms)
	RebuildNativeTypeToScriptingClass (11ms)
	initialDomainReloadingComplete (51ms)
	LoadAllAssembliesAndSetupDomain (526ms)
		LoadAssemblies (424ms)
		RebuildTransferFunctionScriptingTraits (0ms)
		AnalyzeDomain (217ms)
			TypeCache.Refresh (184ms)
				TypeCache.ScanAssembly (160ms)
			ScanForSourceGeneratedMonoScriptInfo (27ms)
			ResolveRequiredComponents (5ms)
	FinalizeReload (691ms)
		ReleaseScriptCaches (0ms)
		RebuildScriptCaches (0ms)
		SetupLoadedEditorAssemblies (472ms)
			LogAssemblyErrors (0ms)
			InitializePlatformSupportModulesInManaged (28ms)
			SetLoadedEditorAssemblies (4ms)
			RefreshPlugins (0ms)
			BeforeProcessingInitializeOnLoad (91ms)
			ProcessInitializeOnLoadAttributes (296ms)
			ProcessInitializeOnLoadMethodAttributes (44ms)
			AfterProcessingInitializeOnLoad (10ms)
			EditorAssembliesLoaded (0ms)
		ExecutionOrderSort2 (0ms)
		AwakeInstancesAfterBackupRestoration (6ms)
Launched and connected shader compiler UnityShaderCompiler.exe after 0.05 seconds
Refreshing native plugins compatible for Editor in 11.01 ms, found 4 plugins.
Preloading 0 native plugins for Editor in 0.00 ms.
Unloading 4254 Unused Serialized files (Serialized files now loaded: 0)
Unloading 78 unused Assets / (68.2 KB). Loaded Objects now: 4704.
Memory consumption went from 146.5 MB to 146.4 MB.
Total: 4.927600 ms (FindLiveObjects: 0.373200 ms CreateObjectMapping: 0.429800 ms MarkObjects: 3.963900 ms  DeleteObjects: 0.159400 ms)

AssetImportParameters requested are different than current active one (requested -> active):
  custom:container-demuxer-ogg: 62fdf1f143b41e24485cea50d1cbac27 -> 
  custom:video-decoder-ogg-theora: a1e56fd34408186e4bbccfd4996cb3dc -> 
  custom:framework-win-MediaFoundation: 216162199b28c13a410421893ffa2e32 -> 
  custom:CustomObjectIndexerAttribute: 756ad292c208cfabdd7b50bc23989ffe -> 
  custom:container-demuxer-webm: 4f35f7cbe854078d1ac9338744f61a02 -> 
  custom:container-muxer-webm: aa71ff27fc2769a1b78a27578f13a17b -> 
  custom:video-decoder-webm-vp8: 9c59270c3fd7afecdb556c50c9e8de78 -> 
  custom:SearchIndexIgnoredProperties: e643bd26f0fe6173181afceb89e7c659 -> 
  custom:AudioImporter_EditorPlatform: d09bf68614088b80899f8185d706f6e7 -> 
  custom:video-encoder-webm-vp8: eb34c28f22e8b96e1ab97ce403110664 -> 
  custom:audio-decoder-ogg-vorbis: bf7c407c2cedff20999df2af8eb42d56 -> 
  custom:audio-encoder-webm-vorbis: bf7c407c2cedff20999df2af8eb42d56 -> 
========================================================================
Received Import Request.
  Time since last request: 13813.859411 seconds.
  path: ProjectSettings/TagManager.asset
  artifactKey: Guid(00000000000000003000000000000000) Importer(815301076,1909f56bfc062723c751e8b465ee728b)
Start importing ProjectSettings/TagManager.asset using Guid(00000000000000003000000000000000) Importer(815301076,1909f56bfc062723c751e8b465ee728b)  -> (artifact id: '89c8102d7d32286de6577ffdced3fc89') in 0.011515 seconds
Number of updated asset objects reloaded before import = 0
Number of asset objects unloaded after import = 0
========================================================================
Received Import Request.
  Time since last request: 158.897409 seconds.
  path: Assets/Tiny Wonder Farm Free/tilemaps/farm bridges free_78.asset
  artifactKey: Guid(80da5e5b3185a2e45a463b053cadf191) Importer(815301076,1909f56bfc062723c751e8b465ee728b)
Start importing Assets/Tiny Wonder Farm Free/tilemaps/farm bridges free_78.asset using Guid(80da5e5b3185a2e45a463b053cadf191) Importer(815301076,1909f56bfc062723c751e8b465ee728b)  -> (artifact id: 'fb34d0844630d435375194189d325d16') in 0.068636 seconds
Number of updated asset objects reloaded before import = 0
Number of asset objects unloaded after import = 3
========================================================================
Received Import Request.
  Time since last request: 0.000039 seconds.
  path: Assets/Tiny Wonder Farm Free/tilemaps/farm bridges free_92.asset
  artifactKey: Guid(69036fa2e99db6d42aae4d2b66ad12a9) Importer(815301076,1909f56bfc062723c751e8b465ee728b)
Start importing Assets/Tiny Wonder Farm Free/tilemaps/farm bridges free_92.asset using Guid(69036fa2e99db6d42aae4d2b66ad12a9) Importer(815301076,1909f56bfc062723c751e8b465ee728b)  -> (artifact id: 'efb7bda18dc303d41fc2aa42c3145520') in 0.016202 seconds
Number of updated asset objects reloaded before import = 0
Number of asset objects unloaded after import = 3
========================================================================
Received Import Request.
  Time since last request: 0.000018 seconds.
  path: Assets/Tiny Wonder Farm Free/tilemaps/farm bridges free_88.asset
  artifactKey: Guid(e524f1018f1222b45b9190ebd5d01ed1) Importer(815301076,1909f56bfc062723c751e8b465ee728b)
Start importing Assets/Tiny Wonder Farm Free/tilemaps/farm bridges free_88.asset using Guid(e524f1018f1222b45b9190ebd5d01ed1) Importer(815301076,1909f56bfc062723c751e8b465ee728b)  -> (artifact id: 'a1e63abaf4d95cc7c0b6c15d6f7a4a08') in 0.008622 seconds
Number of updated asset objects reloaded before import = 0
Number of asset objects unloaded after import = 3
========================================================================
Received Import Request.
  Time since last request: 0.000016 seconds.
  path: Assets/Tiny Wonder Farm Free/tilemaps/farm bridges free_91.asset
  artifactKey: Guid(1acff9a6d4fac364eaa16043a3c29040) Importer(815301076,1909f56bfc062723c751e8b465ee728b)
Start importing Assets/Tiny Wonder Farm Free/tilemaps/farm bridges free_91.asset using Guid(1acff9a6d4fac364eaa16043a3c29040) Importer(815301076,1909f56bfc062723c751e8b465ee728b)  -> (artifact id: '3c17afa6e58f6e621095e4c0e2698e6c') in 0.014994 seconds
Number of updated asset objects reloaded before import = 0
Number of asset objects unloaded after import = 3
========================================================================
Received Import Request.
  Time since last request: 0.000023 seconds.
  path: Assets/Tiny Wonder Farm Free/tilemaps/farm bridges free_79.asset
  artifactKey: Guid(870132c3629444146b98c8b35ae84045) Importer(815301076,1909f56bfc062723c751e8b465ee728b)
Start importing Assets/Tiny Wonder Farm Free/tilemaps/farm bridges free_79.asset using Guid(870132c3629444146b98c8b35ae84045) Importer(815301076,1909f56bfc062723c751e8b465ee728b)  -> (artifact id: '1886374f6f0179a2b7d45ee623f1f48f') in 0.006184 seconds
Number of updated asset objects reloaded before import = 0
Number of asset objects unloaded after import = 3
========================================================================
Received Import Request.
  Time since last request: 0.000034 seconds.
  path: Assets/Tiny Wonder Farm Free/tilemaps/farm bridges free_82.asset
  artifactKey: Guid(8a709a6ad2080f446b580e025c7cf944) Importer(815301076,1909f56bfc062723c751e8b465ee728b)
Start importing Assets/Tiny Wonder Farm Free/tilemaps/farm bridges free_82.asset using Guid(8a709a6ad2080f446b580e025c7cf944) Importer(815301076,1909f56bfc062723c751e8b465ee728b)  -> (artifact id: '31d13b9a77935470f447ba88aedbee44') in 0.006599 seconds
Number of updated asset objects reloaded before import = 0
Number of asset objects unloaded after import = 3
========================================================================
Received Import Request.
  Time since last request: 0.113075 seconds.
  path: Assets/Tiny Wonder Farm Free/tilemaps/farm bridges free_62.asset
  artifactKey: Guid(6ac13897b08bee94aab00dcb859b45fa) Importer(815301076,1909f56bfc062723c751e8b465ee728b)
Start importing Assets/Tiny Wonder Farm Free/tilemaps/farm bridges free_62.asset using Guid(6ac13897b08bee94aab00dcb859b45fa) Importer(815301076,1909f56bfc062723c751e8b465ee728b)  -> (artifact id: '9ee9d508e29d72ac588cf67686071e37') in 0.014160 seconds
Number of updated asset objects reloaded before import = 0
Number of asset objects unloaded after import = 3
========================================================================
Received Import Request.
  Time since last request: 0.000022 seconds.
  path: Assets/Tiny Wonder Farm Free/tilemaps/farm bridges free_64.asset
  artifactKey: Guid(d7acc8919e564684b8dbe95107e6b675) Importer(815301076,1909f56bfc062723c751e8b465ee728b)
Start importing Assets/Tiny Wonder Farm Free/tilemaps/farm bridges free_64.asset using Guid(d7acc8919e564684b8dbe95107e6b675) Importer(815301076,1909f56bfc062723c751e8b465ee728b)  -> (artifact id: 'a976f7ecda321adfab683d15b5880ab7') in 0.015112 seconds
Number of updated asset objects reloaded before import = 0
Number of asset objects unloaded after import = 3
========================================================================
Received Import Request.
  Time since last request: 0.000016 seconds.
  path: Assets/Tiny Wonder Farm Free/tilemaps/farm bridges free_66.asset
  artifactKey: Guid(7f03cf76e65fae14091f7754f0419ee4) Importer(815301076,1909f56bfc062723c751e8b465ee728b)
Start importing Assets/Tiny Wonder Farm Free/tilemaps/farm bridges free_66.asset using Guid(7f03cf76e65fae14091f7754f0419ee4) Importer(815301076,1909f56bfc062723c751e8b465ee728b)  -> (artifact id: '39436553a89edf57aab7e40dae90d4c7') in 0.006620 seconds
Number of updated asset objects reloaded before import = 0
Number of asset objects unloaded after import = 3
========================================================================
Received Import Request.
  Time since last request: 0.000035 seconds.
  path: Assets/Tiny Wonder Farm Free/tilemaps/farm bridges free_68.asset
  artifactKey: Guid(f4f23e2ec1ac53143901182b7a5f7317) Importer(815301076,1909f56bfc062723c751e8b465ee728b)
Start importing Assets/Tiny Wonder Farm Free/tilemaps/farm bridges free_68.asset using Guid(f4f23e2ec1ac53143901182b7a5f7317) Importer(815301076,1909f56bfc062723c751e8b465ee728b)  -> (artifact id: '97216627b6a5cd6450184225fe90343f') in 0.015988 seconds
Number of updated asset objects reloaded before import = 0
Number of asset objects unloaded after import = 3
========================================================================
Received Import Request.
  Time since last request: 0.001534 seconds.
  path: Assets/Tiny Wonder Farm Free/tilemaps/farm bridges free_71.asset
  artifactKey: Guid(25c70fc1ee61afc40975076d5e2702cb) Importer(815301076,1909f56bfc062723c751e8b465ee728b)
Start importing Assets/Tiny Wonder Farm Free/tilemaps/farm bridges free_71.asset using Guid(25c70fc1ee61afc40975076d5e2702cb) Importer(815301076,1909f56bfc062723c751e8b465ee728b)  -> (artifact id: 'af3c7892e6601926d5bd65485999892d') in 0.012173 seconds
Number of updated asset objects reloaded before import = 0
Number of asset objects unloaded after import = 3
========================================================================
Received Import Request.
  Time since last request: 0.000017 seconds.
  path: Assets/Tiny Wonder Farm Free/tilemaps/farm bridges free_72.asset
  artifactKey: Guid(2706a28134f28f041823155cfe83ac76) Importer(815301076,1909f56bfc062723c751e8b465ee728b)
Start importing Assets/Tiny Wonder Farm Free/tilemaps/farm bridges free_72.asset using Guid(2706a28134f28f041823155cfe83ac76) Importer(815301076,1909f56bfc062723c751e8b465ee728b)  -> (artifact id: '3e867e437954eef1dd1c7e112c2586ed') in 0.013204 seconds
Number of updated asset objects reloaded before import = 0
Number of asset objects unloaded after import = 3
========================================================================
Received Import Request.
  Time since last request: 0.000021 seconds.
  path: Assets/Tiny Wonder Farm Free/tilemaps/farm bridges free_74.asset
  artifactKey: Guid(55b7f22063a195b45939ed4607bcb2a5) Importer(815301076,1909f56bfc062723c751e8b465ee728b)
Start importing Assets/Tiny Wonder Farm Free/tilemaps/farm bridges free_74.asset using Guid(55b7f22063a195b45939ed4607bcb2a5) Importer(815301076,1909f56bfc062723c751e8b465ee728b)  -> (artifact id: 'dce081ddf413ea3946ae0fb3f4ecdbd0') in 0.005393 seconds
Number of updated asset objects reloaded before import = 0
Number of asset objects unloaded after import = 3
========================================================================
Received Import Request.
  Time since last request: 0.022024 seconds.
  path: Assets/Tiny Wonder Farm Free/tilemaps/farm bridges free_46.asset
  artifactKey: Guid(30376c0628e768f47950be1e69e76586) Importer(815301076,1909f56bfc062723c751e8b465ee728b)
Start importing Assets/Tiny Wonder Farm Free/tilemaps/farm bridges free_46.asset using Guid(30376c0628e768f47950be1e69e76586) Importer(815301076,1909f56bfc062723c751e8b465ee728b)  -> (artifact id: 'db838fcd11fa574033e1c3102c577d10') in 0.014284 seconds
Number of updated asset objects reloaded before import = 0
Number of asset objects unloaded after import = 3
========================================================================
Received Import Request.
  Time since last request: 0.000015 seconds.
  path: Assets/Tiny Wonder Farm Free/tilemaps/farm bridges free_48.asset
  artifactKey: Guid(5896c48105690f74ea718091bc7ace20) Importer(815301076,1909f56bfc062723c751e8b465ee728b)
Start importing Assets/Tiny Wonder Farm Free/tilemaps/farm bridges free_48.asset using Guid(5896c48105690f74ea718091bc7ace20) Importer(815301076,1909f56bfc062723c751e8b465ee728b)  -> (artifact id: 'faf0f7f9e16b93b235d7550c9d375d40') in 0.014140 seconds
Number of updated asset objects reloaded before import = 0
Number of asset objects unloaded after import = 3
========================================================================
Received Import Request.
  Time since last request: 0.000019 seconds.
  path: Assets/Tiny Wonder Farm Free/tilemaps/farm bridges free_54.asset
  artifactKey: Guid(6c218fd0aa6238c45bac505cf5e190d2) Importer(815301076,1909f56bfc062723c751e8b465ee728b)
Start importing Assets/Tiny Wonder Farm Free/tilemaps/farm bridges free_54.asset using Guid(6c218fd0aa6238c45bac505cf5e190d2) Importer(815301076,1909f56bfc062723c751e8b465ee728b)  -> (artifact id: '096f8d41a79c570e096ae584355183ed') in 0.015690 seconds
Number of updated asset objects reloaded before import = 0
Number of asset objects unloaded after import = 3
========================================================================
Received Import Request.
  Time since last request: 0.000021 seconds.
  path: Assets/Tiny Wonder Farm Free/tilemaps/farm bridges free_58.asset
  artifactKey: Guid(c80c6d6809521ba459c8150676d7e83c) Importer(815301076,1909f56bfc062723c751e8b465ee728b)
Start importing Assets/Tiny Wonder Farm Free/tilemaps/farm bridges free_58.asset using Guid(c80c6d6809521ba459c8150676d7e83c) Importer(815301076,1909f56bfc062723c751e8b465ee728b)  -> (artifact id: '3867d18e97fb3ee3aed483b1800f90f8') in 0.014095 seconds
Number of updated asset objects reloaded before import = 0
Number of asset objects unloaded after import = 3
========================================================================
Received Import Request.
  Time since last request: 0.000030 seconds.
  path: Assets/Tiny Wonder Farm Free/tilemaps/farm bridges free_55.asset
  artifactKey: Guid(f95caea4e4a16ca4abe6aa8a4d0313d9) Importer(815301076,1909f56bfc062723c751e8b465ee728b)
Start importing Assets/Tiny Wonder Farm Free/tilemaps/farm bridges free_55.asset using Guid(f95caea4e4a16ca4abe6aa8a4d0313d9) Importer(815301076,1909f56bfc062723c751e8b465ee728b)  -> (artifact id: '0222bc2378f0fe15ceadf9247a939989') in 0.018331 seconds
Number of updated asset objects reloaded before import = 0
Number of asset objects unloaded after import = 3
========================================================================
Received Import Request.
  Time since last request: 0.000022 seconds.
  path: Assets/Tiny Wonder Farm Free/tilemaps/farm bridges free_51.asset
  artifactKey: Guid(bb48d2f60f5aa294781fadd68e326b76) Importer(815301076,1909f56bfc062723c751e8b465ee728b)
Start importing Assets/Tiny Wonder Farm Free/tilemaps/farm bridges free_51.asset using Guid(bb48d2f60f5aa294781fadd68e326b76) Importer(815301076,1909f56bfc062723c751e8b465ee728b)  -> (artifact id: '56c44fe9e9aee317d3a6ca7080705a9c') in 0.006172 seconds
Number of updated asset objects reloaded before import = 0
Number of asset objects unloaded after import = 3
========================================================================
Received Import Request.
  Time since last request: 0.000032 seconds.
  path: Assets/Tiny Wonder Farm Free/tilemaps/farm bridges free_56.asset
  artifactKey: Guid(8c2ccc71ff4e45b49b476138a4569687) Importer(815301076,1909f56bfc062723c751e8b465ee728b)
Start importing Assets/Tiny Wonder Farm Free/tilemaps/farm bridges free_56.asset using Guid(8c2ccc71ff4e45b49b476138a4569687) Importer(815301076,1909f56bfc062723c751e8b465ee728b)  -> (artifact id: '276d245468fbf1ba875de1d1f836ca98') in 0.018189 seconds
Number of updated asset objects reloaded before import = 0
Number of asset objects unloaded after import = 3
========================================================================
Received Import Request.
  Time since last request: 0.529268 seconds.
  path: Assets/Tiny Wonder Farm Free/tilemaps/farm bridges free_30.asset
  artifactKey: Guid(be0fc7e7c78f8344c970d4d09c4320e3) Importer(815301076,1909f56bfc062723c751e8b465ee728b)
Start importing Assets/Tiny Wonder Farm Free/tilemaps/farm bridges free_30.asset using Guid(be0fc7e7c78f8344c970d4d09c4320e3) Importer(815301076,1909f56bfc062723c751e8b465ee728b)  -> (artifact id: 'e5066f615b90bd117770e1c9c78b7045') in 0.015515 seconds
Number of updated asset objects reloaded before import = 0
Number of asset objects unloaded after import = 3
========================================================================
Received Import Request.
  Time since last request: 0.000020 seconds.
  path: Assets/Tiny Wonder Farm Free/tilemaps/farm bridges free_32.asset
  artifactKey: Guid(c14c7987fcae3e84cad40e94e839c1ef) Importer(815301076,1909f56bfc062723c751e8b465ee728b)
Start importing Assets/Tiny Wonder Farm Free/tilemaps/farm bridges free_32.asset using Guid(c14c7987fcae3e84cad40e94e839c1ef) Importer(815301076,1909f56bfc062723c751e8b465ee728b)  -> (artifact id: 'ceb910fbf1c899bb6aad735434a4581f') in 0.013128 seconds
Number of updated asset objects reloaded before import = 0
Number of asset objects unloaded after import = 3
========================================================================
Received Import Request.
  Time since last request: 0.000031 seconds.
  path: Assets/Tiny Wonder Farm Free/tilemaps/farm bridges free_33.asset
  artifactKey: Guid(db775ec2302cf824898f9b4c7064ab79) Importer(815301076,1909f56bfc062723c751e8b465ee728b)
Start importing Assets/Tiny Wonder Farm Free/tilemaps/farm bridges free_33.asset using Guid(db775ec2302cf824898f9b4c7064ab79) Importer(815301076,1909f56bfc062723c751e8b465ee728b)  -> (artifact id: '3849856b31a508300caf928baf585f9b') in 0.011757 seconds
Number of updated asset objects reloaded before import = 0
Number of asset objects unloaded after import = 3
========================================================================
Received Import Request.
  Time since last request: 0.000019 seconds.
  path: Assets/Tiny Wonder Farm Free/tilemaps/farm bridges free_35.asset
  artifactKey: Guid(41a1c21d4329e3f4e9e966aef23457e8) Importer(815301076,1909f56bfc062723c751e8b465ee728b)
Start importing Assets/Tiny Wonder Farm Free/tilemaps/farm bridges free_35.asset using Guid(41a1c21d4329e3f4e9e966aef23457e8) Importer(815301076,1909f56bfc062723c751e8b465ee728b)  -> (artifact id: '10ceb263f58a016b710d350b9320ca36') in 0.005189 seconds
Number of updated asset objects reloaded before import = 0
Number of asset objects unloaded after import = 3
========================================================================
Received Import Request.
  Time since last request: 0.000029 seconds.
  path: Assets/Tiny Wonder Farm Free/tilemaps/farm bridges free_37.asset
  artifactKey: Guid(9b9b098eb26258c4ab31ec9f158adaf1) Importer(815301076,1909f56bfc062723c751e8b465ee728b)
Start importing Assets/Tiny Wonder Farm Free/tilemaps/farm bridges free_37.asset using Guid(9b9b098eb26258c4ab31ec9f158adaf1) Importer(815301076,1909f56bfc062723c751e8b465ee728b)  -> (artifact id: 'f5935663bce6453a99b612db068a1d1b') in 0.017629 seconds
Number of updated asset objects reloaded before import = 0
Number of asset objects unloaded after import = 3
========================================================================
Received Import Request.
  Time since last request: 0.000023 seconds.
  path: Assets/Tiny Wonder Farm Free/tilemaps/farm bridges free_39.asset
  artifactKey: Guid(2488308a6e6f97a43bdd270f39164d9b) Importer(815301076,1909f56bfc062723c751e8b465ee728b)
Start importing Assets/Tiny Wonder Farm Free/tilemaps/farm bridges free_39.asset using Guid(2488308a6e6f97a43bdd270f39164d9b) Importer(815301076,1909f56bfc062723c751e8b465ee728b)  -> (artifact id: '296c279cde3b3f5aac0809de01a98ab8') in 0.007636 seconds
Number of updated asset objects reloaded before import = 0
Number of asset objects unloaded after import = 3
========================================================================
Received Import Request.
  Time since last request: 0.000021 seconds.
  path: Assets/Tiny Wonder Farm Free/tilemaps/farm bridges free_40.asset
  artifactKey: Guid(f504a95081f844d4c8ae98c9656e4351) Importer(815301076,1909f56bfc062723c751e8b465ee728b)
Start importing Assets/Tiny Wonder Farm Free/tilemaps/farm bridges free_40.asset using Guid(f504a95081f844d4c8ae98c9656e4351) Importer(815301076,1909f56bfc062723c751e8b465ee728b)  -> (artifact id: '94e604d4e22470932c2e18ce0dc96fa7') in 0.007339 seconds
Number of updated asset objects reloaded before import = 0
Number of asset objects unloaded after import = 3
========================================================================
Received Import Request.
  Time since last request: 0.000037 seconds.
  path: Assets/Tiny Wonder Farm Free/tilemaps/farm bridges free_34.asset
  artifactKey: Guid(763029aed64f19246af259ea1be023b2) Importer(815301076,1909f56bfc062723c751e8b465ee728b)
Start importing Assets/Tiny Wonder Farm Free/tilemaps/farm bridges free_34.asset using Guid(763029aed64f19246af259ea1be023b2) Importer(815301076,1909f56bfc062723c751e8b465ee728b)  -> (artifact id: 'cf7b393833a1ef0290ed6293f767110a') in 0.007169 seconds
Number of updated asset objects reloaded before import = 0
Number of asset objects unloaded after import = 3
========================================================================
Received Import Request.
  Time since last request: 0.006260 seconds.
  path: Assets/Tiny Wonder Farm Free/tilemaps/farm bridges free_43.asset
  artifactKey: Guid(f06188248b30b1a44827a6d8d87055b3) Importer(815301076,1909f56bfc062723c751e8b465ee728b)
Start importing Assets/Tiny Wonder Farm Free/tilemaps/farm bridges free_43.asset using Guid(f06188248b30b1a44827a6d8d87055b3) Importer(815301076,1909f56bfc062723c751e8b465ee728b)  -> (artifact id: 'b38dff17807d235937cf2bd4d3ca374f') in 0.006143 seconds
Number of updated asset objects reloaded before import = 0
Number of asset objects unloaded after import = 3
========================================================================
Received Import Request.
  Time since last request: 0.001638 seconds.
  path: Assets/Tiny Wonder Farm Free/tilemaps/farm bridges free_44.asset
  artifactKey: Guid(f8b7dc8e33d7e074fb6a71cab7c02940) Importer(815301076,1909f56bfc062723c751e8b465ee728b)
Start importing Assets/Tiny Wonder Farm Free/tilemaps/farm bridges free_44.asset using Guid(f8b7dc8e33d7e074fb6a71cab7c02940) Importer(815301076,1909f56bfc062723c751e8b465ee728b)  -> (artifact id: '95b98882e3865fc12101f6c877afada3') in 0.021736 seconds
Number of updated asset objects reloaded before import = 0
Number of asset objects unloaded after import = 3
========================================================================
Received Import Request.
  Time since last request: 0.005043 seconds.
  path: Assets/Tiny Wonder Farm Free/tilemaps/farm bridges free_14.asset
  artifactKey: Guid(4c01308c99f8e8242a7cfad7f4c369dd) Importer(815301076,1909f56bfc062723c751e8b465ee728b)
Start importing Assets/Tiny Wonder Farm Free/tilemaps/farm bridges free_14.asset using Guid(4c01308c99f8e8242a7cfad7f4c369dd) Importer(815301076,1909f56bfc062723c751e8b465ee728b)  -> (artifact id: 'f0d2da57a9d895c4484f0f765abf5b87') in 0.006320 seconds
Number of updated asset objects reloaded before import = 0
Number of asset objects unloaded after import = 3
========================================================================
Received Import Request.
  Time since last request: 0.000022 seconds.
  path: Assets/Tiny Wonder Farm Free/tilemaps/farm bridges free_15.asset
  artifactKey: Guid(82272680d79ab204f9f49c5680cbbdca) Importer(815301076,1909f56bfc062723c751e8b465ee728b)
Start importing Assets/Tiny Wonder Farm Free/tilemaps/farm bridges free_15.asset using Guid(82272680d79ab204f9f49c5680cbbdca) Importer(815301076,1909f56bfc062723c751e8b465ee728b)  -> (artifact id: '6187d7057328db7274b4acf22b11b144') in 0.006038 seconds
Number of updated asset objects reloaded before import = 0
Number of asset objects unloaded after import = 3
========================================================================
Received Import Request.
  Time since last request: 0.000022 seconds.
  path: Assets/Tiny Wonder Farm Free/tilemaps/farm bridges free_19.asset
  artifactKey: Guid(9737c7595a594564599597a008e30814) Importer(815301076,1909f56bfc062723c751e8b465ee728b)
Start importing Assets/Tiny Wonder Farm Free/tilemaps/farm bridges free_19.asset using Guid(9737c7595a594564599597a008e30814) Importer(815301076,1909f56bfc062723c751e8b465ee728b)  -> (artifact id: '6e5f9b8d08d2139f71d53b0d0db73459') in 0.006161 seconds
Number of updated asset objects reloaded before import = 0
Number of asset objects unloaded after import = 3
========================================================================
Received Import Request.
  Time since last request: 0.000019 seconds.
  path: Assets/Tiny Wonder Farm Free/tilemaps/farm bridges free_16.asset
  artifactKey: Guid(28bbb82a10d98b548aa54b02be480b5c) Importer(815301076,1909f56bfc062723c751e8b465ee728b)
Start importing Assets/Tiny Wonder Farm Free/tilemaps/farm bridges free_16.asset using Guid(28bbb82a10d98b548aa54b02be480b5c) Importer(815301076,1909f56bfc062723c751e8b465ee728b)  -> (artifact id: '6ace0fe656132064012c17c34ffe27d5') in 0.006116 seconds
Number of updated asset objects reloaded before import = 0
Number of asset objects unloaded after import = 3
========================================================================
Received Import Request.
  Time since last request: 0.000024 seconds.
  path: Assets/Tiny Wonder Farm Free/tilemaps/farm bridges free_22.asset
  artifactKey: Guid(41a6889f612371e489c5658b73885d9f) Importer(815301076,1909f56bfc062723c751e8b465ee728b)
Start importing Assets/Tiny Wonder Farm Free/tilemaps/farm bridges free_22.asset using Guid(41a6889f612371e489c5658b73885d9f) Importer(815301076,1909f56bfc062723c751e8b465ee728b)  -> (artifact id: 'a825391894e694977316604d5411a028') in 0.015924 seconds
Number of updated asset objects reloaded before import = 0
Number of asset objects unloaded after import = 3
========================================================================
Received Import Request.
  Time since last request: 0.000028 seconds.
  path: Assets/Tiny Wonder Farm Free/tilemaps/farm bridges free_21.asset
  artifactKey: Guid(e27e7699de27dd3408393da8af8e0495) Importer(815301076,1909f56bfc062723c751e8b465ee728b)
Start importing Assets/Tiny Wonder Farm Free/tilemaps/farm bridges free_21.asset using Guid(e27e7699de27dd3408393da8af8e0495) Importer(815301076,1909f56bfc062723c751e8b465ee728b)  -> (artifact id: '37c14b481ae2b780ae76b67ab1e17ea9') in 0.006146 seconds
Number of updated asset objects reloaded before import = 0
Number of asset objects unloaded after import = 3
========================================================================
Received Import Request.
  Time since last request: 0.000046 seconds.
  path: Assets/Tiny Wonder Farm Free/tilemaps/farm bridges free_26.asset
  artifactKey: Guid(d1b1b776610b60c48ac29d81d64048f1) Importer(815301076,1909f56bfc062723c751e8b465ee728b)
Start importing Assets/Tiny Wonder Farm Free/tilemaps/farm bridges free_26.asset using Guid(d1b1b776610b60c48ac29d81d64048f1) Importer(815301076,1909f56bfc062723c751e8b465ee728b)  -> (artifact id: 'c176784ed5fd82d43b76b7294dd34bad') in 0.006062 seconds
Number of updated asset objects reloaded before import = 0
Number of asset objects unloaded after import = 3
========================================================================
Received Import Request.
  Time since last request: 0.000026 seconds.
  path: Assets/Tiny Wonder Farm Free/tilemaps/farm bridges free_18.asset
  artifactKey: Guid(ced461b3367fc2c40bf297dadb296353) Importer(815301076,1909f56bfc062723c751e8b465ee728b)
Start importing Assets/Tiny Wonder Farm Free/tilemaps/farm bridges free_18.asset using Guid(ced461b3367fc2c40bf297dadb296353) Importer(815301076,1909f56bfc062723c751e8b465ee728b)  -> (artifact id: '9b456938c7721b81cbdf98be2c87d8d2') in 0.006272 seconds
Number of updated asset objects reloaded before import = 0
Number of asset objects unloaded after import = 3
========================================================================
Received Import Request.
  Time since last request: 0.000027 seconds.
  path: Assets/Tiny Wonder Farm Free/tilemaps/farm bridges free_27.asset
  artifactKey: Guid(1e797ac2031be494690897462e72d293) Importer(815301076,1909f56bfc062723c751e8b465ee728b)
Start importing Assets/Tiny Wonder Farm Free/tilemaps/farm bridges free_27.asset using Guid(1e797ac2031be494690897462e72d293) Importer(815301076,1909f56bfc062723c751e8b465ee728b)  -> (artifact id: 'a51349e54635585c42f8dabebbcbbc2a') in 0.019831 seconds
Number of updated asset objects reloaded before import = 0
Number of asset objects unloaded after import = 3
========================================================================
Received Import Request.
  Time since last request: 0.000040 seconds.
  path: Assets/Tiny Wonder Farm Free/tilemaps/farm bridges free_24.asset
  artifactKey: Guid(1e454b60b61360144b7253a70faff9d3) Importer(815301076,1909f56bfc062723c751e8b465ee728b)
Start importing Assets/Tiny Wonder Farm Free/tilemaps/farm bridges free_24.asset using Guid(1e454b60b61360144b7253a70faff9d3) Importer(815301076,1909f56bfc062723c751e8b465ee728b)  -> (artifact id: '2c45d2813b71a4059bd0294f18f3b819') in 0.017255 seconds
Number of updated asset objects reloaded before import = 0
Number of asset objects unloaded after import = 3
========================================================================
Received Import Request.
  Time since last request: 0.089620 seconds.
  path: Assets/Tiny Wonder Farm Free/tilemaps/farm bridges free.asset
  artifactKey: Guid(21d28f643cbbfc040befa38c9a0ce400) Importer(815301076,1909f56bfc062723c751e8b465ee728b)
Start importing Assets/Tiny Wonder Farm Free/tilemaps/farm bridges free.asset using Guid(21d28f643cbbfc040befa38c9a0ce400) Importer(815301076,1909f56bfc062723c751e8b465ee728b)  -> (artifact id: '912e0a6f6e184c0d7644643e0872c7c0') in 0.002940 seconds
Number of updated asset objects reloaded before import = 0
Number of asset objects unloaded after import = 1
========================================================================
Received Import Request.
  Time since last request: 0.000014 seconds.
  path: Assets/Tiny Wonder Farm Free/tilemaps/farm bridges free.png
  artifactKey: Guid(f3abcb911e96413459cb5fee6f0c74d7) Importer(815301076,1909f56bfc062723c751e8b465ee728b)
Start importing Assets/Tiny Wonder Farm Free/tilemaps/farm bridges free.png using Guid(f3abcb911e96413459cb5fee6f0c74d7) Importer(815301076,1909f56bfc062723c751e8b465ee728b)  -> (artifact id: 'a19aaa18ee38b0993f68d13fd9054244') in 0.261906 seconds
Number of updated asset objects reloaded before import = 0
Number of asset objects unloaded after import = 96
========================================================================
Received Import Request.
  Time since last request: 0.000044 seconds.
  path: Assets/Tiny Wonder Farm Free/tilemaps/farm bridges free_2.asset
  artifactKey: Guid(416b19ee8d032a74988f72c83b2b08ac) Importer(815301076,1909f56bfc062723c751e8b465ee728b)
Start importing Assets/Tiny Wonder Farm Free/tilemaps/farm bridges free_2.asset using Guid(416b19ee8d032a74988f72c83b2b08ac) Importer(815301076,1909f56bfc062723c751e8b465ee728b)  -> (artifact id: '7210dbabb46d338473d675e8d773cdeb') in 0.014172 seconds
Number of updated asset objects reloaded before import = 0
Number of asset objects unloaded after import = 3
========================================================================
Received Import Request.
  Time since last request: 13.039834 seconds.
  path: Assets/Tilemaps/spring farm tilemap_2.asset
  artifactKey: Guid(2e495e4e44186b3428a7fc9531e241e7) Importer(815301076,1909f56bfc062723c751e8b465ee728b)
Start importing Assets/Tilemaps/spring farm tilemap_2.asset using Guid(2e495e4e44186b3428a7fc9531e241e7) Importer(815301076,1909f56bfc062723c751e8b465ee728b)  -> (artifact id: '0b78460dc85d4029c9c3f68859d42c14') in 0.015898 seconds
Number of updated asset objects reloaded before import = 0
Number of asset objects unloaded after import = 3
========================================================================
Received Import Request.
  Time since last request: 0.000037 seconds.
  path: Assets/Tilemaps/spring farm tilemap_3.asset
  artifactKey: Guid(7c59cc26c1d04c14ab2c072eaad4f771) Importer(815301076,1909f56bfc062723c751e8b465ee728b)
Start importing Assets/Tilemaps/spring farm tilemap_3.asset using Guid(7c59cc26c1d04c14ab2c072eaad4f771) Importer(815301076,1909f56bfc062723c751e8b465ee728b)  -> (artifact id: '05594f59062e60451b1a0985750a3c89') in 0.015514 seconds
Number of updated asset objects reloaded before import = 0
Number of asset objects unloaded after import = 3
========================================================================
Received Import Request.
  Time since last request: 0.000022 seconds.
  path: Assets/Tilemaps/spring farm tilemap_19.asset
  artifactKey: Guid(809ea060fceb5c440816aca5abb8feea) Importer(815301076,1909f56bfc062723c751e8b465ee728b)
Start importing Assets/Tilemaps/spring farm tilemap_19.asset using Guid(809ea060fceb5c440816aca5abb8feea) Importer(815301076,1909f56bfc062723c751e8b465ee728b)  -> (artifact id: '5d8b81188153665c1767d5a3bd625433') in 0.014562 seconds
Number of updated asset objects reloaded before import = 0
Number of asset objects unloaded after import = 3
========================================================================
Received Import Request.
  Time since last request: 0.000018 seconds.
  path: Assets/Tilemaps/spring farm tilemap_21.asset
  artifactKey: Guid(707f3115e248def4f9d3c3b53c67df05) Importer(815301076,1909f56bfc062723c751e8b465ee728b)
Start importing Assets/Tilemaps/spring farm tilemap_21.asset using Guid(707f3115e248def4f9d3c3b53c67df05) Importer(815301076,1909f56bfc062723c751e8b465ee728b)  -> (artifact id: 'f8c67abe59e0257bbb21ab87d4a1d0bf') in 0.016920 seconds
Number of updated asset objects reloaded before import = 0
Number of asset objects unloaded after import = 3
========================================================================
Received Import Request.
  Time since last request: 0.000017 seconds.
  path: Assets/Tilemaps/spring farm tilemap_24.asset
  artifactKey: Guid(3b768bd503baf16479c4ba160fcee1d1) Importer(815301076,1909f56bfc062723c751e8b465ee728b)
Start importing Assets/Tilemaps/spring farm tilemap_24.asset using Guid(3b768bd503baf16479c4ba160fcee1d1) Importer(815301076,1909f56bfc062723c751e8b465ee728b)  -> (artifact id: 'ea0befa82e20e4f100079b8b8a25fb6e') in 0.018068 seconds
Number of updated asset objects reloaded before import = 0
Number of asset objects unloaded after import = 3
========================================================================
Received Import Request.
  Time since last request: 0.000017 seconds.
  path: Assets/Tilemaps/spring farm tilemap_28.asset
  artifactKey: Guid(bdb2cf5d63e6aa74987198180de97303) Importer(815301076,1909f56bfc062723c751e8b465ee728b)
Start importing Assets/Tilemaps/spring farm tilemap_28.asset using Guid(bdb2cf5d63e6aa74987198180de97303) Importer(815301076,1909f56bfc062723c751e8b465ee728b)  -> (artifact id: '642d232c5987c27b4c404dca142d7115') in 0.014776 seconds
Number of updated asset objects reloaded before import = 0
Number of asset objects unloaded after import = 3
========================================================================
Received Import Request.
  Time since last request: 0.000027 seconds.
  path: Assets/Tilemaps/spring farm tilemap_7.asset
  artifactKey: Guid(5f2da7d4908042443bfc63f938625012) Importer(815301076,1909f56bfc062723c751e8b465ee728b)
Start importing Assets/Tilemaps/spring farm tilemap_7.asset using Guid(5f2da7d4908042443bfc63f938625012) Importer(815301076,1909f56bfc062723c751e8b465ee728b)  -> (artifact id: '31173845a764c89614f9958fe100810a') in 0.014942 seconds
Number of updated asset objects reloaded before import = 0
Number of asset objects unloaded after import = 3
========================================================================
Received Import Request.
  Time since last request: 0.000030 seconds.
  path: Assets/Tilemaps/spring farm tilemap_47.asset
  artifactKey: Guid(49baa133ee25f2844a4c0782511327a4) Importer(815301076,1909f56bfc062723c751e8b465ee728b)
Start importing Assets/Tilemaps/spring farm tilemap_47.asset using Guid(49baa133ee25f2844a4c0782511327a4) Importer(815301076,1909f56bfc062723c751e8b465ee728b)  -> (artifact id: 'a9e83c73e03b3fad41d37b25c7c40e32') in 0.013792 seconds
Number of updated asset objects reloaded before import = 0
Number of asset objects unloaded after import = 3
========================================================================
Received Import Request.
  Time since last request: 0.000015 seconds.
  path: Assets/Tilemaps/spring farm tilemap_25.asset
  artifactKey: Guid(9b5590cc58a5bc64dbb25c84f0b2deb3) Importer(815301076,1909f56bfc062723c751e8b465ee728b)
Start importing Assets/Tilemaps/spring farm tilemap_25.asset using Guid(9b5590cc58a5bc64dbb25c84f0b2deb3) Importer(815301076,1909f56bfc062723c751e8b465ee728b)  -> (artifact id: 'e6801a42aa4b75ac7cb42b4919ae90c6') in 0.015218 seconds
Number of updated asset objects reloaded before import = 0
Number of asset objects unloaded after import = 3
========================================================================
Received Import Request.
  Time since last request: 0.000021 seconds.
  path: Assets/Tilemaps/spring farm tilemap_8.asset
  artifactKey: Guid(47f0d1b8d1a1f9c47a838e9d50e9f86d) Importer(815301076,1909f56bfc062723c751e8b465ee728b)
Start importing Assets/Tilemaps/spring farm tilemap_8.asset using Guid(47f0d1b8d1a1f9c47a838e9d50e9f86d) Importer(815301076,1909f56bfc062723c751e8b465ee728b)  -> (artifact id: '42520a8d2754a68746aabcfd2e6c02c6') in 0.014551 seconds
Number of updated asset objects reloaded before import = 0
Number of asset objects unloaded after import = 3
========================================================================
Received Import Request.
  Time since last request: 0.000016 seconds.
  path: Assets/Tilemaps/spring farm tilemap_46.asset
  artifactKey: Guid(7b3743370c0d0ac4ca0f473d6b3c7e0d) Importer(815301076,1909f56bfc062723c751e8b465ee728b)
Start importing Assets/Tilemaps/spring farm tilemap_46.asset using Guid(7b3743370c0d0ac4ca0f473d6b3c7e0d) Importer(815301076,1909f56bfc062723c751e8b465ee728b)  -> (artifact id: '4091df1f68dea4dfc477ece48b4b5617') in 0.016494 seconds
Number of updated asset objects reloaded before import = 0
Number of asset objects unloaded after import = 3
========================================================================
Received Import Request.
  Time since last request: 0.000023 seconds.
  path: Assets/Tilemaps/spring farm tilemap_53.asset
  artifactKey: Guid(f7c12c405eb1697498c54ea314aef8a0) Importer(815301076,1909f56bfc062723c751e8b465ee728b)
Start importing Assets/Tilemaps/spring farm tilemap_53.asset using Guid(f7c12c405eb1697498c54ea314aef8a0) Importer(815301076,1909f56bfc062723c751e8b465ee728b)  -> (artifact id: '561b54cb54ca6d118f28de4d745154e5') in 0.012918 seconds
Number of updated asset objects reloaded before import = 0
Number of asset objects unloaded after import = 3
========================================================================
Received Import Request.
  Time since last request: 0.000024 seconds.
  path: Assets/Tilemaps/spring farm tilemap_73.asset
  artifactKey: Guid(65a228ff8eca42945a2cefb6391ca479) Importer(815301076,1909f56bfc062723c751e8b465ee728b)
Start importing Assets/Tilemaps/spring farm tilemap_73.asset using Guid(65a228ff8eca42945a2cefb6391ca479) Importer(815301076,1909f56bfc062723c751e8b465ee728b)  -> (artifact id: 'c2539b282c3b22f6f53f45872fa18274') in 0.014518 seconds
Number of updated asset objects reloaded before import = 0
Number of asset objects unloaded after import = 3
========================================================================
Received Import Request.
  Time since last request: 0.000030 seconds.
  path: Assets/Tilemaps/spring farm tilemap_41.asset
  artifactKey: Guid(6c33e47548d8218498037ed087fb5594) Importer(815301076,1909f56bfc062723c751e8b465ee728b)
Start importing Assets/Tilemaps/spring farm tilemap_41.asset using Guid(6c33e47548d8218498037ed087fb5594) Importer(815301076,1909f56bfc062723c751e8b465ee728b)  -> (artifact id: 'dc38b4832f5197e4ff651ab701b5ea17') in 0.016807 seconds
Number of updated asset objects reloaded before import = 0
Number of asset objects unloaded after import = 3
========================================================================
Received Import Request.
  Time since last request: 0.000039 seconds.
  path: Assets/Tilemaps/spring farm tilemap_45.asset
  artifactKey: Guid(0364d1525aafbc7459f34df89eeff556) Importer(815301076,1909f56bfc062723c751e8b465ee728b)
Start importing Assets/Tilemaps/spring farm tilemap_45.asset using Guid(0364d1525aafbc7459f34df89eeff556) Importer(815301076,1909f56bfc062723c751e8b465ee728b)  -> (artifact id: '7a01a7c545fc7c7378fb6c01db88e4f2') in 0.018377 seconds
Number of updated asset objects reloaded before import = 0
Number of asset objects unloaded after import = 3
========================================================================
Received Import Request.
  Time since last request: 0.000035 seconds.
  path: Assets/Tilemaps/spring farm tilemap_62.asset
  artifactKey: Guid(63431bd4823b0624ca9c1dd6cc00ab10) Importer(815301076,1909f56bfc062723c751e8b465ee728b)
Start importing Assets/Tilemaps/spring farm tilemap_62.asset using Guid(63431bd4823b0624ca9c1dd6cc00ab10) Importer(815301076,1909f56bfc062723c751e8b465ee728b)  -> (artifact id: '8e8793744052471bd9bda292306f40d5') in 0.016168 seconds
Number of updated asset objects reloaded before import = 0
Number of asset objects unloaded after import = 3
========================================================================
Received Import Request.
  Time since last request: 0.000021 seconds.
  path: Assets/Tilemaps/spring farm tilemap_59.asset
  artifactKey: Guid(5b116874cada96d4fb3cc765b57ad14f) Importer(815301076,1909f56bfc062723c751e8b465ee728b)
Start importing Assets/Tilemaps/spring farm tilemap_59.asset using Guid(5b116874cada96d4fb3cc765b57ad14f) Importer(815301076,1909f56bfc062723c751e8b465ee728b)  -> (artifact id: 'aa571a6e527693e6265ba7e224b88a5b') in 0.017897 seconds
Number of updated asset objects reloaded before import = 0
Number of asset objects unloaded after import = 3
========================================================================
Received Import Request.
  Time since last request: 0.000018 seconds.
  path: Assets/Tilemaps/spring farm tilemap_72.asset
  artifactKey: Guid(49da301f733c6fe4dbc84377fe8523aa) Importer(815301076,1909f56bfc062723c751e8b465ee728b)
Start importing Assets/Tilemaps/spring farm tilemap_72.asset using Guid(49da301f733c6fe4dbc84377fe8523aa) Importer(815301076,1909f56bfc062723c751e8b465ee728b)  -> (artifact id: 'd68e33f995703e8070045388092b8f61') in 0.016348 seconds
Number of updated asset objects reloaded before import = 0
Number of asset objects unloaded after import = 3
========================================================================
Received Import Request.
  Time since last request: 0.000016 seconds.
  path: Assets/Tilemaps/spring farm tilemap_64.asset
  artifactKey: Guid(26ae08208944010499cf5ae822dd9c19) Importer(815301076,1909f56bfc062723c751e8b465ee728b)
Start importing Assets/Tilemaps/spring farm tilemap_64.asset using Guid(26ae08208944010499cf5ae822dd9c19) Importer(815301076,1909f56bfc062723c751e8b465ee728b)  -> (artifact id: 'a23c20d52cae9567774d869346dd2ce8') in 0.021126 seconds
Number of updated asset objects reloaded before import = 0
Number of asset objects unloaded after import = 3
========================================================================
Received Import Request.
  Time since last request: 0.000017 seconds.
  path: Assets/Tilemaps/spring farm tilemap_57.asset
  artifactKey: Guid(42cc9cea703a2ee47addead4d29d8f66) Importer(815301076,1909f56bfc062723c751e8b465ee728b)
Start importing Assets/Tilemaps/spring farm tilemap_57.asset using Guid(42cc9cea703a2ee47addead4d29d8f66) Importer(815301076,1909f56bfc062723c751e8b465ee728b)  -> (artifact id: 'cf13e4fd65440c9185994ceb2380e124') in 0.014575 seconds
Number of updated asset objects reloaded before import = 0
Number of asset objects unloaded after import = 3
========================================================================
Received Import Request.
  Time since last request: 0.000029 seconds.
  path: Assets/Tilemaps/spring farm tilemap_33.asset
  artifactKey: Guid(63e30f434025d974997b5cd48f260c5c) Importer(815301076,1909f56bfc062723c751e8b465ee728b)
Start importing Assets/Tilemaps/spring farm tilemap_33.asset using Guid(63e30f434025d974997b5cd48f260c5c) Importer(815301076,1909f56bfc062723c751e8b465ee728b)  -> (artifact id: '0e0116f4bef2f94246fadfcc0857ad94') in 0.022579 seconds
Number of updated asset objects reloaded before import = 0
Number of asset objects unloaded after import = 3
========================================================================
Received Import Request.
  Time since last request: 0.000032 seconds.
  path: Assets/Tilemaps/spring farm tilemap_39.asset
  artifactKey: Guid(3f499630fa94fe445bfd3ff8fbf203c9) Importer(815301076,1909f56bfc062723c751e8b465ee728b)
Start importing Assets/Tilemaps/spring farm tilemap_39.asset using Guid(3f499630fa94fe445bfd3ff8fbf203c9) Importer(815301076,1909f56bfc062723c751e8b465ee728b)  -> (artifact id: 'dfe2feab6d50d4f367b7afe09fb32afc') in 0.015282 seconds
Number of updated asset objects reloaded before import = 0
Number of asset objects unloaded after import = 3
========================================================================
Received Import Request.
  Time since last request: 0.000018 seconds.
  path: Assets/Tilemaps/spring farm tilemap_70.asset
  artifactKey: Guid(fbec88b4be3881748888cf5ef05de227) Importer(815301076,1909f56bfc062723c751e8b465ee728b)
Start importing Assets/Tilemaps/spring farm tilemap_70.asset using Guid(fbec88b4be3881748888cf5ef05de227) Importer(815301076,1909f56bfc062723c751e8b465ee728b)  -> (artifact id: '78fd18b9d6d96079106270a11ce9ef5f') in 0.018318 seconds
Number of updated asset objects reloaded before import = 0
Number of asset objects unloaded after import = 3
========================================================================
Received Import Request.
  Time since last request: 0.000021 seconds.
  path: Assets/Tilemaps/spring farm tilemap_69.asset
  artifactKey: Guid(f9dd738aa53b3324aa5a1997d628d72f) Importer(815301076,1909f56bfc062723c751e8b465ee728b)
Start importing Assets/Tilemaps/spring farm tilemap_69.asset using Guid(f9dd738aa53b3324aa5a1997d628d72f) Importer(815301076,1909f56bfc062723c751e8b465ee728b)  -> (artifact id: '82a8e8172bf1cded068c83aea3ae611f') in 0.015877 seconds
Number of updated asset objects reloaded before import = 0
Number of asset objects unloaded after import = 3
========================================================================
Received Import Request.
  Time since last request: 0.000017 seconds.
  path: Assets/Tilemaps/spring farm tilemap_60.asset
  artifactKey: Guid(d845c5647b9f6e54d8117e0903304c26) Importer(815301076,1909f56bfc062723c751e8b465ee728b)
Start importing Assets/Tilemaps/spring farm tilemap_60.asset using Guid(d845c5647b9f6e54d8117e0903304c26) Importer(815301076,1909f56bfc062723c751e8b465ee728b)  -> (artifact id: 'dd5c5a026e861f9a6a4771f3f07944c4') in 0.015233 seconds
Number of updated asset objects reloaded before import = 0
Number of asset objects unloaded after import = 3
========================================================================
Received Import Request.
  Time since last request: 0.000021 seconds.
  path: Assets/Tilemaps/spring farm tilemap_35.asset
  artifactKey: Guid(efc0d73fbcf97d94ea0dadd5f5291346) Importer(815301076,1909f56bfc062723c751e8b465ee728b)
Start importing Assets/Tilemaps/spring farm tilemap_35.asset using Guid(efc0d73fbcf97d94ea0dadd5f5291346) Importer(815301076,1909f56bfc062723c751e8b465ee728b)  -> (artifact id: '98ae5c8a229ae2d809ea4de6edde7ab6') in 0.015593 seconds
Number of updated asset objects reloaded before import = 0
Number of asset objects unloaded after import = 3
========================================================================
Received Import Request.
  Time since last request: 0.000035 seconds.
  path: Assets/Tilemaps/spring farm tilemap_63.asset
  artifactKey: Guid(669c281ac01bdd44cbe689d9ac51277e) Importer(815301076,1909f56bfc062723c751e8b465ee728b)
Start importing Assets/Tilemaps/spring farm tilemap_63.asset using Guid(669c281ac01bdd44cbe689d9ac51277e) Importer(815301076,1909f56bfc062723c751e8b465ee728b)  -> (artifact id: '32ad933cd5f1d14196ee4c6659a9db12') in 0.018204 seconds
Number of updated asset objects reloaded before import = 0
Number of asset objects unloaded after import = 3
========================================================================
Received Import Request.
  Time since last request: 0.000025 seconds.
  path: Assets/Tilemaps/spring farm tilemap_17.asset
  artifactKey: Guid(b56fbeb292c4b7240b02a2ff82255e33) Importer(815301076,1909f56bfc062723c751e8b465ee728b)
Start importing Assets/Tilemaps/spring farm tilemap_17.asset using Guid(b56fbeb292c4b7240b02a2ff82255e33) Importer(815301076,1909f56bfc062723c751e8b465ee728b)  -> (artifact id: '2fcaad8b2f47b280733d3fa0734cf807') in 0.014380 seconds
Number of updated asset objects reloaded before import = 0
Number of asset objects unloaded after import = 3
========================================================================
Received Import Request.
  Time since last request: 0.815145 seconds.
  path: Assets/Tilemaps/spring farm tilemap_82.asset
  artifactKey: Guid(4f6d49c5e0cb0d740a0c61e5792d8633) Importer(815301076,1909f56bfc062723c751e8b465ee728b)
Start importing Assets/Tilemaps/spring farm tilemap_82.asset using Guid(4f6d49c5e0cb0d740a0c61e5792d8633) Importer(815301076,1909f56bfc062723c751e8b465ee728b)  -> (artifact id: '773927e985ccdf519c4b634b16ebd7c6') in 0.016091 seconds
Number of updated asset objects reloaded before import = 0
Number of asset objects unloaded after import = 3
========================================================================
Received Import Request.
  Time since last request: 0.000025 seconds.
  path: Assets/Tilemaps/spring farm tilemap_85.asset
  artifactKey: Guid(62344793b28ab7f44bb9aaa7ce7b6972) Importer(815301076,1909f56bfc062723c751e8b465ee728b)
Start importing Assets/Tilemaps/spring farm tilemap_85.asset using Guid(62344793b28ab7f44bb9aaa7ce7b6972) Importer(815301076,1909f56bfc062723c751e8b465ee728b)  -> (artifact id: '4b828d0f18946d53cb7983317b56ef00') in 0.018323 seconds
Number of updated asset objects reloaded before import = 0
Number of asset objects unloaded after import = 3
========================================================================
Received Import Request.
  Time since last request: 0.002568 seconds.
  path: Assets/Tilemaps/spring farm tilemap_88.asset
  artifactKey: Guid(8e08d7698c5aa5640a9d02389d397c81) Importer(815301076,1909f56bfc062723c751e8b465ee728b)
Start importing Assets/Tilemaps/spring farm tilemap_88.asset using Guid(8e08d7698c5aa5640a9d02389d397c81) Importer(815301076,1909f56bfc062723c751e8b465ee728b)  -> (artifact id: '1926a76fb9df5519b6715daa5350631f') in 0.016838 seconds
Number of updated asset objects reloaded before import = 0
Number of asset objects unloaded after import = 3
========================================================================
Received Import Request.
  Time since last request: 0.002437 seconds.
  path: Assets/Tilemaps/spring farm tilemap_91.asset
  artifactKey: Guid(bb5ace02ae48080439ceba07c2932387) Importer(815301076,1909f56bfc062723c751e8b465ee728b)
Start importing Assets/Tilemaps/spring farm tilemap_91.asset using Guid(bb5ace02ae48080439ceba07c2932387) Importer(815301076,1909f56bfc062723c751e8b465ee728b)  -> (artifact id: 'd838a128bc71ced76f3ca5a6b0efda5a') in 0.016692 seconds
Number of updated asset objects reloaded before import = 0
Number of asset objects unloaded after import = 3
========================================================================
Received Import Request.
  Time since last request: 0.001568 seconds.
  path: Assets/Tilemaps/spring farm tilemap_94.asset
  artifactKey: Guid(202528dbb6defe74995176045eea359d) Importer(815301076,1909f56bfc062723c751e8b465ee728b)
Start importing Assets/Tilemaps/spring farm tilemap_94.asset using Guid(202528dbb6defe74995176045eea359d) Importer(815301076,1909f56bfc062723c751e8b465ee728b)  -> (artifact id: 'e4562870dcea986c9926cc0cf87060ff') in 0.016684 seconds
Number of updated asset objects reloaded before import = 0
Number of asset objects unloaded after import = 3
========================================================================
Received Import Request.
  Time since last request: 0.100591 seconds.
  path: Assets/Tilemaps/spring farm tilemap_98.asset
  artifactKey: Guid(02dd705208b21de4e8fe4289322b9975) Importer(815301076,1909f56bfc062723c751e8b465ee728b)
Start importing Assets/Tilemaps/spring farm tilemap_98.asset using Guid(02dd705208b21de4e8fe4289322b9975) Importer(815301076,1909f56bfc062723c751e8b465ee728b)  -> (artifact id: '352d004f06b8fcab60dbe79d6eb0a6b6') in 0.013188 seconds
Number of updated asset objects reloaded before import = 0
Number of asset objects unloaded after import = 3
========================================================================
Received Import Request.
  Time since last request: 0.000023 seconds.
  path: Assets/Tilemaps/spring farm tilemap_100.asset
  artifactKey: Guid(93cb82f26e3e3c446b42d5f35f18a747) Importer(815301076,1909f56bfc062723c751e8b465ee728b)
Start importing Assets/Tilemaps/spring farm tilemap_100.asset using Guid(93cb82f26e3e3c446b42d5f35f18a747) Importer(815301076,1909f56bfc062723c751e8b465ee728b)  -> (artifact id: '219ce91c67c4d79095bc9882a709c0ff') in 0.016344 seconds
Number of updated asset objects reloaded before import = 0
Number of asset objects unloaded after import = 3
========================================================================
Received Import Request.
  Time since last request: 0.001238 seconds.
  path: Assets/Tilemaps/spring farm tilemap_103.asset
  artifactKey: Guid(01a4dc384a6e8ef4eb57dfe87a14a0aa) Importer(815301076,1909f56bfc062723c751e8b465ee728b)
Start importing Assets/Tilemaps/spring farm tilemap_103.asset using Guid(01a4dc384a6e8ef4eb57dfe87a14a0aa) Importer(815301076,1909f56bfc062723c751e8b465ee728b)  -> (artifact id: '6bba2a57a41eab645312d229a5609280') in 0.013768 seconds
Number of updated asset objects reloaded before import = 0
Number of asset objects unloaded after import = 3
========================================================================
Received Import Request.
  Time since last request: 0.005333 seconds.
  path: Assets/Tilemaps/spring farm tilemap_106.asset
  artifactKey: Guid(b7b4329dc4f67ad40a7ea7cf7b905672) Importer(815301076,1909f56bfc062723c751e8b465ee728b)
Start importing Assets/Tilemaps/spring farm tilemap_106.asset using Guid(b7b4329dc4f67ad40a7ea7cf7b905672) Importer(815301076,1909f56bfc062723c751e8b465ee728b)  -> (artifact id: '31b0098afafbd9314bc46321d9d7fc58') in 0.014839 seconds
Number of updated asset objects reloaded before import = 0
Number of asset objects unloaded after import = 3
========================================================================
Received Import Request.
  Time since last request: 0.004545 seconds.
  path: Assets/Tilemaps/spring farm tilemap_109.asset
  artifactKey: Guid(06f9fff03e78c1f4a8598ad166d86dcb) Importer(815301076,1909f56bfc062723c751e8b465ee728b)
Start importing Assets/Tilemaps/spring farm tilemap_109.asset using Guid(06f9fff03e78c1f4a8598ad166d86dcb) Importer(815301076,1909f56bfc062723c751e8b465ee728b)  -> (artifact id: '9658217580cad07a7a8f3eac869cac8c') in 0.015637 seconds
Number of updated asset objects reloaded before import = 0
Number of asset objects unloaded after import = 3
========================================================================
Received Import Request.
  Time since last request: 0.022339 seconds.
  path: Assets/Tilemaps/spring farm tilemap_114.asset
  artifactKey: Guid(e817db40965f6f94f8ef79ccf23de704) Importer(815301076,1909f56bfc062723c751e8b465ee728b)
Start importing Assets/Tilemaps/spring farm tilemap_114.asset using Guid(e817db40965f6f94f8ef79ccf23de704) Importer(815301076,1909f56bfc062723c751e8b465ee728b)  -> (artifact id: '149b5421a33e99b48a1c3db4df8f6c8d') in 0.013677 seconds
Number of updated asset objects reloaded before import = 0
Number of asset objects unloaded after import = 3
========================================================================
Received Import Request.
  Time since last request: 0.000020 seconds.
  path: Assets/Tilemaps/spring farm tilemap_115.asset
  artifactKey: Guid(76ea2917a8aa36c4583db2a45b7490d4) Importer(815301076,1909f56bfc062723c751e8b465ee728b)
Start importing Assets/Tilemaps/spring farm tilemap_115.asset using Guid(76ea2917a8aa36c4583db2a45b7490d4) Importer(815301076,1909f56bfc062723c751e8b465ee728b)  -> (artifact id: 'bb03c53ee9c564a0c351c5753ab4b6db') in 0.014737 seconds
Number of updated asset objects reloaded before import = 0
Number of asset objects unloaded after import = 3
========================================================================
Received Import Request.
  Time since last request: 0.000016 seconds.
  path: Assets/Tilemaps/spring farm tilemap_118.asset
  artifactKey: Guid(0cb11c9edb5706944b1b272389732280) Importer(815301076,1909f56bfc062723c751e8b465ee728b)
Start importing Assets/Tilemaps/spring farm tilemap_118.asset using Guid(0cb11c9edb5706944b1b272389732280) Importer(815301076,1909f56bfc062723c751e8b465ee728b)  -> (artifact id: '7326bba7b4f74318d110b24e4fd94a46') in 0.014948 seconds
Number of updated asset objects reloaded before import = 0
Number of asset objects unloaded after import = 3
========================================================================
Received Import Request.
  Time since last request: 0.000033 seconds.
  path: Assets/Tilemaps/spring farm tilemap_121.asset
  artifactKey: Guid(0b5b239a38de3fc49aab19756fac0ced) Importer(815301076,1909f56bfc062723c751e8b465ee728b)
Start importing Assets/Tilemaps/spring farm tilemap_121.asset using Guid(0b5b239a38de3fc49aab19756fac0ced) Importer(815301076,1909f56bfc062723c751e8b465ee728b)  -> (artifact id: 'b714b8438b10f2025eef80094796773a') in 0.015237 seconds
Number of updated asset objects reloaded before import = 0
Number of asset objects unloaded after import = 3
========================================================================
Received Import Request.
  Time since last request: 0.000018 seconds.
  path: Assets/Tilemaps/spring farm tilemap_127.asset
  artifactKey: Guid(4ab5741cffe05df4da9138f7ef25aa10) Importer(815301076,1909f56bfc062723c751e8b465ee728b)
Start importing Assets/Tilemaps/spring farm tilemap_127.asset using Guid(4ab5741cffe05df4da9138f7ef25aa10) Importer(815301076,1909f56bfc062723c751e8b465ee728b)  -> (artifact id: '9d7b52536171c403b6b43c1672387d53') in 0.013980 seconds
Number of updated asset objects reloaded before import = 0
Number of asset objects unloaded after import = 3
========================================================================
Received Import Request.
  Time since last request: 0.060125 seconds.
  path: Assets/Tilemaps/spring farm tilemap_130.asset
  artifactKey: Guid(85b6472792edde743a772992eebe8dae) Importer(815301076,1909f56bfc062723c751e8b465ee728b)
Start importing Assets/Tilemaps/spring farm tilemap_130.asset using Guid(85b6472792edde743a772992eebe8dae) Importer(815301076,1909f56bfc062723c751e8b465ee728b)  -> (artifact id: '81404b478ef05438bc03849ac036a763') in 0.012803 seconds
Number of updated asset objects reloaded before import = 0
Number of asset objects unloaded after import = 3
========================================================================
Received Import Request.
  Time since last request: 0.000047 seconds.
  path: Assets/Tilemaps/spring farm tilemap_132.asset
  artifactKey: Guid(9fe0eec8e340d8345970b9fd2a92328c) Importer(815301076,1909f56bfc062723c751e8b465ee728b)
Start importing Assets/Tilemaps/spring farm tilemap_132.asset using Guid(9fe0eec8e340d8345970b9fd2a92328c) Importer(815301076,1909f56bfc062723c751e8b465ee728b)  -> (artifact id: '724c23da2bf0e71e24e4e08cb9d286a2') in 0.014718 seconds
Number of updated asset objects reloaded before import = 0
Number of asset objects unloaded after import = 3
========================================================================
Received Import Request.
  Time since last request: 0.000015 seconds.
  path: Assets/Tilemaps/spring farm tilemap_136.asset
  artifactKey: Guid(19a44b66c072239469bf269a05a896f2) Importer(815301076,1909f56bfc062723c751e8b465ee728b)
Start importing Assets/Tilemaps/spring farm tilemap_136.asset using Guid(19a44b66c072239469bf269a05a896f2) Importer(815301076,1909f56bfc062723c751e8b465ee728b)  -> (artifact id: 'c43943a0504adfe9782cbe7aab7a300e') in 0.014618 seconds
Number of updated asset objects reloaded before import = 0
Number of asset objects unloaded after import = 3
========================================================================
Received Import Request.
  Time since last request: 0.000017 seconds.
  path: Assets/Tilemaps/spring farm tilemap_131.asset
  artifactKey: Guid(2b889f88e8c61604a96a8004f5aae237) Importer(815301076,1909f56bfc062723c751e8b465ee728b)
Start importing Assets/Tilemaps/spring farm tilemap_131.asset using Guid(2b889f88e8c61604a96a8004f5aae237) Importer(815301076,1909f56bfc062723c751e8b465ee728b)  -> (artifact id: 'b45545408b4808ec68f2be5501e1ac28') in 0.014901 seconds
Number of updated asset objects reloaded before import = 0
Number of asset objects unloaded after import = 3
========================================================================
Received Import Request.
  Time since last request: 0.000019 seconds.
  path: Assets/Tilemaps/spring farm tilemap_140.asset
  artifactKey: Guid(43fcb4e13b9504e44b4bdcd5932c9620) Importer(815301076,1909f56bfc062723c751e8b465ee728b)
Start importing Assets/Tilemaps/spring farm tilemap_140.asset using Guid(43fcb4e13b9504e44b4bdcd5932c9620) Importer(815301076,1909f56bfc062723c751e8b465ee728b)  -> (artifact id: '399836a6594c9e17ab334ce12ddd919c') in 0.014444 seconds
Number of updated asset objects reloaded before import = 0
Number of asset objects unloaded after import = 3
========================================================================
Received Import Request.
  Time since last request: 0.000031 seconds.
  path: Assets/Tilemaps/spring farm tilemap_143.asset
  artifactKey: Guid(c510a3370603183469d9c6b98665dbe0) Importer(815301076,1909f56bfc062723c751e8b465ee728b)
Start importing Assets/Tilemaps/spring farm tilemap_143.asset using Guid(c510a3370603183469d9c6b98665dbe0) Importer(815301076,1909f56bfc062723c751e8b465ee728b)  -> (artifact id: '175f15103ad4d185de8515144a56fc3f') in 0.013007 seconds
Number of updated asset objects reloaded before import = 0
Number of asset objects unloaded after import = 3
========================================================================
Received Import Request.
  Time since last request: 0.244221 seconds.
  path: Assets/Tilemaps/spring farm tilemap_146.asset
  artifactKey: Guid(07544cae789476d4e85b57f697867492) Importer(815301076,1909f56bfc062723c751e8b465ee728b)
Start importing Assets/Tilemaps/spring farm tilemap_146.asset using Guid(07544cae789476d4e85b57f697867492) Importer(815301076,1909f56bfc062723c751e8b465ee728b)  -> (artifact id: '8598392c99f3b7ee88b5dfc80e185b56') in 0.016945 seconds
Number of updated asset objects reloaded before import = 0
Number of asset objects unloaded after import = 3
========================================================================
Received Import Request.
  Time since last request: 0.000018 seconds.
  path: Assets/Tilemaps/spring farm tilemap_150.asset
  artifactKey: Guid(c9c29cbab69abd34a92b94abb3b26f9e) Importer(815301076,1909f56bfc062723c751e8b465ee728b)
Start importing Assets/Tilemaps/spring farm tilemap_150.asset using Guid(c9c29cbab69abd34a92b94abb3b26f9e) Importer(815301076,1909f56bfc062723c751e8b465ee728b)  -> (artifact id: '09f771be20107739da8f3f87c3c97a0c') in 0.016831 seconds
Number of updated asset objects reloaded before import = 0
Number of asset objects unloaded after import = 3
========================================================================
Received Import Request.
  Time since last request: 0.000024 seconds.
  path: Assets/Tilemaps/spring farm tilemap_152.asset
  artifactKey: Guid(1c604e09051686f449274dd102bfef24) Importer(815301076,1909f56bfc062723c751e8b465ee728b)
Start importing Assets/Tilemaps/spring farm tilemap_152.asset using Guid(1c604e09051686f449274dd102bfef24) Importer(815301076,1909f56bfc062723c751e8b465ee728b)  -> (artifact id: '3119bcd5ce040014c869c3e69dc1981d') in 0.018208 seconds
Number of updated asset objects reloaded before import = 0
Number of asset objects unloaded after import = 3
========================================================================
Received Import Request.
  Time since last request: 0.000019 seconds.
  path: Assets/Tilemaps/spring farm tilemap_154.asset
  artifactKey: Guid(cbabb3e3a2a10be4cbbe788f9ea5ec11) Importer(815301076,1909f56bfc062723c751e8b465ee728b)
Start importing Assets/Tilemaps/spring farm tilemap_154.asset using Guid(cbabb3e3a2a10be4cbbe788f9ea5ec11) Importer(815301076,1909f56bfc062723c751e8b465ee728b)  -> (artifact id: '73bd42751eb054564960ae308bcb2d7d') in 0.012998 seconds
Number of updated asset objects reloaded before import = 0
Number of asset objects unloaded after import = 3
